[0.822s] Invoking command in '/home/eloisezeng/ros2_ws/build/my_launch': DEBUGINFOD_URLS=https://debuginfod.ubuntu.com PS1=(ros312) \[\e]0;\u@\h: \w\a\]${debian_chroot:+($debian_chroot)}\[\033[01;32m\]\u@\h\[\033[00m\]:\[\033[01;34m\]\w\[\033[00m\]\$ PYTHONPATH=/home/eloisezeng/ros2_ws/build/my_launch/prefix_override:/usr/lib/python3/dist-packages/colcon_core/task/python/colcon_distutils_commands:/home/eloisezeng/ros2_ws/install/my_launch/lib/python3.12/site-packages:${PYTHONPATH} VIRTUAL_ENV_PROMPT=(ros312) /usr/bin/python3 -W ignore:setup.py install is deprecated -W ignore:easy_install command is deprecated setup.py develop --editable --build-directory /home/eloisezeng/ros2_ws/build/my_launch/build --no-deps symlink_data
[1.081s] running develop
[1.246s] running egg_info
[1.261s] writing my_launch.egg-info/PKG-INFO
[1.261s] writing dependency_links to my_launch.egg-info/dependency_links.txt
[1.262s] writing entry points to my_launch.egg-info/entry_points.txt
[1.262s] writing requirements to my_launch.egg-info/requires.txt
[1.262s] writing top-level names to my_launch.egg-info/top_level.txt
[1.293s] reading manifest file 'my_launch.egg-info/SOURCES.txt'
[1.294s] writing manifest file 'my_launch.egg-info/SOURCES.txt'
[1.310s] running build_ext
[1.310s] Creating /home/eloisezeng/ros2_ws/install/my_launch/lib/python3.12/site-packages/my-launch.egg-link (link to .)
[1.311s] Installing heightfield_subscriber script to /home/eloisezeng/ros2_ws/install/my_launch/lib/my_launch
[1.311s] Installing live_subscriber script to /home/eloisezeng/ros2_ws/install/my_launch/lib/my_launch
[1.311s] Installing multi_cam_subscriber script to /home/eloisezeng/ros2_ws/install/my_launch/lib/my_launch
[1.311s] Installing pointcloud_subscriber script to /home/eloisezeng/ros2_ws/install/my_launch/lib/my_launch
[1.311s] 
[1.311s] Installed /home/eloisezeng/ros2_ws/build/my_launch
[1.311s] running symlink_data
[1.338s] Invoked command in '/home/eloisezeng/ros2_ws/build/my_launch' returned '0': DEBUGINFOD_URLS=https://debuginfod.ubuntu.com PS1=(ros312) \[\e]0;\u@\h: \w\a\]${debian_chroot:+($debian_chroot)}\[\033[01;32m\]\u@\h\[\033[00m\]:\[\033[01;34m\]\w\[\033[00m\]\$ PYTHONPATH=/home/eloisezeng/ros2_ws/build/my_launch/prefix_override:/usr/lib/python3/dist-packages/colcon_core/task/python/colcon_distutils_commands:/home/eloisezeng/ros2_ws/install/my_launch/lib/python3.12/site-packages:${PYTHONPATH} VIRTUAL_ENV_PROMPT=(ros312) /usr/bin/python3 -W ignore:setup.py install is deprecated -W ignore:easy_install command is deprecated setup.py develop --editable --build-directory /home/eloisezeng/ros2_ws/build/my_launch/build --no-deps symlink_data
