[ 50%] Built target hello_node
[100%] Built target hfield_node
-- Install configuration: ""
-- Execute custom install script
-- Up-to-date symlink: /home/eloisezeng/ros2_ws/install/hfield_cpp/lib/hfield_cpp/hello_node
-- Up-to-date symlink: /home/eloisezeng/ros2_ws/install/hfield_cpp/lib/hfield_cpp/hfield_node
-- Up-to-date symlink: /home/eloisezeng/ros2_ws/install/hfield_cpp/share/ament_index/resource_index/package_run_dependencies/hfield_cpp
-- Up-to-date symlink: /home/eloisezeng/ros2_ws/install/hfield_cpp/share/ament_index/resource_index/parent_prefix_path/hfield_cpp
-- Up-to-date symlink: /home/eloisezeng/ros2_ws/install/hfield_cpp/share/hfield_cpp/environment/ament_prefix_path.sh
-- Up-to-date symlink: /home/eloisezeng/ros2_ws/install/hfield_cpp/share/hfield_cpp/environment/ament_prefix_path.dsv
-- Up-to-date symlink: /home/eloisezeng/ros2_ws/install/hfield_cpp/share/hfield_cpp/environment/path.sh
-- Up-to-date symlink: /home/eloisezeng/ros2_ws/install/hfield_cpp/share/hfield_cpp/environment/path.dsv
-- Up-to-date symlink: /home/eloisezeng/ros2_ws/install/hfield_cpp/share/hfield_cpp/local_setup.bash
-- Up-to-date symlink: /home/eloisezeng/ros2_ws/install/hfield_cpp/share/hfield_cpp/local_setup.sh
-- Up-to-date symlink: /home/eloisezeng/ros2_ws/install/hfield_cpp/share/hfield_cpp/local_setup.zsh
-- Up-to-date symlink: /home/eloisezeng/ros2_ws/install/hfield_cpp/share/hfield_cpp/local_setup.dsv
-- Symlinking: /home/eloisezeng/ros2_ws/install/hfield_cpp/share/hfield_cpp/package.dsv
-- Up-to-date symlink: /home/eloisezeng/ros2_ws/install/hfield_cpp/share/ament_index/resource_index/packages/hfield_cpp
-- Up-to-date symlink: /home/eloisezeng/ros2_ws/install/hfield_cpp/share/hfield_cpp/cmake/hfield_cppConfig.cmake
-- Up-to-date symlink: /home/eloisezeng/ros2_ws/install/hfield_cpp/share/hfield_cpp/cmake/hfield_cppConfig-version.cmake
-- Up-to-date symlink: /home/eloisezeng/ros2_ws/install/hfield_cpp/share/hfield_cpp/package.xml
