[0.079s] DEBUG:colcon:Command line arguments: ['/usr/bin/colcon', 'build', '--symlink-install', '--cmake-args', '-DMUJOCO_INCLUDE_DIR=/home/eloisezeng/venvs/ros312/lib/python3.12/site-packages/mujoco/include', '-DMUJOCO_LIB=/home/eloisezeng/venvs/ros312/lib/python3.12/site-packages/mujoco/libmujoco.so.3.3.5']
[0.079s] DEBUG:colcon:Parsed command line arguments: Namespace(log_base=None, log_level=None, verb_name='build', build_base='build', install_base='install', merge_install=False, symlink_install=True, test_result_base=None, continue_on_error=False, executor='parallel', parallel_workers=32, event_handlers=None, ignore_user_meta=False, metas=['./colcon.meta'], base_paths=['.'], packages_ignore=None, packages_ignore_regex=None, paths=None, packages_up_to=None, packages_up_to_regex=None, packages_above=None, packages_above_and_dependencies=None, packages_above_depth=None, packages_select_by_dep=None, packages_skip_by_dep=None, packages_skip_up_to=None, packages_select_build_failed=False, packages_skip_build_finished=False, packages_select_test_failures=False, packages_skip_test_passed=False, packages_select=None, packages_skip=None, packages_select_regex=None, packages_skip_regex=None, packages_start=None, packages_end=None, cmake_args=['-DMUJOCO_INCLUDE_DIR=/home/eloisezeng/venvs/ros312/lib/python3.12/site-packages/mujoco/include', '-DMUJOCO_LIB=/home/eloisezeng/venvs/ros312/lib/python3.12/site-packages/mujoco/libmujoco.so.3.3.5'], cmake_target=None, cmake_target_skip_unavailable=False, cmake_clean_cache=False, cmake_clean_first=False, cmake_force_configure=False, ament_cmake_args=None, catkin_cmake_args=None, catkin_skip_building_tests=False, verb_parser=<colcon_defaults.argument_parser.defaults.DefaultArgumentsDecorator object at 0x71286a120dd0>, verb_extension=<colcon_core.verb.build.BuildVerb object at 0x71286a37a6c0>, main=<bound method BuildVerb.main of <colcon_core.verb.build.BuildVerb object at 0x71286a37a6c0>>)
[0.110s] Level 1:colcon.colcon_core.package_discovery:discover_packages(colcon_meta) check parameters
[0.110s] Level 1:colcon.colcon_core.package_discovery:discover_packages(recursive) check parameters
[0.110s] Level 1:colcon.colcon_core.package_discovery:discover_packages(ignore) check parameters
[0.110s] Level 1:colcon.colcon_core.package_discovery:discover_packages(path) check parameters
[0.110s] Level 1:colcon.colcon_core.package_discovery:discover_packages(colcon_meta) discover
[0.110s] Level 1:colcon.colcon_core.package_discovery:discover_packages(recursive) discover
[0.110s] INFO:colcon.colcon_core.package_discovery:Crawling recursively for packages in '/home/eloisezeng/ros2_ws'
[0.110s] Level 1:colcon.colcon_core.package_identification:_identify(.) by extensions ['ignore', 'ignore_ament_install']
[0.110s] Level 1:colcon.colcon_core.package_identification:_identify(.) by extension 'ignore'
[0.110s] Level 1:colcon.colcon_core.package_identification:_identify(.) by extension 'ignore_ament_install'
[0.110s] Level 1:colcon.colcon_core.package_identification:_identify(.) by extensions ['colcon_pkg']
[0.110s] Level 1:colcon.colcon_core.package_identification:_identify(.) by extension 'colcon_pkg'
[0.110s] Level 1:colcon.colcon_core.package_identification:_identify(.) by extensions ['colcon_meta']
[0.110s] Level 1:colcon.colcon_core.package_identification:_identify(.) by extension 'colcon_meta'
[0.110s] Level 1:colcon.colcon_core.package_identification:_identify(.) by extensions ['ros']
[0.110s] Level 1:colcon.colcon_core.package_identification:_identify(.) by extension 'ros'
[0.129s] Level 1:colcon.colcon_core.package_identification:_identify(.) by extensions ['cmake', 'python']
[0.129s] Level 1:colcon.colcon_core.package_identification:_identify(.) by extension 'cmake'
[0.129s] Level 1:colcon.colcon_core.package_identification:_identify(.) by extension 'python'
[0.129s] Level 1:colcon.colcon_core.package_identification:_identify(.) by extensions ['python_setup_py']
[0.129s] Level 1:colcon.colcon_core.package_identification:_identify(.) by extension 'python_setup_py'
[0.130s] Level 1:colcon.colcon_core.package_identification:_identify(build) by extensions ['ignore', 'ignore_ament_install']
[0.130s] Level 1:colcon.colcon_core.package_identification:_identify(build) by extension 'ignore'
[0.130s] Level 1:colcon.colcon_core.package_identification:_identify(build) ignored
[0.130s] Level 1:colcon.colcon_core.package_identification:_identify(install) by extensions ['ignore', 'ignore_ament_install']
[0.130s] Level 1:colcon.colcon_core.package_identification:_identify(install) by extension 'ignore'
[0.130s] Level 1:colcon.colcon_core.package_identification:_identify(install) ignored
[0.130s] Level 1:colcon.colcon_core.package_identification:_identify(log) by extensions ['ignore', 'ignore_ament_install']
[0.130s] Level 1:colcon.colcon_core.package_identification:_identify(log) by extension 'ignore'
[0.130s] Level 1:colcon.colcon_core.package_identification:_identify(log) ignored
[0.130s] Level 1:colcon.colcon_core.package_identification:_identify(src) by extensions ['ignore', 'ignore_ament_install']
[0.130s] Level 1:colcon.colcon_core.package_identification:_identify(src) by extension 'ignore'
[0.130s] Level 1:colcon.colcon_core.package_identification:_identify(src) by extension 'ignore_ament_install'
[0.130s] Level 1:colcon.colcon_core.package_identification:_identify(src) by extensions ['colcon_pkg']
[0.130s] Level 1:colcon.colcon_core.package_identification:_identify(src) by extension 'colcon_pkg'
[0.130s] Level 1:colcon.colcon_core.package_identification:_identify(src) by extensions ['colcon_meta']
[0.130s] Level 1:colcon.colcon_core.package_identification:_identify(src) by extension 'colcon_meta'
[0.130s] Level 1:colcon.colcon_core.package_identification:_identify(src) by extensions ['ros']
[0.130s] Level 1:colcon.colcon_core.package_identification:_identify(src) by extension 'ros'
[0.130s] Level 1:colcon.colcon_core.package_identification:_identify(src) by extensions ['cmake', 'python']
[0.130s] Level 1:colcon.colcon_core.package_identification:_identify(src) by extension 'cmake'
[0.130s] Level 1:colcon.colcon_core.package_identification:_identify(src) by extension 'python'
[0.131s] Level 1:colcon.colcon_core.package_identification:_identify(src) by extensions ['python_setup_py']
[0.131s] Level 1:colcon.colcon_core.package_identification:_identify(src) by extension 'python_setup_py'
[0.131s] Level 1:colcon.colcon_core.package_identification:_identify(src/build) by extensions ['ignore', 'ignore_ament_install']
[0.131s] Level 1:colcon.colcon_core.package_identification:_identify(src/build) by extension 'ignore'
[0.131s] Level 1:colcon.colcon_core.package_identification:_identify(src/build) ignored
[0.131s] Level 1:colcon.colcon_core.package_identification:_identify(src/hfield_cpp) by extensions ['ignore', 'ignore_ament_install']
[0.131s] Level 1:colcon.colcon_core.package_identification:_identify(src/hfield_cpp) by extension 'ignore'
[0.131s] Level 1:colcon.colcon_core.package_identification:_identify(src/hfield_cpp) by extension 'ignore_ament_install'
[0.131s] Level 1:colcon.colcon_core.package_identification:_identify(src/hfield_cpp) by extensions ['colcon_pkg']
[0.131s] Level 1:colcon.colcon_core.package_identification:_identify(src/hfield_cpp) by extension 'colcon_pkg'
[0.131s] Level 1:colcon.colcon_core.package_identification:_identify(src/hfield_cpp) by extensions ['colcon_meta']
[0.131s] Level 1:colcon.colcon_core.package_identification:_identify(src/hfield_cpp) by extension 'colcon_meta'
[0.131s] Level 1:colcon.colcon_core.package_identification:_identify(src/hfield_cpp) by extensions ['ros']
[0.131s] Level 1:colcon.colcon_core.package_identification:_identify(src/hfield_cpp) by extension 'ros'
[0.133s] DEBUG:colcon.colcon_core.package_identification:Package 'src/hfield_cpp' with type 'ros.ament_cmake' and name 'hfield_cpp'
[0.133s] Level 1:colcon.colcon_core.package_identification:_identify(src/install) by extensions ['ignore', 'ignore_ament_install']
[0.133s] Level 1:colcon.colcon_core.package_identification:_identify(src/install) by extension 'ignore'
[0.133s] Level 1:colcon.colcon_core.package_identification:_identify(src/install) ignored
[0.133s] Level 1:colcon.colcon_core.package_identification:_identify(src/log) by extensions ['ignore', 'ignore_ament_install']
[0.134s] Level 1:colcon.colcon_core.package_identification:_identify(src/log) by extension 'ignore'
[0.134s] Level 1:colcon.colcon_core.package_identification:_identify(src/log) ignored
[0.134s] Level 1:colcon.colcon_core.package_identification:_identify(src/my_launch) by extensions ['ignore', 'ignore_ament_install']
[0.134s] Level 1:colcon.colcon_core.package_identification:_identify(src/my_launch) by extension 'ignore'
[0.134s] Level 1:colcon.colcon_core.package_identification:_identify(src/my_launch) by extension 'ignore_ament_install'
[0.134s] Level 1:colcon.colcon_core.package_identification:_identify(src/my_launch) by extensions ['colcon_pkg']
[0.134s] Level 1:colcon.colcon_core.package_identification:_identify(src/my_launch) by extension 'colcon_pkg'
[0.134s] Level 1:colcon.colcon_core.package_identification:_identify(src/my_launch) by extensions ['colcon_meta']
[0.134s] Level 1:colcon.colcon_core.package_identification:_identify(src/my_launch) by extension 'colcon_meta'
[0.134s] Level 1:colcon.colcon_core.package_identification:_identify(src/my_launch) by extensions ['ros']
[0.134s] Level 1:colcon.colcon_core.package_identification:_identify(src/my_launch) by extension 'ros'
[0.134s] DEBUG:colcon.colcon_core.package_identification:Package 'src/my_launch' with type 'ros.ament_python' and name 'my_launch'
[0.134s] Level 1:colcon.colcon_core.package_identification:_identify(src/my_new_pkg) by extensions ['ignore', 'ignore_ament_install']
[0.135s] Level 1:colcon.colcon_core.package_identification:_identify(src/my_new_pkg) by extension 'ignore'
[0.135s] Level 1:colcon.colcon_core.package_identification:_identify(src/my_new_pkg) by extension 'ignore_ament_install'
[0.135s] Level 1:colcon.colcon_core.package_identification:_identify(src/my_new_pkg) by extensions ['colcon_pkg']
[0.135s] Level 1:colcon.colcon_core.package_identification:_identify(src/my_new_pkg) by extension 'colcon_pkg'
[0.135s] Level 1:colcon.colcon_core.package_identification:_identify(src/my_new_pkg) by extensions ['colcon_meta']
[0.135s] Level 1:colcon.colcon_core.package_identification:_identify(src/my_new_pkg) by extension 'colcon_meta'
[0.135s] Level 1:colcon.colcon_core.package_identification:_identify(src/my_new_pkg) by extensions ['ros']
[0.135s] Level 1:colcon.colcon_core.package_identification:_identify(src/my_new_pkg) by extension 'ros'
[0.135s] DEBUG:colcon.colcon_core.package_identification:Package 'src/my_new_pkg' with type 'ros.ament_python' and name 'my_new_pkg'
[0.135s] Level 1:colcon.colcon_core.package_identification:_identify(src/realsense-ros) by extensions ['ignore', 'ignore_ament_install']
[0.135s] Level 1:colcon.colcon_core.package_identification:_identify(src/realsense-ros) by extension 'ignore'
[0.135s] Level 1:colcon.colcon_core.package_identification:_identify(src/realsense-ros) by extension 'ignore_ament_install'
[0.135s] Level 1:colcon.colcon_core.package_identification:_identify(src/realsense-ros) by extensions ['colcon_pkg']
[0.135s] Level 1:colcon.colcon_core.package_identification:_identify(src/realsense-ros) by extension 'colcon_pkg'
[0.135s] Level 1:colcon.colcon_core.package_identification:_identify(src/realsense-ros) by extensions ['colcon_meta']
[0.135s] Level 1:colcon.colcon_core.package_identification:_identify(src/realsense-ros) by extension 'colcon_meta'
[0.135s] Level 1:colcon.colcon_core.package_identification:_identify(src/realsense-ros) by extensions ['ros']
[0.135s] Level 1:colcon.colcon_core.package_identification:_identify(src/realsense-ros) by extension 'ros'
[0.135s] Level 1:colcon.colcon_core.package_identification:_identify(src/realsense-ros) by extensions ['cmake', 'python']
[0.136s] Level 1:colcon.colcon_core.package_identification:_identify(src/realsense-ros) by extension 'cmake'
[0.136s] Level 1:colcon.colcon_core.package_identification:_identify(src/realsense-ros) by extension 'python'
[0.136s] Level 1:colcon.colcon_core.package_identification:_identify(src/realsense-ros) by extensions ['python_setup_py']
[0.136s] Level 1:colcon.colcon_core.package_identification:_identify(src/realsense-ros) by extension 'python_setup_py'
[0.136s] Level 1:colcon.colcon_core.package_identification:_identify(src/realsense-ros/realsense2_camera) by extensions ['ignore', 'ignore_ament_install']
[0.136s] Level 1:colcon.colcon_core.package_identification:_identify(src/realsense-ros/realsense2_camera) by extension 'ignore'
[0.136s] Level 1:colcon.colcon_core.package_identification:_identify(src/realsense-ros/realsense2_camera) by extension 'ignore_ament_install'
[0.136s] Level 1:colcon.colcon_core.package_identification:_identify(src/realsense-ros/realsense2_camera) by extensions ['colcon_pkg']
[0.136s] Level 1:colcon.colcon_core.package_identification:_identify(src/realsense-ros/realsense2_camera) by extension 'colcon_pkg'
[0.136s] Level 1:colcon.colcon_core.package_identification:_identify(src/realsense-ros/realsense2_camera) by extensions ['colcon_meta']
[0.136s] Level 1:colcon.colcon_core.package_identification:_identify(src/realsense-ros/realsense2_camera) by extension 'colcon_meta'
[0.136s] Level 1:colcon.colcon_core.package_identification:_identify(src/realsense-ros/realsense2_camera) by extensions ['ros']
[0.136s] Level 1:colcon.colcon_core.package_identification:_identify(src/realsense-ros/realsense2_camera) by extension 'ros'
[0.140s] DEBUG:colcon.colcon_core.package_identification:Package 'src/realsense-ros/realsense2_camera' with type 'ros.ament_cmake' and name 'realsense2_camera'
[0.141s] Level 1:colcon.colcon_core.package_identification:_identify(src/realsense-ros/realsense2_camera_msgs) by extensions ['ignore', 'ignore_ament_install']
[0.141s] Level 1:colcon.colcon_core.package_identification:_identify(src/realsense-ros/realsense2_camera_msgs) by extension 'ignore'
[0.141s] Level 1:colcon.colcon_core.package_identification:_identify(src/realsense-ros/realsense2_camera_msgs) by extension 'ignore_ament_install'
[0.141s] Level 1:colcon.colcon_core.package_identification:_identify(src/realsense-ros/realsense2_camera_msgs) by extensions ['colcon_pkg']
[0.141s] Level 1:colcon.colcon_core.package_identification:_identify(src/realsense-ros/realsense2_camera_msgs) by extension 'colcon_pkg'
[0.141s] Level 1:colcon.colcon_core.package_identification:_identify(src/realsense-ros/realsense2_camera_msgs) by extensions ['colcon_meta']
[0.141s] Level 1:colcon.colcon_core.package_identification:_identify(src/realsense-ros/realsense2_camera_msgs) by extension 'colcon_meta'
[0.141s] Level 1:colcon.colcon_core.package_identification:_identify(src/realsense-ros/realsense2_camera_msgs) by extensions ['ros']
[0.141s] Level 1:colcon.colcon_core.package_identification:_identify(src/realsense-ros/realsense2_camera_msgs) by extension 'ros'
[0.141s] DEBUG:colcon.colcon_core.package_identification:Package 'src/realsense-ros/realsense2_camera_msgs' with type 'ros.ament_cmake' and name 'realsense2_camera_msgs'
[0.141s] Level 1:colcon.colcon_core.package_identification:_identify(src/realsense-ros/realsense2_description) by extensions ['ignore', 'ignore_ament_install']
[0.142s] Level 1:colcon.colcon_core.package_identification:_identify(src/realsense-ros/realsense2_description) by extension 'ignore'
[0.142s] Level 1:colcon.colcon_core.package_identification:_identify(src/realsense-ros/realsense2_description) by extension 'ignore_ament_install'
[0.142s] Level 1:colcon.colcon_core.package_identification:_identify(src/realsense-ros/realsense2_description) by extensions ['colcon_pkg']
[0.142s] Level 1:colcon.colcon_core.package_identification:_identify(src/realsense-ros/realsense2_description) by extension 'colcon_pkg'
[0.142s] Level 1:colcon.colcon_core.package_identification:_identify(src/realsense-ros/realsense2_description) by extensions ['colcon_meta']
[0.142s] Level 1:colcon.colcon_core.package_identification:_identify(src/realsense-ros/realsense2_description) by extension 'colcon_meta'
[0.142s] Level 1:colcon.colcon_core.package_identification:_identify(src/realsense-ros/realsense2_description) by extensions ['ros']
[0.142s] Level 1:colcon.colcon_core.package_identification:_identify(src/realsense-ros/realsense2_description) by extension 'ros'
[0.142s] DEBUG:colcon.colcon_core.package_identification:Package 'src/realsense-ros/realsense2_description' with type 'ros.ament_cmake' and name 'realsense2_description'
[0.142s] Level 1:colcon.colcon_core.package_identification:_identify(src/realsense-ros/scripts) by extensions ['ignore', 'ignore_ament_install']
[0.142s] Level 1:colcon.colcon_core.package_identification:_identify(src/realsense-ros/scripts) by extension 'ignore'
[0.142s] Level 1:colcon.colcon_core.package_identification:_identify(src/realsense-ros/scripts) by extension 'ignore_ament_install'
[0.142s] Level 1:colcon.colcon_core.package_identification:_identify(src/realsense-ros/scripts) by extensions ['colcon_pkg']
[0.142s] Level 1:colcon.colcon_core.package_identification:_identify(src/realsense-ros/scripts) by extension 'colcon_pkg'
[0.142s] Level 1:colcon.colcon_core.package_identification:_identify(src/realsense-ros/scripts) by extensions ['colcon_meta']
[0.142s] Level 1:colcon.colcon_core.package_identification:_identify(src/realsense-ros/scripts) by extension 'colcon_meta'
[0.143s] Level 1:colcon.colcon_core.package_identification:_identify(src/realsense-ros/scripts) by extensions ['ros']
[0.143s] Level 1:colcon.colcon_core.package_identification:_identify(src/realsense-ros/scripts) by extension 'ros'
[0.143s] Level 1:colcon.colcon_core.package_identification:_identify(src/realsense-ros/scripts) by extensions ['cmake', 'python']
[0.143s] Level 1:colcon.colcon_core.package_identification:_identify(src/realsense-ros/scripts) by extension 'cmake'
[0.143s] Level 1:colcon.colcon_core.package_identification:_identify(src/realsense-ros/scripts) by extension 'python'
[0.143s] Level 1:colcon.colcon_core.package_identification:_identify(src/realsense-ros/scripts) by extensions ['python_setup_py']
[0.143s] Level 1:colcon.colcon_core.package_identification:_identify(src/realsense-ros/scripts) by extension 'python_setup_py'
[0.143s] Level 1:colcon.colcon_core.package_discovery:discover_packages(recursive) using defaults
[0.143s] Level 1:colcon.colcon_core.package_discovery:discover_packages(ignore) discover
[0.143s] Level 1:colcon.colcon_core.package_discovery:discover_packages(ignore) using defaults
[0.143s] Level 1:colcon.colcon_core.package_discovery:discover_packages(path) discover
[0.143s] Level 1:colcon.colcon_core.package_discovery:discover_packages(path) using defaults
[0.157s] Level 5:colcon.colcon_core.verb:set package 'hfield_cpp' build argument 'cmake_args' from command line to '['-DMUJOCO_INCLUDE_DIR=/home/eloisezeng/venvs/ros312/lib/python3.12/site-packages/mujoco/include', '-DMUJOCO_LIB=/home/eloisezeng/venvs/ros312/lib/python3.12/site-packages/mujoco/libmujoco.so.3.3.5']'
[0.157s] Level 5:colcon.colcon_core.verb:set package 'hfield_cpp' build argument 'cmake_target' from command line to 'None'
[0.157s] Level 5:colcon.colcon_core.verb:set package 'hfield_cpp' build argument 'cmake_target_skip_unavailable' from command line to 'False'
[0.157s] Level 5:colcon.colcon_core.verb:set package 'hfield_cpp' build argument 'cmake_clean_cache' from command line to 'False'
[0.157s] Level 5:colcon.colcon_core.verb:set package 'hfield_cpp' build argument 'cmake_clean_first' from command line to 'False'
[0.157s] Level 5:colcon.colcon_core.verb:set package 'hfield_cpp' build argument 'cmake_force_configure' from command line to 'False'
[0.157s] Level 5:colcon.colcon_core.verb:set package 'hfield_cpp' build argument 'ament_cmake_args' from command line to 'None'
[0.158s] Level 5:colcon.colcon_core.verb:set package 'hfield_cpp' build argument 'catkin_cmake_args' from command line to 'None'
[0.158s] Level 5:colcon.colcon_core.verb:set package 'hfield_cpp' build argument 'catkin_skip_building_tests' from command line to 'False'
[0.158s] DEBUG:colcon.colcon_core.verb:Building package 'hfield_cpp' with the following arguments: {'ament_cmake_args': None, 'build_base': '/home/eloisezeng/ros2_ws/build/hfield_cpp', 'catkin_cmake_args': None, 'catkin_skip_building_tests': False, 'cmake_args': ['-DMUJOCO_INCLUDE_DIR=/home/eloisezeng/venvs/ros312/lib/python3.12/site-packages/mujoco/include', '-DMUJOCO_LIB=/home/eloisezeng/venvs/ros312/lib/python3.12/site-packages/mujoco/libmujoco.so.3.3.5'], 'cmake_clean_cache': False, 'cmake_clean_first': False, 'cmake_force_configure': False, 'cmake_target': None, 'cmake_target_skip_unavailable': False, 'install_base': '/home/eloisezeng/ros2_ws/install/hfield_cpp', 'merge_install': False, 'path': '/home/eloisezeng/ros2_ws/src/hfield_cpp', 'symlink_install': True, 'test_result_base': None}
[0.158s] Level 5:colcon.colcon_core.verb:set package 'my_launch' build argument 'cmake_args' from command line to '['-DMUJOCO_INCLUDE_DIR=/home/eloisezeng/venvs/ros312/lib/python3.12/site-packages/mujoco/include', '-DMUJOCO_LIB=/home/eloisezeng/venvs/ros312/lib/python3.12/site-packages/mujoco/libmujoco.so.3.3.5']'
[0.158s] Level 5:colcon.colcon_core.verb:set package 'my_launch' build argument 'cmake_target' from command line to 'None'
[0.158s] Level 5:colcon.colcon_core.verb:set package 'my_launch' build argument 'cmake_target_skip_unavailable' from command line to 'False'
[0.158s] Level 5:colcon.colcon_core.verb:set package 'my_launch' build argument 'cmake_clean_cache' from command line to 'False'
[0.158s] Level 5:colcon.colcon_core.verb:set package 'my_launch' build argument 'cmake_clean_first' from command line to 'False'
[0.158s] Level 5:colcon.colcon_core.verb:set package 'my_launch' build argument 'cmake_force_configure' from command line to 'False'
[0.158s] Level 5:colcon.colcon_core.verb:set package 'my_launch' build argument 'ament_cmake_args' from command line to 'None'
[0.158s] Level 5:colcon.colcon_core.verb:set package 'my_launch' build argument 'catkin_cmake_args' from command line to 'None'
[0.158s] Level 5:colcon.colcon_core.verb:set package 'my_launch' build argument 'catkin_skip_building_tests' from command line to 'False'
[0.158s] DEBUG:colcon.colcon_core.verb:Building package 'my_launch' with the following arguments: {'ament_cmake_args': None, 'build_base': '/home/eloisezeng/ros2_ws/build/my_launch', 'catkin_cmake_args': None, 'catkin_skip_building_tests': False, 'cmake_args': ['-DMUJOCO_INCLUDE_DIR=/home/eloisezeng/venvs/ros312/lib/python3.12/site-packages/mujoco/include', '-DMUJOCO_LIB=/home/eloisezeng/venvs/ros312/lib/python3.12/site-packages/mujoco/libmujoco.so.3.3.5'], 'cmake_clean_cache': False, 'cmake_clean_first': False, 'cmake_force_configure': False, 'cmake_target': None, 'cmake_target_skip_unavailable': False, 'install_base': '/home/eloisezeng/ros2_ws/install/my_launch', 'merge_install': False, 'path': '/home/eloisezeng/ros2_ws/src/my_launch', 'symlink_install': True, 'test_result_base': None}
[0.158s] Level 5:colcon.colcon_core.verb:set package 'my_new_pkg' build argument 'cmake_args' from command line to '['-DMUJOCO_INCLUDE_DIR=/home/eloisezeng/venvs/ros312/lib/python3.12/site-packages/mujoco/include', '-DMUJOCO_LIB=/home/eloisezeng/venvs/ros312/lib/python3.12/site-packages/mujoco/libmujoco.so.3.3.5']'
[0.158s] Level 5:colcon.colcon_core.verb:set package 'my_new_pkg' build argument 'cmake_target' from command line to 'None'
[0.158s] Level 5:colcon.colcon_core.verb:set package 'my_new_pkg' build argument 'cmake_target_skip_unavailable' from command line to 'False'
[0.158s] Level 5:colcon.colcon_core.verb:set package 'my_new_pkg' build argument 'cmake_clean_cache' from command line to 'False'
[0.158s] Level 5:colcon.colcon_core.verb:set package 'my_new_pkg' build argument 'cmake_clean_first' from command line to 'False'
[0.158s] Level 5:colcon.colcon_core.verb:set package 'my_new_pkg' build argument 'cmake_force_configure' from command line to 'False'
[0.158s] Level 5:colcon.colcon_core.verb:set package 'my_new_pkg' build argument 'ament_cmake_args' from command line to 'None'
[0.158s] Level 5:colcon.colcon_core.verb:set package 'my_new_pkg' build argument 'catkin_cmake_args' from command line to 'None'
[0.158s] Level 5:colcon.colcon_core.verb:set package 'my_new_pkg' build argument 'catkin_skip_building_tests' from command line to 'False'
[0.158s] DEBUG:colcon.colcon_core.verb:Building package 'my_new_pkg' with the following arguments: {'ament_cmake_args': None, 'build_base': '/home/eloisezeng/ros2_ws/build/my_new_pkg', 'catkin_cmake_args': None, 'catkin_skip_building_tests': False, 'cmake_args': ['-DMUJOCO_INCLUDE_DIR=/home/eloisezeng/venvs/ros312/lib/python3.12/site-packages/mujoco/include', '-DMUJOCO_LIB=/home/eloisezeng/venvs/ros312/lib/python3.12/site-packages/mujoco/libmujoco.so.3.3.5'], 'cmake_clean_cache': False, 'cmake_clean_first': False, 'cmake_force_configure': False, 'cmake_target': None, 'cmake_target_skip_unavailable': False, 'install_base': '/home/eloisezeng/ros2_ws/install/my_new_pkg', 'merge_install': False, 'path': '/home/eloisezeng/ros2_ws/src/my_new_pkg', 'symlink_install': True, 'test_result_base': None}
[0.158s] Level 5:colcon.colcon_core.verb:set package 'realsense2_camera_msgs' build argument 'cmake_args' from command line to '['-DMUJOCO_INCLUDE_DIR=/home/eloisezeng/venvs/ros312/lib/python3.12/site-packages/mujoco/include', '-DMUJOCO_LIB=/home/eloisezeng/venvs/ros312/lib/python3.12/site-packages/mujoco/libmujoco.so.3.3.5']'
[0.159s] Level 5:colcon.colcon_core.verb:set package 'realsense2_camera_msgs' build argument 'cmake_target' from command line to 'None'
[0.159s] Level 5:colcon.colcon_core.verb:set package 'realsense2_camera_msgs' build argument 'cmake_target_skip_unavailable' from command line to 'False'
[0.159s] Level 5:colcon.colcon_core.verb:set package 'realsense2_camera_msgs' build argument 'cmake_clean_cache' from command line to 'False'
[0.159s] Level 5:colcon.colcon_core.verb:set package 'realsense2_camera_msgs' build argument 'cmake_clean_first' from command line to 'False'
[0.159s] Level 5:colcon.colcon_core.verb:set package 'realsense2_camera_msgs' build argument 'cmake_force_configure' from command line to 'False'
[0.159s] Level 5:colcon.colcon_core.verb:set package 'realsense2_camera_msgs' build argument 'ament_cmake_args' from command line to 'None'
[0.159s] Level 5:colcon.colcon_core.verb:set package 'realsense2_camera_msgs' build argument 'catkin_cmake_args' from command line to 'None'
[0.159s] Level 5:colcon.colcon_core.verb:set package 'realsense2_camera_msgs' build argument 'catkin_skip_building_tests' from command line to 'False'
[0.159s] DEBUG:colcon.colcon_core.verb:Building package 'realsense2_camera_msgs' with the following arguments: {'ament_cmake_args': None, 'build_base': '/home/eloisezeng/ros2_ws/build/realsense2_camera_msgs', 'catkin_cmake_args': None, 'catkin_skip_building_tests': False, 'cmake_args': ['-DMUJOCO_INCLUDE_DIR=/home/eloisezeng/venvs/ros312/lib/python3.12/site-packages/mujoco/include', '-DMUJOCO_LIB=/home/eloisezeng/venvs/ros312/lib/python3.12/site-packages/mujoco/libmujoco.so.3.3.5'], 'cmake_clean_cache': False, 'cmake_clean_first': False, 'cmake_force_configure': False, 'cmake_target': None, 'cmake_target_skip_unavailable': False, 'install_base': '/home/eloisezeng/ros2_ws/install/realsense2_camera_msgs', 'merge_install': False, 'path': '/home/eloisezeng/ros2_ws/src/realsense-ros/realsense2_camera_msgs', 'symlink_install': True, 'test_result_base': None}
[0.159s] Level 5:colcon.colcon_core.verb:set package 'realsense2_camera' build argument 'cmake_args' from command line to '['-DMUJOCO_INCLUDE_DIR=/home/eloisezeng/venvs/ros312/lib/python3.12/site-packages/mujoco/include', '-DMUJOCO_LIB=/home/eloisezeng/venvs/ros312/lib/python3.12/site-packages/mujoco/libmujoco.so.3.3.5']'
[0.159s] Level 5:colcon.colcon_core.verb:set package 'realsense2_camera' build argument 'cmake_target' from command line to 'None'
[0.159s] Level 5:colcon.colcon_core.verb:set package 'realsense2_camera' build argument 'cmake_target_skip_unavailable' from command line to 'False'
[0.159s] Level 5:colcon.colcon_core.verb:set package 'realsense2_camera' build argument 'cmake_clean_cache' from command line to 'False'
[0.159s] Level 5:colcon.colcon_core.verb:set package 'realsense2_camera' build argument 'cmake_clean_first' from command line to 'False'
[0.159s] Level 5:colcon.colcon_core.verb:set package 'realsense2_camera' build argument 'cmake_force_configure' from command line to 'False'
[0.159s] Level 5:colcon.colcon_core.verb:set package 'realsense2_camera' build argument 'ament_cmake_args' from command line to 'None'
[0.159s] Level 5:colcon.colcon_core.verb:set package 'realsense2_camera' build argument 'catkin_cmake_args' from command line to 'None'
[0.159s] Level 5:colcon.colcon_core.verb:set package 'realsense2_camera' build argument 'catkin_skip_building_tests' from command line to 'False'
[0.159s] DEBUG:colcon.colcon_core.verb:Building package 'realsense2_camera' with the following arguments: {'ament_cmake_args': None, 'build_base': '/home/eloisezeng/ros2_ws/build/realsense2_camera', 'catkin_cmake_args': None, 'catkin_skip_building_tests': False, 'cmake_args': ['-DMUJOCO_INCLUDE_DIR=/home/eloisezeng/venvs/ros312/lib/python3.12/site-packages/mujoco/include', '-DMUJOCO_LIB=/home/eloisezeng/venvs/ros312/lib/python3.12/site-packages/mujoco/libmujoco.so.3.3.5'], 'cmake_clean_cache': False, 'cmake_clean_first': False, 'cmake_force_configure': False, 'cmake_target': None, 'cmake_target_skip_unavailable': False, 'install_base': '/home/eloisezeng/ros2_ws/install/realsense2_camera', 'merge_install': False, 'path': '/home/eloisezeng/ros2_ws/src/realsense-ros/realsense2_camera', 'symlink_install': True, 'test_result_base': None}
[0.159s] Level 5:colcon.colcon_core.verb:set package 'realsense2_description' build argument 'cmake_args' from command line to '['-DMUJOCO_INCLUDE_DIR=/home/eloisezeng/venvs/ros312/lib/python3.12/site-packages/mujoco/include', '-DMUJOCO_LIB=/home/eloisezeng/venvs/ros312/lib/python3.12/site-packages/mujoco/libmujoco.so.3.3.5']'
[0.159s] Level 5:colcon.colcon_core.verb:set package 'realsense2_description' build argument 'cmake_target' from command line to 'None'
[0.159s] Level 5:colcon.colcon_core.verb:set package 'realsense2_description' build argument 'cmake_target_skip_unavailable' from command line to 'False'
[0.159s] Level 5:colcon.colcon_core.verb:set package 'realsense2_description' build argument 'cmake_clean_cache' from command line to 'False'
[0.159s] Level 5:colcon.colcon_core.verb:set package 'realsense2_description' build argument 'cmake_clean_first' from command line to 'False'
[0.159s] Level 5:colcon.colcon_core.verb:set package 'realsense2_description' build argument 'cmake_force_configure' from command line to 'False'
[0.159s] Level 5:colcon.colcon_core.verb:set package 'realsense2_description' build argument 'ament_cmake_args' from command line to 'None'
[0.159s] Level 5:colcon.colcon_core.verb:set package 'realsense2_description' build argument 'catkin_cmake_args' from command line to 'None'
[0.159s] Level 5:colcon.colcon_core.verb:set package 'realsense2_description' build argument 'catkin_skip_building_tests' from command line to 'False'
[0.159s] DEBUG:colcon.colcon_core.verb:Building package 'realsense2_description' with the following arguments: {'ament_cmake_args': None, 'build_base': '/home/eloisezeng/ros2_ws/build/realsense2_description', 'catkin_cmake_args': None, 'catkin_skip_building_tests': False, 'cmake_args': ['-DMUJOCO_INCLUDE_DIR=/home/eloisezeng/venvs/ros312/lib/python3.12/site-packages/mujoco/include', '-DMUJOCO_LIB=/home/eloisezeng/venvs/ros312/lib/python3.12/site-packages/mujoco/libmujoco.so.3.3.5'], 'cmake_clean_cache': False, 'cmake_clean_first': False, 'cmake_force_configure': False, 'cmake_target': None, 'cmake_target_skip_unavailable': False, 'install_base': '/home/eloisezeng/ros2_ws/install/realsense2_description', 'merge_install': False, 'path': '/home/eloisezeng/ros2_ws/src/realsense-ros/realsense2_description', 'symlink_install': True, 'test_result_base': None}
[0.159s] INFO:colcon.colcon_core.executor:Executing jobs using 'parallel' executor
[0.160s] DEBUG:colcon.colcon_parallel_executor.executor.parallel:run_until_complete
[0.161s] INFO:colcon.colcon_ros.task.ament_cmake.build:Building ROS package in '/home/eloisezeng/ros2_ws/src/realsense-ros/realsense2_camera_msgs' with build type 'ament_cmake'
[0.161s] INFO:colcon.colcon_cmake.task.cmake.build:Building CMake package in '/home/eloisezeng/ros2_ws/src/realsense-ros/realsense2_camera_msgs'
[0.162s] INFO:colcon.colcon_core.plugin_system:Skipping extension 'colcon_core.shell.bat': Not used on non-Windows systems
[0.162s] DEBUG:colcon.colcon_core.shell:Skip shell extension 'dsv' for command environment
[0.166s] INFO:colcon.colcon_ros.task.ament_cmake.build:Building ROS package in '/home/eloisezeng/ros2_ws/src/hfield_cpp' with build type 'ament_cmake'
[0.166s] INFO:colcon.colcon_cmake.task.cmake.build:Building CMake package in '/home/eloisezeng/ros2_ws/src/hfield_cpp'
[0.166s] DEBUG:colcon.colcon_core.shell:Skip shell extension 'dsv' for command environment
[0.168s] INFO:colcon.colcon_ros.task.ament_python.build:Building ROS package in '/home/eloisezeng/ros2_ws/src/my_launch' with build type 'ament_python'
[0.169s] Level 1:colcon.colcon_core.shell:create_environment_hook('my_launch', 'ament_prefix_path')
[0.169s] INFO:colcon.colcon_core.shell:Creating environment descriptor '/home/eloisezeng/ros2_ws/install/my_launch/share/my_launch/hook/ament_prefix_path.dsv'
[0.169s] INFO:colcon.colcon_core.shell:Creating environment hook '/home/eloisezeng/ros2_ws/install/my_launch/share/my_launch/hook/ament_prefix_path.sh'
[0.169s] DEBUG:colcon.colcon_core.shell:Skip shell extension 'dsv' for command environment
[0.172s] INFO:colcon.colcon_ros.task.ament_python.build:Building ROS package in '/home/eloisezeng/ros2_ws/src/my_new_pkg' with build type 'ament_python'
[0.172s] Level 1:colcon.colcon_core.shell:create_environment_hook('my_new_pkg', 'ament_prefix_path')
[0.172s] INFO:colcon.colcon_core.shell:Creating environment descriptor '/home/eloisezeng/ros2_ws/install/my_new_pkg/share/my_new_pkg/hook/ament_prefix_path.dsv'
[0.172s] INFO:colcon.colcon_core.shell:Creating environment hook '/home/eloisezeng/ros2_ws/install/my_new_pkg/share/my_new_pkg/hook/ament_prefix_path.sh'
[0.173s] DEBUG:colcon.colcon_core.shell:Skip shell extension 'dsv' for command environment
[0.179s] DEBUG:colcon.colcon_core.event_handler.log_command:Invoking command in '/home/eloisezeng/ros2_ws/build/realsense2_camera_msgs': CMAKE_PREFIX_PATH=${CMAKE_PREFIX_PATH}:/home/eloisezeng/ros2_ws/install/my_new_pkg:/home/eloisezeng/ros2_ws/install/my_launch:/opt/ros/jazzy DEBUGINFOD_URLS=https://debuginfod.ubuntu.com PS1=(ros312) \[\e]0;\u@\h: \w\a\]${debian_chroot:+($debian_chroot)}\[\033[01;32m\]\u@\h\[\033[00m\]:\[\033[01;34m\]\w\[\033[00m\]\$ VIRTUAL_ENV_PROMPT=(ros312) /usr/bin/cmake --build /home/eloisezeng/ros2_ws/build/realsense2_camera_msgs -- -j32 -l32
[0.181s] DEBUG:colcon.colcon_core.event_handler.log_command:Invoking command in '/home/eloisezeng/ros2_ws/build/hfield_cpp': CMAKE_PREFIX_PATH=${CMAKE_PREFIX_PATH}:/home/eloisezeng/ros2_ws/install/my_new_pkg:/home/eloisezeng/ros2_ws/install/my_launch:/opt/ros/jazzy DEBUGINFOD_URLS=https://debuginfod.ubuntu.com PS1=(ros312) \[\e]0;\u@\h: \w\a\]${debian_chroot:+($debian_chroot)}\[\033[01;32m\]\u@\h\[\033[00m\]:\[\033[01;34m\]\w\[\033[00m\]\$ VIRTUAL_ENV_PROMPT=(ros312) /usr/bin/cmake --build /home/eloisezeng/ros2_ws/build/hfield_cpp -- -j32 -l32
[0.351s] INFO:colcon.colcon_core.task.python.build:Building Python package in '/home/eloisezeng/ros2_ws/src/my_launch'
[0.351s] DEBUG:colcon.colcon_core.shell:Skip shell extension 'dsv' for command environment
[0.357s] DEBUG:colcon.colcon_core.event_handler.log_command:Invoked command in '/home/eloisezeng/ros2_ws/build/hfield_cpp' returned '0': CMAKE_PREFIX_PATH=${CMAKE_PREFIX_PATH}:/home/eloisezeng/ros2_ws/install/my_new_pkg:/home/eloisezeng/ros2_ws/install/my_launch:/opt/ros/jazzy DEBUGINFOD_URLS=https://debuginfod.ubuntu.com PS1=(ros312) \[\e]0;\u@\h: \w\a\]${debian_chroot:+($debian_chroot)}\[\033[01;32m\]\u@\h\[\033[00m\]:\[\033[01;34m\]\w\[\033[00m\]\$ VIRTUAL_ENV_PROMPT=(ros312) /usr/bin/cmake --build /home/eloisezeng/ros2_ws/build/hfield_cpp -- -j32 -l32
[0.365s] DEBUG:colcon.colcon_core.event_handler.log_command:Invoking command in '/home/eloisezeng/ros2_ws/build/hfield_cpp': CMAKE_PREFIX_PATH=${CMAKE_PREFIX_PATH}:/home/eloisezeng/ros2_ws/install/my_new_pkg:/home/eloisezeng/ros2_ws/install/my_launch:/opt/ros/jazzy DEBUGINFOD_URLS=https://debuginfod.ubuntu.com PS1=(ros312) \[\e]0;\u@\h: \w\a\]${debian_chroot:+($debian_chroot)}\[\033[01;32m\]\u@\h\[\033[00m\]:\[\033[01;34m\]\w\[\033[00m\]\$ VIRTUAL_ENV_PROMPT=(ros312) /usr/bin/cmake --install /home/eloisezeng/ros2_ws/build/hfield_cpp
[0.527s] INFO:colcon.colcon_core.task.python.build:Building Python package in '/home/eloisezeng/ros2_ws/src/my_new_pkg'
[0.527s] DEBUG:colcon.colcon_core.shell:Skip shell extension 'dsv' for command environment
[0.534s] Level 1:colcon.colcon_core.environment:create_environment_scripts_only(hfield_cpp)
[0.534s] DEBUG:colcon.colcon_core.event_handler.log_command:Invoked command in '/home/eloisezeng/ros2_ws/build/hfield_cpp' returned '0': CMAKE_PREFIX_PATH=${CMAKE_PREFIX_PATH}:/home/eloisezeng/ros2_ws/install/my_new_pkg:/home/eloisezeng/ros2_ws/install/my_launch:/opt/ros/jazzy DEBUGINFOD_URLS=https://debuginfod.ubuntu.com PS1=(ros312) \[\e]0;\u@\h: \w\a\]${debian_chroot:+($debian_chroot)}\[\033[01;32m\]\u@\h\[\033[00m\]:\[\033[01;34m\]\w\[\033[00m\]\$ VIRTUAL_ENV_PROMPT=(ros312) /usr/bin/cmake --install /home/eloisezeng/ros2_ws/build/hfield_cpp
[0.536s] Level 1:colcon.colcon_core.environment:checking '/home/eloisezeng/ros2_ws/install/hfield_cpp' for CMake module files
[0.536s] Level 1:colcon.colcon_core.environment:checking '/home/eloisezeng/ros2_ws/install/hfield_cpp' for CMake config files
[0.536s] Level 1:colcon.colcon_core.shell:create_environment_hook('hfield_cpp', 'cmake_prefix_path')
[0.536s] INFO:colcon.colcon_core.shell:Creating environment descriptor '/home/eloisezeng/ros2_ws/install/hfield_cpp/share/hfield_cpp/hook/cmake_prefix_path.dsv'
[0.537s] INFO:colcon.colcon_core.shell:Creating environment hook '/home/eloisezeng/ros2_ws/install/hfield_cpp/share/hfield_cpp/hook/cmake_prefix_path.sh'
[0.537s] Level 1:colcon.colcon_core.environment:checking '/home/eloisezeng/ros2_ws/install/hfield_cpp/lib'
[0.537s] Level 1:colcon.colcon_core.environment:checking '/home/eloisezeng/ros2_ws/install/hfield_cpp/bin'
[0.537s] Level 1:colcon.colcon_core.environment:checking '/home/eloisezeng/ros2_ws/install/hfield_cpp/lib/pkgconfig/hfield_cpp.pc'
[0.538s] Level 1:colcon.colcon_core.environment:checking '/home/eloisezeng/ros2_ws/install/hfield_cpp/lib/python3.12/site-packages'
[0.538s] Level 1:colcon.colcon_core.environment:checking '/home/eloisezeng/ros2_ws/install/hfield_cpp/bin'
[0.538s] INFO:colcon.colcon_core.shell:Creating package descriptor '/home/eloisezeng/ros2_ws/install/hfield_cpp/share/hfield_cpp/package.dsv'
[0.538s] INFO:colcon.colcon_core.shell:Creating package script '/home/eloisezeng/ros2_ws/install/hfield_cpp/share/hfield_cpp/package.sh'
[0.539s] INFO:colcon.colcon_core.shell:Creating package script '/home/eloisezeng/ros2_ws/install/hfield_cpp/share/hfield_cpp/package.bash'
[0.539s] INFO:colcon.colcon_core.shell:Creating package script '/home/eloisezeng/ros2_ws/install/hfield_cpp/share/hfield_cpp/package.zsh'
[0.539s] Level 1:colcon.colcon_core.environment:create_file_with_runtime_dependencies(/home/eloisezeng/ros2_ws/install/hfield_cpp/share/colcon-core/packages/hfield_cpp)
[0.540s] Level 1:colcon.colcon_core.environment:create_environment_scripts_only(hfield_cpp)
[0.540s] Level 1:colcon.colcon_core.environment:checking '/home/eloisezeng/ros2_ws/install/hfield_cpp' for CMake module files
[0.540s] Level 1:colcon.colcon_core.environment:checking '/home/eloisezeng/ros2_ws/install/hfield_cpp' for CMake config files
[0.541s] Level 1:colcon.colcon_core.shell:create_environment_hook('hfield_cpp', 'cmake_prefix_path')
[0.541s] INFO:colcon.colcon_core.shell:Creating environment descriptor '/home/eloisezeng/ros2_ws/install/hfield_cpp/share/hfield_cpp/hook/cmake_prefix_path.dsv'
[0.541s] INFO:colcon.colcon_core.shell:Creating environment hook '/home/eloisezeng/ros2_ws/install/hfield_cpp/share/hfield_cpp/hook/cmake_prefix_path.sh'
[0.541s] Level 1:colcon.colcon_core.environment:checking '/home/eloisezeng/ros2_ws/install/hfield_cpp/lib'
[0.541s] Level 1:colcon.colcon_core.environment:checking '/home/eloisezeng/ros2_ws/install/hfield_cpp/bin'
[0.541s] Level 1:colcon.colcon_core.environment:checking '/home/eloisezeng/ros2_ws/install/hfield_cpp/lib/pkgconfig/hfield_cpp.pc'
[0.542s] Level 1:colcon.colcon_core.environment:checking '/home/eloisezeng/ros2_ws/install/hfield_cpp/lib/python3.12/site-packages'
[0.542s] Level 1:colcon.colcon_core.environment:checking '/home/eloisezeng/ros2_ws/install/hfield_cpp/bin'
[0.542s] INFO:colcon.colcon_core.shell:Creating package descriptor '/home/eloisezeng/ros2_ws/install/hfield_cpp/share/hfield_cpp/package.dsv'
[0.542s] INFO:colcon.colcon_core.shell:Creating package script '/home/eloisezeng/ros2_ws/install/hfield_cpp/share/hfield_cpp/package.sh'
[0.543s] INFO:colcon.colcon_core.shell:Creating package script '/home/eloisezeng/ros2_ws/install/hfield_cpp/share/hfield_cpp/package.bash'
[0.543s] INFO:colcon.colcon_core.shell:Creating package script '/home/eloisezeng/ros2_ws/install/hfield_cpp/share/hfield_cpp/package.zsh'
[0.543s] Level 1:colcon.colcon_core.environment:create_file_with_runtime_dependencies(/home/eloisezeng/ros2_ws/install/hfield_cpp/share/colcon-core/packages/hfield_cpp)
[0.544s] DEBUG:colcon.colcon_core.event_handler.log_command:Invoked command in '/home/eloisezeng/ros2_ws/build/realsense2_camera_msgs' returned '0': CMAKE_PREFIX_PATH=${CMAKE_PREFIX_PATH}:/home/eloisezeng/ros2_ws/install/my_new_pkg:/home/eloisezeng/ros2_ws/install/my_launch:/opt/ros/jazzy DEBUGINFOD_URLS=https://debuginfod.ubuntu.com PS1=(ros312) \[\e]0;\u@\h: \w\a\]${debian_chroot:+($debian_chroot)}\[\033[01;32m\]\u@\h\[\033[00m\]:\[\033[01;34m\]\w\[\033[00m\]\$ VIRTUAL_ENV_PROMPT=(ros312) /usr/bin/cmake --build /home/eloisezeng/ros2_ws/build/realsense2_camera_msgs -- -j32 -l32
[0.544s] DEBUG:colcon.colcon_core.event_handler.log_command:Invoking command in '/home/eloisezeng/ros2_ws/build/realsense2_camera_msgs': CMAKE_PREFIX_PATH=${CMAKE_PREFIX_PATH}:/home/eloisezeng/ros2_ws/install/my_new_pkg:/home/eloisezeng/ros2_ws/install/my_launch:/opt/ros/jazzy DEBUGINFOD_URLS=https://debuginfod.ubuntu.com PS1=(ros312) \[\e]0;\u@\h: \w\a\]${debian_chroot:+($debian_chroot)}\[\033[01;32m\]\u@\h\[\033[00m\]:\[\033[01;34m\]\w\[\033[00m\]\$ VIRTUAL_ENV_PROMPT=(ros312) /usr/bin/cmake --install /home/eloisezeng/ros2_ws/build/realsense2_camera_msgs
[0.626s] Level 1:colcon.colcon_core.environment:create_environment_scripts_only(realsense2_camera_msgs)
[0.626s] Level 1:colcon.colcon_core.environment:checking '/home/eloisezeng/ros2_ws/install/realsense2_camera_msgs' for CMake module files
[0.626s] DEBUG:colcon.colcon_core.event_handler.log_command:Invoked command in '/home/eloisezeng/ros2_ws/build/realsense2_camera_msgs' returned '0': CMAKE_PREFIX_PATH=${CMAKE_PREFIX_PATH}:/home/eloisezeng/ros2_ws/install/my_new_pkg:/home/eloisezeng/ros2_ws/install/my_launch:/opt/ros/jazzy DEBUGINFOD_URLS=https://debuginfod.ubuntu.com PS1=(ros312) \[\e]0;\u@\h: \w\a\]${debian_chroot:+($debian_chroot)}\[\033[01;32m\]\u@\h\[\033[00m\]:\[\033[01;34m\]\w\[\033[00m\]\$ VIRTUAL_ENV_PROMPT=(ros312) /usr/bin/cmake --install /home/eloisezeng/ros2_ws/build/realsense2_camera_msgs
[0.627s] Level 1:colcon.colcon_core.environment:checking '/home/eloisezeng/ros2_ws/install/realsense2_camera_msgs' for CMake config files
[0.628s] Level 1:colcon.colcon_core.shell:create_environment_hook('realsense2_camera_msgs', 'cmake_prefix_path')
[0.628s] INFO:colcon.colcon_core.shell:Creating environment descriptor '/home/eloisezeng/ros2_ws/install/realsense2_camera_msgs/share/realsense2_camera_msgs/hook/cmake_prefix_path.dsv'
[0.629s] INFO:colcon.colcon_core.shell:Creating environment hook '/home/eloisezeng/ros2_ws/install/realsense2_camera_msgs/share/realsense2_camera_msgs/hook/cmake_prefix_path.sh'
[0.629s] Level 1:colcon.colcon_core.environment:checking '/home/eloisezeng/ros2_ws/install/realsense2_camera_msgs/lib'
[0.629s] Level 1:colcon.colcon_core.shell:create_environment_hook('realsense2_camera_msgs', 'ld_library_path_lib')
[0.629s] INFO:colcon.colcon_core.shell:Creating environment descriptor '/home/eloisezeng/ros2_ws/install/realsense2_camera_msgs/share/realsense2_camera_msgs/hook/ld_library_path_lib.dsv'
[0.629s] INFO:colcon.colcon_core.shell:Creating environment hook '/home/eloisezeng/ros2_ws/install/realsense2_camera_msgs/share/realsense2_camera_msgs/hook/ld_library_path_lib.sh'
[0.630s] Level 1:colcon.colcon_core.environment:checking '/home/eloisezeng/ros2_ws/install/realsense2_camera_msgs/bin'
[0.630s] Level 1:colcon.colcon_core.environment:checking '/home/eloisezeng/ros2_ws/install/realsense2_camera_msgs/lib/pkgconfig/realsense2_camera_msgs.pc'
[0.630s] Level 1:colcon.colcon_core.environment:checking '/home/eloisezeng/ros2_ws/install/realsense2_camera_msgs/lib/python3.12/site-packages'
[0.630s] Level 1:colcon.colcon_core.shell:create_environment_hook('realsense2_camera_msgs', 'pythonpath')
[0.630s] INFO:colcon.colcon_core.shell:Creating environment descriptor '/home/eloisezeng/ros2_ws/install/realsense2_camera_msgs/share/realsense2_camera_msgs/hook/pythonpath.dsv'
[0.630s] INFO:colcon.colcon_core.shell:Creating environment hook '/home/eloisezeng/ros2_ws/install/realsense2_camera_msgs/share/realsense2_camera_msgs/hook/pythonpath.sh'
[0.631s] Level 1:colcon.colcon_core.environment:checking '/home/eloisezeng/ros2_ws/install/realsense2_camera_msgs/bin'
[0.631s] INFO:colcon.colcon_core.shell:Creating package descriptor '/home/eloisezeng/ros2_ws/install/realsense2_camera_msgs/share/realsense2_camera_msgs/package.dsv'
[0.631s] INFO:colcon.colcon_core.shell:Creating package script '/home/eloisezeng/ros2_ws/install/realsense2_camera_msgs/share/realsense2_camera_msgs/package.sh'
[0.631s] INFO:colcon.colcon_core.shell:Creating package script '/home/eloisezeng/ros2_ws/install/realsense2_camera_msgs/share/realsense2_camera_msgs/package.bash'
[0.632s] INFO:colcon.colcon_core.shell:Creating package script '/home/eloisezeng/ros2_ws/install/realsense2_camera_msgs/share/realsense2_camera_msgs/package.zsh'
[0.632s] Level 1:colcon.colcon_core.environment:create_file_with_runtime_dependencies(/home/eloisezeng/ros2_ws/install/realsense2_camera_msgs/share/colcon-core/packages/realsense2_camera_msgs)
[0.632s] Level 1:colcon.colcon_core.environment:create_environment_scripts_only(realsense2_camera_msgs)
[0.633s] Level 1:colcon.colcon_core.environment:checking '/home/eloisezeng/ros2_ws/install/realsense2_camera_msgs' for CMake module files
[0.633s] Level 1:colcon.colcon_core.environment:checking '/home/eloisezeng/ros2_ws/install/realsense2_camera_msgs' for CMake config files
[0.634s] Level 1:colcon.colcon_core.shell:create_environment_hook('realsense2_camera_msgs', 'cmake_prefix_path')
[0.634s] INFO:colcon.colcon_core.shell:Creating environment descriptor '/home/eloisezeng/ros2_ws/install/realsense2_camera_msgs/share/realsense2_camera_msgs/hook/cmake_prefix_path.dsv'
[0.635s] INFO:colcon.colcon_core.shell:Creating environment hook '/home/eloisezeng/ros2_ws/install/realsense2_camera_msgs/share/realsense2_camera_msgs/hook/cmake_prefix_path.sh'
[0.635s] Level 1:colcon.colcon_core.environment:checking '/home/eloisezeng/ros2_ws/install/realsense2_camera_msgs/lib'
[0.635s] Level 1:colcon.colcon_core.shell:create_environment_hook('realsense2_camera_msgs', 'ld_library_path_lib')
[0.635s] INFO:colcon.colcon_core.shell:Creating environment descriptor '/home/eloisezeng/ros2_ws/install/realsense2_camera_msgs/share/realsense2_camera_msgs/hook/ld_library_path_lib.dsv'
[0.635s] INFO:colcon.colcon_core.shell:Creating environment hook '/home/eloisezeng/ros2_ws/install/realsense2_camera_msgs/share/realsense2_camera_msgs/hook/ld_library_path_lib.sh'
[0.636s] Level 1:colcon.colcon_core.environment:checking '/home/eloisezeng/ros2_ws/install/realsense2_camera_msgs/bin'
[0.636s] Level 1:colcon.colcon_core.environment:checking '/home/eloisezeng/ros2_ws/install/realsense2_camera_msgs/lib/pkgconfig/realsense2_camera_msgs.pc'
[0.636s] Level 1:colcon.colcon_core.environment:checking '/home/eloisezeng/ros2_ws/install/realsense2_camera_msgs/lib/python3.12/site-packages'
[0.636s] Level 1:colcon.colcon_core.shell:create_environment_hook('realsense2_camera_msgs', 'pythonpath')
[0.636s] INFO:colcon.colcon_core.shell:Creating environment descriptor '/home/eloisezeng/ros2_ws/install/realsense2_camera_msgs/share/realsense2_camera_msgs/hook/pythonpath.dsv'
[0.636s] INFO:colcon.colcon_core.shell:Creating environment hook '/home/eloisezeng/ros2_ws/install/realsense2_camera_msgs/share/realsense2_camera_msgs/hook/pythonpath.sh'
[0.637s] Level 1:colcon.colcon_core.environment:checking '/home/eloisezeng/ros2_ws/install/realsense2_camera_msgs/bin'
[0.637s] INFO:colcon.colcon_core.shell:Creating package descriptor '/home/eloisezeng/ros2_ws/install/realsense2_camera_msgs/share/realsense2_camera_msgs/package.dsv'
[0.637s] INFO:colcon.colcon_core.shell:Creating package script '/home/eloisezeng/ros2_ws/install/realsense2_camera_msgs/share/realsense2_camera_msgs/package.sh'
[0.637s] INFO:colcon.colcon_core.shell:Creating package script '/home/eloisezeng/ros2_ws/install/realsense2_camera_msgs/share/realsense2_camera_msgs/package.bash'
[0.638s] INFO:colcon.colcon_core.shell:Creating package script '/home/eloisezeng/ros2_ws/install/realsense2_camera_msgs/share/realsense2_camera_msgs/package.zsh'
[0.638s] Level 1:colcon.colcon_core.environment:create_file_with_runtime_dependencies(/home/eloisezeng/ros2_ws/install/realsense2_camera_msgs/share/colcon-core/packages/realsense2_camera_msgs)
[0.638s] INFO:colcon.colcon_ros.task.ament_cmake.build:Building ROS package in '/home/eloisezeng/ros2_ws/src/realsense-ros/realsense2_camera' with build type 'ament_cmake'
[0.638s] INFO:colcon.colcon_cmake.task.cmake.build:Building CMake package in '/home/eloisezeng/ros2_ws/src/realsense-ros/realsense2_camera'
[0.638s] DEBUG:colcon.colcon_core.shell:Skip shell extension 'dsv' for command environment
[0.641s] INFO:colcon.colcon_ros.task.ament_cmake.build:Building ROS package in '/home/eloisezeng/ros2_ws/src/realsense-ros/realsense2_description' with build type 'ament_cmake'
[0.641s] INFO:colcon.colcon_cmake.task.cmake.build:Building CMake package in '/home/eloisezeng/ros2_ws/src/realsense-ros/realsense2_description'
[0.642s] DEBUG:colcon.colcon_core.shell:Skip shell extension 'dsv' for command environment
[0.647s] DEBUG:colcon.colcon_core.event_handler.log_command:Invoking command in '/home/eloisezeng/ros2_ws/build/realsense2_camera': CMAKE_PREFIX_PATH=/home/eloisezeng/ros2_ws/install/realsense2_camera_msgs:/home/eloisezeng/ros2_ws/install/hfield_cpp:/home/eloisezeng/ros2_ws/install/realsense2_description:/home/eloisezeng/ros2_ws/install/realsense2_camera:/opt/ros/jazzy/opt/gz_math_vendor:/opt/ros/jazzy/opt/gz_utils_vendor:/opt/ros/jazzy/opt/gz_cmake_vendor:/home/eloisezeng/ros2_ws/install/my_new_pkg:/home/eloisezeng/ros2_ws/install/my_launch:/opt/ros/jazzy DEBUGINFOD_URLS=https://debuginfod.ubuntu.com LD_LIBRARY_PATH=/home/eloisezeng/ros2_ws/install/realsense2_camera_msgs/lib:/home/eloisezeng/ros2_ws/install/realsense2_camera/lib:/opt/ros/jazzy/opt/rviz_ogre_vendor/lib:/opt/ros/jazzy/lib/x86_64-linux-gnu:/opt/ros/jazzy/opt/gz_math_vendor/lib:/opt/ros/jazzy/opt/gz_utils_vendor/lib:/opt/ros/jazzy/opt/gz_cmake_vendor/lib:/opt/ros/jazzy/lib PS1=(ros312) \[\e]0;\u@\h: \w\a\]${debian_chroot:+($debian_chroot)}\[\033[01;32m\]\u@\h\[\033[00m\]:\[\033[01;34m\]\w\[\033[00m\]\$ PYTHONPATH=/home/eloisezeng/ros2_ws/install/realsense2_camera_msgs/lib/python3.12/site-packages:/home/eloisezeng/ros2_ws/build/my_new_pkg:/home/eloisezeng/ros2_ws/build/my_launch:/home/eloisezeng/ros2_ws/install/my_new_pkg/lib/python3.12/site-packages:/home/eloisezeng/ros2_ws/install/my_launch/lib/python3.12/site-packages:/opt/ros/jazzy/lib/python3.12/site-packages VIRTUAL_ENV_PROMPT=(ros312) /usr/bin/cmake --build /home/eloisezeng/ros2_ws/build/realsense2_camera -- -j32 -l32
[0.649s] DEBUG:colcon.colcon_core.event_handler.log_command:Invoking command in '/home/eloisezeng/ros2_ws/build/realsense2_description': CMAKE_PREFIX_PATH=/home/eloisezeng/ros2_ws/install/realsense2_camera_msgs:/home/eloisezeng/ros2_ws/install/hfield_cpp:/home/eloisezeng/ros2_ws/install/realsense2_description:/home/eloisezeng/ros2_ws/install/realsense2_camera:/opt/ros/jazzy/opt/gz_math_vendor:/opt/ros/jazzy/opt/gz_utils_vendor:/opt/ros/jazzy/opt/gz_cmake_vendor:/home/eloisezeng/ros2_ws/install/my_new_pkg:/home/eloisezeng/ros2_ws/install/my_launch:/opt/ros/jazzy DEBUGINFOD_URLS=https://debuginfod.ubuntu.com LD_LIBRARY_PATH=/home/eloisezeng/ros2_ws/install/realsense2_camera_msgs/lib:/home/eloisezeng/ros2_ws/install/realsense2_camera/lib:/opt/ros/jazzy/opt/rviz_ogre_vendor/lib:/opt/ros/jazzy/lib/x86_64-linux-gnu:/opt/ros/jazzy/opt/gz_math_vendor/lib:/opt/ros/jazzy/opt/gz_utils_vendor/lib:/opt/ros/jazzy/opt/gz_cmake_vendor/lib:/opt/ros/jazzy/lib PS1=(ros312) \[\e]0;\u@\h: \w\a\]${debian_chroot:+($debian_chroot)}\[\033[01;32m\]\u@\h\[\033[00m\]:\[\033[01;34m\]\w\[\033[00m\]\$ PYTHONPATH=/home/eloisezeng/ros2_ws/install/realsense2_camera_msgs/lib/python3.12/site-packages:/home/eloisezeng/ros2_ws/build/my_new_pkg:/home/eloisezeng/ros2_ws/build/my_launch:/home/eloisezeng/ros2_ws/install/my_new_pkg/lib/python3.12/site-packages:/home/eloisezeng/ros2_ws/install/my_launch/lib/python3.12/site-packages:/opt/ros/jazzy/lib/python3.12/site-packages VIRTUAL_ENV_PROMPT=(ros312) /usr/bin/cmake --build /home/eloisezeng/ros2_ws/build/realsense2_description -- -j32 -l32
[0.679s] DEBUG:colcon.colcon_core.event_handler.log_command:Invoked command in '/home/eloisezeng/ros2_ws/build/realsense2_description' returned '0': CMAKE_PREFIX_PATH=/home/eloisezeng/ros2_ws/install/realsense2_camera_msgs:/home/eloisezeng/ros2_ws/install/hfield_cpp:/home/eloisezeng/ros2_ws/install/realsense2_description:/home/eloisezeng/ros2_ws/install/realsense2_camera:/opt/ros/jazzy/opt/gz_math_vendor:/opt/ros/jazzy/opt/gz_utils_vendor:/opt/ros/jazzy/opt/gz_cmake_vendor:/home/eloisezeng/ros2_ws/install/my_new_pkg:/home/eloisezeng/ros2_ws/install/my_launch:/opt/ros/jazzy DEBUGINFOD_URLS=https://debuginfod.ubuntu.com LD_LIBRARY_PATH=/home/eloisezeng/ros2_ws/install/realsense2_camera_msgs/lib:/home/eloisezeng/ros2_ws/install/realsense2_camera/lib:/opt/ros/jazzy/opt/rviz_ogre_vendor/lib:/opt/ros/jazzy/lib/x86_64-linux-gnu:/opt/ros/jazzy/opt/gz_math_vendor/lib:/opt/ros/jazzy/opt/gz_utils_vendor/lib:/opt/ros/jazzy/opt/gz_cmake_vendor/lib:/opt/ros/jazzy/lib PS1=(ros312) \[\e]0;\u@\h: \w\a\]${debian_chroot:+($debian_chroot)}\[\033[01;32m\]\u@\h\[\033[00m\]:\[\033[01;34m\]\w\[\033[00m\]\$ PYTHONPATH=/home/eloisezeng/ros2_ws/install/realsense2_camera_msgs/lib/python3.12/site-packages:/home/eloisezeng/ros2_ws/build/my_new_pkg:/home/eloisezeng/ros2_ws/build/my_launch:/home/eloisezeng/ros2_ws/install/my_new_pkg/lib/python3.12/site-packages:/home/eloisezeng/ros2_ws/install/my_launch/lib/python3.12/site-packages:/opt/ros/jazzy/lib/python3.12/site-packages VIRTUAL_ENV_PROMPT=(ros312) /usr/bin/cmake --build /home/eloisezeng/ros2_ws/build/realsense2_description -- -j32 -l32
[0.680s] DEBUG:colcon.colcon_core.event_handler.log_command:Invoking command in '/home/eloisezeng/ros2_ws/build/realsense2_description': CMAKE_PREFIX_PATH=/home/eloisezeng/ros2_ws/install/realsense2_camera_msgs:/home/eloisezeng/ros2_ws/install/hfield_cpp:/home/eloisezeng/ros2_ws/install/realsense2_description:/home/eloisezeng/ros2_ws/install/realsense2_camera:/opt/ros/jazzy/opt/gz_math_vendor:/opt/ros/jazzy/opt/gz_utils_vendor:/opt/ros/jazzy/opt/gz_cmake_vendor:/home/eloisezeng/ros2_ws/install/my_new_pkg:/home/eloisezeng/ros2_ws/install/my_launch:/opt/ros/jazzy DEBUGINFOD_URLS=https://debuginfod.ubuntu.com LD_LIBRARY_PATH=/home/eloisezeng/ros2_ws/install/realsense2_camera_msgs/lib:/home/eloisezeng/ros2_ws/install/realsense2_camera/lib:/opt/ros/jazzy/opt/rviz_ogre_vendor/lib:/opt/ros/jazzy/lib/x86_64-linux-gnu:/opt/ros/jazzy/opt/gz_math_vendor/lib:/opt/ros/jazzy/opt/gz_utils_vendor/lib:/opt/ros/jazzy/opt/gz_cmake_vendor/lib:/opt/ros/jazzy/lib PS1=(ros312) \[\e]0;\u@\h: \w\a\]${debian_chroot:+($debian_chroot)}\[\033[01;32m\]\u@\h\[\033[00m\]:\[\033[01;34m\]\w\[\033[00m\]\$ PYTHONPATH=/home/eloisezeng/ros2_ws/install/realsense2_camera_msgs/lib/python3.12/site-packages:/home/eloisezeng/ros2_ws/build/my_new_pkg:/home/eloisezeng/ros2_ws/build/my_launch:/home/eloisezeng/ros2_ws/install/my_new_pkg/lib/python3.12/site-packages:/home/eloisezeng/ros2_ws/install/my_launch/lib/python3.12/site-packages:/opt/ros/jazzy/lib/python3.12/site-packages VIRTUAL_ENV_PROMPT=(ros312) /usr/bin/cmake --install /home/eloisezeng/ros2_ws/build/realsense2_description
[0.700s] Level 1:colcon.colcon_core.environment:create_environment_scripts_only(realsense2_description)
[0.700s] Level 1:colcon.colcon_core.environment:checking '/home/eloisezeng/ros2_ws/install/realsense2_description' for CMake module files
[0.701s] DEBUG:colcon.colcon_core.event_handler.log_command:Invoked command in '/home/eloisezeng/ros2_ws/build/realsense2_description' returned '0': CMAKE_PREFIX_PATH=/home/eloisezeng/ros2_ws/install/realsense2_camera_msgs:/home/eloisezeng/ros2_ws/install/hfield_cpp:/home/eloisezeng/ros2_ws/install/realsense2_description:/home/eloisezeng/ros2_ws/install/realsense2_camera:/opt/ros/jazzy/opt/gz_math_vendor:/opt/ros/jazzy/opt/gz_utils_vendor:/opt/ros/jazzy/opt/gz_cmake_vendor:/home/eloisezeng/ros2_ws/install/my_new_pkg:/home/eloisezeng/ros2_ws/install/my_launch:/opt/ros/jazzy DEBUGINFOD_URLS=https://debuginfod.ubuntu.com LD_LIBRARY_PATH=/home/eloisezeng/ros2_ws/install/realsense2_camera_msgs/lib:/home/eloisezeng/ros2_ws/install/realsense2_camera/lib:/opt/ros/jazzy/opt/rviz_ogre_vendor/lib:/opt/ros/jazzy/lib/x86_64-linux-gnu:/opt/ros/jazzy/opt/gz_math_vendor/lib:/opt/ros/jazzy/opt/gz_utils_vendor/lib:/opt/ros/jazzy/opt/gz_cmake_vendor/lib:/opt/ros/jazzy/lib PS1=(ros312) \[\e]0;\u@\h: \w\a\]${debian_chroot:+($debian_chroot)}\[\033[01;32m\]\u@\h\[\033[00m\]:\[\033[01;34m\]\w\[\033[00m\]\$ PYTHONPATH=/home/eloisezeng/ros2_ws/install/realsense2_camera_msgs/lib/python3.12/site-packages:/home/eloisezeng/ros2_ws/build/my_new_pkg:/home/eloisezeng/ros2_ws/build/my_launch:/home/eloisezeng/ros2_ws/install/my_new_pkg/lib/python3.12/site-packages:/home/eloisezeng/ros2_ws/install/my_launch/lib/python3.12/site-packages:/opt/ros/jazzy/lib/python3.12/site-packages VIRTUAL_ENV_PROMPT=(ros312) /usr/bin/cmake --install /home/eloisezeng/ros2_ws/build/realsense2_description
[0.701s] Level 1:colcon.colcon_core.environment:checking '/home/eloisezeng/ros2_ws/install/realsense2_description' for CMake config files
[0.701s] Level 1:colcon.colcon_core.shell:create_environment_hook('realsense2_description', 'cmake_prefix_path')
[0.701s] INFO:colcon.colcon_core.shell:Creating environment descriptor '/home/eloisezeng/ros2_ws/install/realsense2_description/share/realsense2_description/hook/cmake_prefix_path.dsv'
[0.702s] INFO:colcon.colcon_core.shell:Creating environment hook '/home/eloisezeng/ros2_ws/install/realsense2_description/share/realsense2_description/hook/cmake_prefix_path.sh'
[0.702s] Level 1:colcon.colcon_core.environment:checking '/home/eloisezeng/ros2_ws/install/realsense2_description/bin'
[0.702s] Level 1:colcon.colcon_core.environment:checking '/home/eloisezeng/ros2_ws/install/realsense2_description/lib/pkgconfig/realsense2_description.pc'
[0.702s] Level 1:colcon.colcon_core.environment:checking '/home/eloisezeng/ros2_ws/install/realsense2_description/lib/python3.12/site-packages'
[0.702s] Level 1:colcon.colcon_core.environment:checking '/home/eloisezeng/ros2_ws/install/realsense2_description/bin'
[0.703s] INFO:colcon.colcon_core.shell:Creating package descriptor '/home/eloisezeng/ros2_ws/install/realsense2_description/share/realsense2_description/package.dsv'
[0.703s] INFO:colcon.colcon_core.shell:Creating package script '/home/eloisezeng/ros2_ws/install/realsense2_description/share/realsense2_description/package.sh'
[0.703s] INFO:colcon.colcon_core.shell:Creating package script '/home/eloisezeng/ros2_ws/install/realsense2_description/share/realsense2_description/package.bash'
[0.703s] INFO:colcon.colcon_core.shell:Creating package script '/home/eloisezeng/ros2_ws/install/realsense2_description/share/realsense2_description/package.zsh'
[0.704s] Level 1:colcon.colcon_core.environment:create_file_with_runtime_dependencies(/home/eloisezeng/ros2_ws/install/realsense2_description/share/colcon-core/packages/realsense2_description)
[0.704s] Level 1:colcon.colcon_core.environment:create_environment_scripts_only(realsense2_description)
[0.704s] Level 1:colcon.colcon_core.environment:checking '/home/eloisezeng/ros2_ws/install/realsense2_description' for CMake module files
[0.705s] Level 1:colcon.colcon_core.environment:checking '/home/eloisezeng/ros2_ws/install/realsense2_description' for CMake config files
[0.705s] Level 1:colcon.colcon_core.shell:create_environment_hook('realsense2_description', 'cmake_prefix_path')
[0.705s] INFO:colcon.colcon_core.shell:Creating environment descriptor '/home/eloisezeng/ros2_ws/install/realsense2_description/share/realsense2_description/hook/cmake_prefix_path.dsv'
[0.705s] INFO:colcon.colcon_core.shell:Creating environment hook '/home/eloisezeng/ros2_ws/install/realsense2_description/share/realsense2_description/hook/cmake_prefix_path.sh'
[0.706s] Level 1:colcon.colcon_core.environment:checking '/home/eloisezeng/ros2_ws/install/realsense2_description/bin'
[0.706s] Level 1:colcon.colcon_core.environment:checking '/home/eloisezeng/ros2_ws/install/realsense2_description/lib/pkgconfig/realsense2_description.pc'
[0.706s] Level 1:colcon.colcon_core.environment:checking '/home/eloisezeng/ros2_ws/install/realsense2_description/lib/python3.12/site-packages'
[0.706s] Level 1:colcon.colcon_core.environment:checking '/home/eloisezeng/ros2_ws/install/realsense2_description/bin'
[0.706s] INFO:colcon.colcon_core.shell:Creating package descriptor '/home/eloisezeng/ros2_ws/install/realsense2_description/share/realsense2_description/package.dsv'
[0.707s] INFO:colcon.colcon_core.shell:Creating package script '/home/eloisezeng/ros2_ws/install/realsense2_description/share/realsense2_description/package.sh'
[0.707s] INFO:colcon.colcon_core.shell:Creating package script '/home/eloisezeng/ros2_ws/install/realsense2_description/share/realsense2_description/package.bash'
[0.707s] INFO:colcon.colcon_core.shell:Creating package script '/home/eloisezeng/ros2_ws/install/realsense2_description/share/realsense2_description/package.zsh'
[0.708s] Level 1:colcon.colcon_core.environment:create_file_with_runtime_dependencies(/home/eloisezeng/ros2_ws/install/realsense2_description/share/colcon-core/packages/realsense2_description)
[0.730s] DEBUG:colcon.colcon_core.event_handler.log_command:Invoked command in '/home/eloisezeng/ros2_ws/build/realsense2_camera' returned '0': CMAKE_PREFIX_PATH=/home/eloisezeng/ros2_ws/install/realsense2_camera_msgs:/home/eloisezeng/ros2_ws/install/hfield_cpp:/home/eloisezeng/ros2_ws/install/realsense2_description:/home/eloisezeng/ros2_ws/install/realsense2_camera:/opt/ros/jazzy/opt/gz_math_vendor:/opt/ros/jazzy/opt/gz_utils_vendor:/opt/ros/jazzy/opt/gz_cmake_vendor:/home/eloisezeng/ros2_ws/install/my_new_pkg:/home/eloisezeng/ros2_ws/install/my_launch:/opt/ros/jazzy DEBUGINFOD_URLS=https://debuginfod.ubuntu.com LD_LIBRARY_PATH=/home/eloisezeng/ros2_ws/install/realsense2_camera_msgs/lib:/home/eloisezeng/ros2_ws/install/realsense2_camera/lib:/opt/ros/jazzy/opt/rviz_ogre_vendor/lib:/opt/ros/jazzy/lib/x86_64-linux-gnu:/opt/ros/jazzy/opt/gz_math_vendor/lib:/opt/ros/jazzy/opt/gz_utils_vendor/lib:/opt/ros/jazzy/opt/gz_cmake_vendor/lib:/opt/ros/jazzy/lib PS1=(ros312) \[\e]0;\u@\h: \w\a\]${debian_chroot:+($debian_chroot)}\[\033[01;32m\]\u@\h\[\033[00m\]:\[\033[01;34m\]\w\[\033[00m\]\$ PYTHONPATH=/home/eloisezeng/ros2_ws/install/realsense2_camera_msgs/lib/python3.12/site-packages:/home/eloisezeng/ros2_ws/build/my_new_pkg:/home/eloisezeng/ros2_ws/build/my_launch:/home/eloisezeng/ros2_ws/install/my_new_pkg/lib/python3.12/site-packages:/home/eloisezeng/ros2_ws/install/my_launch/lib/python3.12/site-packages:/opt/ros/jazzy/lib/python3.12/site-packages VIRTUAL_ENV_PROMPT=(ros312) /usr/bin/cmake --build /home/eloisezeng/ros2_ws/build/realsense2_camera -- -j32 -l32
[0.731s] DEBUG:colcon.colcon_core.event_handler.log_command:Invoking command in '/home/eloisezeng/ros2_ws/build/realsense2_camera': CMAKE_PREFIX_PATH=/home/eloisezeng/ros2_ws/install/realsense2_camera_msgs:/home/eloisezeng/ros2_ws/install/hfield_cpp:/home/eloisezeng/ros2_ws/install/realsense2_description:/home/eloisezeng/ros2_ws/install/realsense2_camera:/opt/ros/jazzy/opt/gz_math_vendor:/opt/ros/jazzy/opt/gz_utils_vendor:/opt/ros/jazzy/opt/gz_cmake_vendor:/home/eloisezeng/ros2_ws/install/my_new_pkg:/home/eloisezeng/ros2_ws/install/my_launch:/opt/ros/jazzy DEBUGINFOD_URLS=https://debuginfod.ubuntu.com LD_LIBRARY_PATH=/home/eloisezeng/ros2_ws/install/realsense2_camera_msgs/lib:/home/eloisezeng/ros2_ws/install/realsense2_camera/lib:/opt/ros/jazzy/opt/rviz_ogre_vendor/lib:/opt/ros/jazzy/lib/x86_64-linux-gnu:/opt/ros/jazzy/opt/gz_math_vendor/lib:/opt/ros/jazzy/opt/gz_utils_vendor/lib:/opt/ros/jazzy/opt/gz_cmake_vendor/lib:/opt/ros/jazzy/lib PS1=(ros312) \[\e]0;\u@\h: \w\a\]${debian_chroot:+($debian_chroot)}\[\033[01;32m\]\u@\h\[\033[00m\]:\[\033[01;34m\]\w\[\033[00m\]\$ PYTHONPATH=/home/eloisezeng/ros2_ws/install/realsense2_camera_msgs/lib/python3.12/site-packages:/home/eloisezeng/ros2_ws/build/my_new_pkg:/home/eloisezeng/ros2_ws/build/my_launch:/home/eloisezeng/ros2_ws/install/my_new_pkg/lib/python3.12/site-packages:/home/eloisezeng/ros2_ws/install/my_launch/lib/python3.12/site-packages:/opt/ros/jazzy/lib/python3.12/site-packages VIRTUAL_ENV_PROMPT=(ros312) /usr/bin/cmake --install /home/eloisezeng/ros2_ws/build/realsense2_camera
[0.754s] Level 1:colcon.colcon_core.environment:create_environment_scripts_only(realsense2_camera)
[0.754s] DEBUG:colcon.colcon_core.event_handler.log_command:Invoked command in '/home/eloisezeng/ros2_ws/build/realsense2_camera' returned '0': CMAKE_PREFIX_PATH=/home/eloisezeng/ros2_ws/install/realsense2_camera_msgs:/home/eloisezeng/ros2_ws/install/hfield_cpp:/home/eloisezeng/ros2_ws/install/realsense2_description:/home/eloisezeng/ros2_ws/install/realsense2_camera:/opt/ros/jazzy/opt/gz_math_vendor:/opt/ros/jazzy/opt/gz_utils_vendor:/opt/ros/jazzy/opt/gz_cmake_vendor:/home/eloisezeng/ros2_ws/install/my_new_pkg:/home/eloisezeng/ros2_ws/install/my_launch:/opt/ros/jazzy DEBUGINFOD_URLS=https://debuginfod.ubuntu.com LD_LIBRARY_PATH=/home/eloisezeng/ros2_ws/install/realsense2_camera_msgs/lib:/home/eloisezeng/ros2_ws/install/realsense2_camera/lib:/opt/ros/jazzy/opt/rviz_ogre_vendor/lib:/opt/ros/jazzy/lib/x86_64-linux-gnu:/opt/ros/jazzy/opt/gz_math_vendor/lib:/opt/ros/jazzy/opt/gz_utils_vendor/lib:/opt/ros/jazzy/opt/gz_cmake_vendor/lib:/opt/ros/jazzy/lib PS1=(ros312) \[\e]0;\u@\h: \w\a\]${debian_chroot:+($debian_chroot)}\[\033[01;32m\]\u@\h\[\033[00m\]:\[\033[01;34m\]\w\[\033[00m\]\$ PYTHONPATH=/home/eloisezeng/ros2_ws/install/realsense2_camera_msgs/lib/python3.12/site-packages:/home/eloisezeng/ros2_ws/build/my_new_pkg:/home/eloisezeng/ros2_ws/build/my_launch:/home/eloisezeng/ros2_ws/install/my_new_pkg/lib/python3.12/site-packages:/home/eloisezeng/ros2_ws/install/my_launch/lib/python3.12/site-packages:/opt/ros/jazzy/lib/python3.12/site-packages VIRTUAL_ENV_PROMPT=(ros312) /usr/bin/cmake --install /home/eloisezeng/ros2_ws/build/realsense2_camera
[0.754s] Level 1:colcon.colcon_core.environment:checking '/home/eloisezeng/ros2_ws/install/realsense2_camera' for CMake module files
[0.754s] Level 1:colcon.colcon_core.environment:checking '/home/eloisezeng/ros2_ws/install/realsense2_camera' for CMake config files
[0.755s] Level 1:colcon.colcon_core.shell:create_environment_hook('realsense2_camera', 'cmake_prefix_path')
[0.755s] INFO:colcon.colcon_core.shell:Creating environment descriptor '/home/eloisezeng/ros2_ws/install/realsense2_camera/share/realsense2_camera/hook/cmake_prefix_path.dsv'
[0.756s] INFO:colcon.colcon_core.shell:Creating environment hook '/home/eloisezeng/ros2_ws/install/realsense2_camera/share/realsense2_camera/hook/cmake_prefix_path.sh'
[0.756s] Level 1:colcon.colcon_core.environment:checking '/home/eloisezeng/ros2_ws/install/realsense2_camera/lib'
[0.756s] Level 1:colcon.colcon_core.shell:create_environment_hook('realsense2_camera', 'ld_library_path_lib')
[0.756s] INFO:colcon.colcon_core.shell:Creating environment descriptor '/home/eloisezeng/ros2_ws/install/realsense2_camera/share/realsense2_camera/hook/ld_library_path_lib.dsv'
[0.756s] INFO:colcon.colcon_core.shell:Creating environment hook '/home/eloisezeng/ros2_ws/install/realsense2_camera/share/realsense2_camera/hook/ld_library_path_lib.sh'
[0.757s] Level 1:colcon.colcon_core.environment:checking '/home/eloisezeng/ros2_ws/install/realsense2_camera/bin'
[0.757s] Level 1:colcon.colcon_core.environment:checking '/home/eloisezeng/ros2_ws/install/realsense2_camera/lib/pkgconfig/realsense2_camera.pc'
[0.757s] Level 1:colcon.colcon_core.environment:checking '/home/eloisezeng/ros2_ws/install/realsense2_camera/lib/python3.12/site-packages'
[0.757s] Level 1:colcon.colcon_core.environment:checking '/home/eloisezeng/ros2_ws/install/realsense2_camera/bin'
[0.757s] INFO:colcon.colcon_core.shell:Creating package descriptor '/home/eloisezeng/ros2_ws/install/realsense2_camera/share/realsense2_camera/package.dsv'
[0.757s] INFO:colcon.colcon_core.shell:Creating package script '/home/eloisezeng/ros2_ws/install/realsense2_camera/share/realsense2_camera/package.sh'
[0.758s] INFO:colcon.colcon_core.shell:Creating package script '/home/eloisezeng/ros2_ws/install/realsense2_camera/share/realsense2_camera/package.bash'
[0.758s] INFO:colcon.colcon_core.shell:Creating package script '/home/eloisezeng/ros2_ws/install/realsense2_camera/share/realsense2_camera/package.zsh'
[0.758s] Level 1:colcon.colcon_core.environment:create_file_with_runtime_dependencies(/home/eloisezeng/ros2_ws/install/realsense2_camera/share/colcon-core/packages/realsense2_camera)
[0.759s] Level 1:colcon.colcon_core.environment:create_environment_scripts_only(realsense2_camera)
[0.759s] Level 1:colcon.colcon_core.environment:checking '/home/eloisezeng/ros2_ws/install/realsense2_camera' for CMake module files
[0.759s] Level 1:colcon.colcon_core.environment:checking '/home/eloisezeng/ros2_ws/install/realsense2_camera' for CMake config files
[0.760s] Level 1:colcon.colcon_core.shell:create_environment_hook('realsense2_camera', 'cmake_prefix_path')
[0.760s] INFO:colcon.colcon_core.shell:Creating environment descriptor '/home/eloisezeng/ros2_ws/install/realsense2_camera/share/realsense2_camera/hook/cmake_prefix_path.dsv'
[0.760s] INFO:colcon.colcon_core.shell:Creating environment hook '/home/eloisezeng/ros2_ws/install/realsense2_camera/share/realsense2_camera/hook/cmake_prefix_path.sh'
[0.760s] Level 1:colcon.colcon_core.environment:checking '/home/eloisezeng/ros2_ws/install/realsense2_camera/lib'
[0.761s] Level 1:colcon.colcon_core.shell:create_environment_hook('realsense2_camera', 'ld_library_path_lib')
[0.761s] INFO:colcon.colcon_core.shell:Creating environment descriptor '/home/eloisezeng/ros2_ws/install/realsense2_camera/share/realsense2_camera/hook/ld_library_path_lib.dsv'
[0.761s] INFO:colcon.colcon_core.shell:Creating environment hook '/home/eloisezeng/ros2_ws/install/realsense2_camera/share/realsense2_camera/hook/ld_library_path_lib.sh'
[0.761s] Level 1:colcon.colcon_core.environment:checking '/home/eloisezeng/ros2_ws/install/realsense2_camera/bin'
[0.761s] Level 1:colcon.colcon_core.environment:checking '/home/eloisezeng/ros2_ws/install/realsense2_camera/lib/pkgconfig/realsense2_camera.pc'
[0.761s] Level 1:colcon.colcon_core.environment:checking '/home/eloisezeng/ros2_ws/install/realsense2_camera/lib/python3.12/site-packages'
[0.762s] Level 1:colcon.colcon_core.environment:checking '/home/eloisezeng/ros2_ws/install/realsense2_camera/bin'
[0.762s] INFO:colcon.colcon_core.shell:Creating package descriptor '/home/eloisezeng/ros2_ws/install/realsense2_camera/share/realsense2_camera/package.dsv'
[0.762s] INFO:colcon.colcon_core.shell:Creating package script '/home/eloisezeng/ros2_ws/install/realsense2_camera/share/realsense2_camera/package.sh'
[0.762s] INFO:colcon.colcon_core.shell:Creating package script '/home/eloisezeng/ros2_ws/install/realsense2_camera/share/realsense2_camera/package.bash'
[0.763s] INFO:colcon.colcon_core.shell:Creating package script '/home/eloisezeng/ros2_ws/install/realsense2_camera/share/realsense2_camera/package.zsh'
[0.763s] Level 1:colcon.colcon_core.environment:create_file_with_runtime_dependencies(/home/eloisezeng/ros2_ws/install/realsense2_camera/share/colcon-core/packages/realsense2_camera)
[0.999s] DEBUG:colcon.colcon_core.event_handler.log_command:Invoking command in '/home/eloisezeng/ros2_ws/build/my_launch': DEBUGINFOD_URLS=https://debuginfod.ubuntu.com PS1=(ros312) \[\e]0;\u@\h: \w\a\]${debian_chroot:+($debian_chroot)}\[\033[01;32m\]\u@\h\[\033[00m\]:\[\033[01;34m\]\w\[\033[00m\]\$ PYTHONPATH=/home/eloisezeng/ros2_ws/build/my_launch/prefix_override:/usr/lib/python3/dist-packages/colcon_core/task/python/colcon_distutils_commands:/home/eloisezeng/ros2_ws/install/my_launch/lib/python3.12/site-packages:${PYTHONPATH} VIRTUAL_ENV_PROMPT=(ros312) /usr/bin/python3 -W ignore:setup.py install is deprecated -W ignore:easy_install command is deprecated setup.py develop --editable --build-directory /home/eloisezeng/ros2_ws/build/my_launch/build --no-deps symlink_data
[1.008s] DEBUG:colcon.colcon_core.event_handler.log_command:Invoking command in '/home/eloisezeng/ros2_ws/build/my_new_pkg': DEBUGINFOD_URLS=https://debuginfod.ubuntu.com PS1=(ros312) \[\e]0;\u@\h: \w\a\]${debian_chroot:+($debian_chroot)}\[\033[01;32m\]\u@\h\[\033[00m\]:\[\033[01;34m\]\w\[\033[00m\]\$ PYTHONPATH=/home/eloisezeng/ros2_ws/build/my_new_pkg/prefix_override:/usr/lib/python3/dist-packages/colcon_core/task/python/colcon_distutils_commands:/home/eloisezeng/ros2_ws/install/my_new_pkg/lib/python3.12/site-packages:${PYTHONPATH} VIRTUAL_ENV_PROMPT=(ros312) /usr/bin/python3 -W ignore:setup.py install is deprecated -W ignore:easy_install command is deprecated setup.py develop --editable --build-directory /home/eloisezeng/ros2_ws/build/my_new_pkg/build --no-deps symlink_data
[1.502s] Level 1:colcon.colcon_core.shell:create_environment_hook('my_launch', 'pythonpath_develop')
[1.502s] DEBUG:colcon.colcon_core.event_handler.log_command:Invoked command in '/home/eloisezeng/ros2_ws/build/my_launch' returned '0': DEBUGINFOD_URLS=https://debuginfod.ubuntu.com PS1=(ros312) \[\e]0;\u@\h: \w\a\]${debian_chroot:+($debian_chroot)}\[\033[01;32m\]\u@\h\[\033[00m\]:\[\033[01;34m\]\w\[\033[00m\]\$ PYTHONPATH=/home/eloisezeng/ros2_ws/build/my_launch/prefix_override:/usr/lib/python3/dist-packages/colcon_core/task/python/colcon_distutils_commands:/home/eloisezeng/ros2_ws/install/my_launch/lib/python3.12/site-packages:${PYTHONPATH} VIRTUAL_ENV_PROMPT=(ros312) /usr/bin/python3 -W ignore:setup.py install is deprecated -W ignore:easy_install command is deprecated setup.py develop --editable --build-directory /home/eloisezeng/ros2_ws/build/my_launch/build --no-deps symlink_data
[1.502s] INFO:colcon.colcon_core.shell:Creating environment descriptor '/home/eloisezeng/ros2_ws/build/my_launch/share/my_launch/hook/pythonpath_develop.dsv'
[1.503s] INFO:colcon.colcon_core.shell:Creating environment hook '/home/eloisezeng/ros2_ws/build/my_launch/share/my_launch/hook/pythonpath_develop.sh'
[1.503s] Level 1:colcon.colcon_core.environment:checking '/home/eloisezeng/ros2_ws/install/my_launch' for CMake module files
[1.504s] Level 1:colcon.colcon_core.environment:checking '/home/eloisezeng/ros2_ws/install/my_launch' for CMake config files
[1.504s] Level 1:colcon.colcon_core.environment:checking '/home/eloisezeng/ros2_ws/install/my_launch/lib'
[1.504s] Level 1:colcon.colcon_core.environment:checking '/home/eloisezeng/ros2_ws/install/my_launch/bin'
[1.504s] Level 1:colcon.colcon_core.environment:checking '/home/eloisezeng/ros2_ws/install/my_launch/lib/pkgconfig/my_launch.pc'
[1.504s] Level 1:colcon.colcon_core.environment:checking '/home/eloisezeng/ros2_ws/install/my_launch/lib/python3.12/site-packages'
[1.504s] Level 1:colcon.colcon_core.shell:create_environment_hook('my_launch', 'pythonpath')
[1.504s] INFO:colcon.colcon_core.shell:Creating environment descriptor '/home/eloisezeng/ros2_ws/install/my_launch/share/my_launch/hook/pythonpath.dsv'
[1.505s] INFO:colcon.colcon_core.shell:Creating environment hook '/home/eloisezeng/ros2_ws/install/my_launch/share/my_launch/hook/pythonpath.sh'
[1.505s] Level 1:colcon.colcon_core.environment:checking '/home/eloisezeng/ros2_ws/install/my_launch/bin'
[1.505s] Level 1:colcon.colcon_core.environment:create_environment_scripts_only(my_launch)
[1.505s] INFO:colcon.colcon_core.shell:Creating package descriptor '/home/eloisezeng/ros2_ws/install/my_launch/share/my_launch/package.dsv'
[1.506s] INFO:colcon.colcon_core.shell:Creating package script '/home/eloisezeng/ros2_ws/install/my_launch/share/my_launch/package.sh'
[1.506s] INFO:colcon.colcon_core.shell:Creating package script '/home/eloisezeng/ros2_ws/install/my_launch/share/my_launch/package.bash'
[1.506s] INFO:colcon.colcon_core.shell:Creating package script '/home/eloisezeng/ros2_ws/install/my_launch/share/my_launch/package.zsh'
[1.506s] Level 1:colcon.colcon_core.environment:create_file_with_runtime_dependencies(/home/eloisezeng/ros2_ws/install/my_launch/share/colcon-core/packages/my_launch)
[1.519s] Level 1:colcon.colcon_core.shell:create_environment_hook('my_new_pkg', 'pythonpath_develop')
[1.520s] DEBUG:colcon.colcon_core.event_handler.log_command:Invoked command in '/home/eloisezeng/ros2_ws/build/my_new_pkg' returned '0': DEBUGINFOD_URLS=https://debuginfod.ubuntu.com PS1=(ros312) \[\e]0;\u@\h: \w\a\]${debian_chroot:+($debian_chroot)}\[\033[01;32m\]\u@\h\[\033[00m\]:\[\033[01;34m\]\w\[\033[00m\]\$ PYTHONPATH=/home/eloisezeng/ros2_ws/build/my_new_pkg/prefix_override:/usr/lib/python3/dist-packages/colcon_core/task/python/colcon_distutils_commands:/home/eloisezeng/ros2_ws/install/my_new_pkg/lib/python3.12/site-packages:${PYTHONPATH} VIRTUAL_ENV_PROMPT=(ros312) /usr/bin/python3 -W ignore:setup.py install is deprecated -W ignore:easy_install command is deprecated setup.py develop --editable --build-directory /home/eloisezeng/ros2_ws/build/my_new_pkg/build --no-deps symlink_data
[1.520s] INFO:colcon.colcon_core.shell:Creating environment descriptor '/home/eloisezeng/ros2_ws/build/my_new_pkg/share/my_new_pkg/hook/pythonpath_develop.dsv'
[1.520s] INFO:colcon.colcon_core.shell:Creating environment hook '/home/eloisezeng/ros2_ws/build/my_new_pkg/share/my_new_pkg/hook/pythonpath_develop.sh'
[1.520s] Level 1:colcon.colcon_core.environment:checking '/home/eloisezeng/ros2_ws/install/my_new_pkg' for CMake module files
[1.521s] Level 1:colcon.colcon_core.environment:checking '/home/eloisezeng/ros2_ws/install/my_new_pkg' for CMake config files
[1.521s] Level 1:colcon.colcon_core.environment:checking '/home/eloisezeng/ros2_ws/install/my_new_pkg/lib'
[1.521s] Level 1:colcon.colcon_core.environment:checking '/home/eloisezeng/ros2_ws/install/my_new_pkg/bin'
[1.521s] Level 1:colcon.colcon_core.environment:checking '/home/eloisezeng/ros2_ws/install/my_new_pkg/lib/pkgconfig/my_new_pkg.pc'
[1.521s] Level 1:colcon.colcon_core.environment:checking '/home/eloisezeng/ros2_ws/install/my_new_pkg/lib/python3.12/site-packages'
[1.522s] Level 1:colcon.colcon_core.shell:create_environment_hook('my_new_pkg', 'pythonpath')
[1.522s] INFO:colcon.colcon_core.shell:Creating environment descriptor '/home/eloisezeng/ros2_ws/install/my_new_pkg/share/my_new_pkg/hook/pythonpath.dsv'
[1.522s] INFO:colcon.colcon_core.shell:Creating environment hook '/home/eloisezeng/ros2_ws/install/my_new_pkg/share/my_new_pkg/hook/pythonpath.sh'
[1.522s] Level 1:colcon.colcon_core.environment:checking '/home/eloisezeng/ros2_ws/install/my_new_pkg/bin'
[1.522s] Level 1:colcon.colcon_core.environment:create_environment_scripts_only(my_new_pkg)
[1.522s] INFO:colcon.colcon_core.shell:Creating package descriptor '/home/eloisezeng/ros2_ws/install/my_new_pkg/share/my_new_pkg/package.dsv'
[1.523s] INFO:colcon.colcon_core.shell:Creating package script '/home/eloisezeng/ros2_ws/install/my_new_pkg/share/my_new_pkg/package.sh'
[1.523s] INFO:colcon.colcon_core.shell:Creating package script '/home/eloisezeng/ros2_ws/install/my_new_pkg/share/my_new_pkg/package.bash'
[1.523s] INFO:colcon.colcon_core.shell:Creating package script '/home/eloisezeng/ros2_ws/install/my_new_pkg/share/my_new_pkg/package.zsh'
[1.524s] Level 1:colcon.colcon_core.environment:create_file_with_runtime_dependencies(/home/eloisezeng/ros2_ws/install/my_new_pkg/share/colcon-core/packages/my_new_pkg)
[1.524s] DEBUG:colcon.colcon_parallel_executor.executor.parallel:closing loop
[1.524s] DEBUG:colcon.colcon_parallel_executor.executor.parallel:loop closed
[1.524s] DEBUG:colcon.colcon_parallel_executor.executor.parallel:run_until_complete finished with '0'
[1.524s] DEBUG:colcon.colcon_core.event_reactor:joining thread
[1.528s] INFO:colcon.colcon_core.plugin_system:Skipping extension 'colcon_notification.desktop_notification.terminal_notifier': Not used on non-Darwin systems
[1.528s] INFO:colcon.colcon_core.plugin_system:Skipping extension 'colcon_notification.desktop_notification.win32': Not used on non-Windows systems
[1.528s] INFO:colcon.colcon_notification.desktop_notification:Sending desktop notification using 'notify2'
[1.534s] DEBUG:colcon.colcon_core.event_reactor:joined thread
[1.535s] INFO:colcon.colcon_core.shell:Creating prefix script '/home/eloisezeng/ros2_ws/install/local_setup.sh'
[1.535s] INFO:colcon.colcon_core.shell:Creating prefix util module '/home/eloisezeng/ros2_ws/install/_local_setup_util_sh.py'
[1.536s] INFO:colcon.colcon_core.shell:Creating prefix chain script '/home/eloisezeng/ros2_ws/install/setup.sh'
[1.537s] INFO:colcon.colcon_core.shell:Creating prefix script '/home/eloisezeng/ros2_ws/install/local_setup.bash'
[1.537s] INFO:colcon.colcon_core.shell:Creating prefix chain script '/home/eloisezeng/ros2_ws/install/setup.bash'
[1.538s] INFO:colcon.colcon_core.shell:Creating prefix script '/home/eloisezeng/ros2_ws/install/local_setup.zsh'
[1.538s] INFO:colcon.colcon_core.shell:Creating prefix chain script '/home/eloisezeng/ros2_ws/install/setup.zsh'
