gmake[2]: *** Deleting file 'rosidl_generator_py/realsense2_camera_msgs/action/_triggered_calibration_s.c'
gmake[2]: *** Deleting file 'rosidl_generator_py/realsense2_camera_msgs/srv/_calib_config_write_s.c'
gmake[2]: *** Deleting file 'rosidl_generator_py/realsense2_camera_msgs/srv/_calib_config_read_s.c'
gmake[2]: *** Deleting file 'rosidl_generator_py/realsense2_camera_msgs/srv/_device_info_s.c'
gmake[2]: *** Deleting file 'rosidl_generator_py/realsense2_camera_msgs/msg/_rgbd_s.c'
gmake[2]: *** Deleting file 'rosidl_generator_py/realsense2_camera_msgs/msg/_metadata_s.c'
gmake[2]: *** Deleting file 'rosidl_generator_py/realsense2_camera_msgs/msg/_extrinsics_s.c'
gmake[2]: *** Deleting file 'rosidl_generator_py/realsense2_camera_msgs/msg/_imu_info_s.c'
gmake[2]: *** Deleting file 'rosidl_generator_py/realsense2_camera_msgs/action/__init__.py'
gmake[2]: *** Deleting file 'rosidl_generator_py/realsense2_camera_msgs/srv/__init__.py'
gmake[2]: *** Deleting file 'rosidl_generator_py/realsense2_camera_msgs/msg/__init__.py'
gmake[2]: *** Deleting file 'rosidl_generator_py/realsense2_camera_msgs/action/_triggered_calibration.py'
gmake[2]: *** Deleting file 'rosidl_generator_py/realsense2_camera_msgs/srv/_calib_config_write.py'
gmake[2]: *** Deleting file 'rosidl_generator_py/realsense2_camera_msgs/srv/_calib_config_read.py'
gmake[2]: *** Deleting file 'rosidl_generator_py/realsense2_camera_msgs/srv/_device_info.py'
gmake[2]: *** Deleting file 'rosidl_generator_py/realsense2_camera_msgs/msg/_rgbd.py'
gmake[2]: *** Deleting file 'rosidl_generator_py/realsense2_camera_msgs/msg/_metadata.py'
gmake[2]: *** Deleting file 'rosidl_generator_py/realsense2_camera_msgs/msg/_extrinsics.py'
gmake[2]: *** Deleting file 'rosidl_generator_py/realsense2_camera_msgs/msg/_imu_info.py'
gmake[2]: *** Deleting file 'rosidl_generator_py/realsense2_camera_msgs/_realsense2_camera_msgs_s.ep.rosidl_typesupport_c.c'
gmake[2]: *** Deleting file 'rosidl_generator_py/realsense2_camera_msgs/_realsense2_camera_msgs_s.ep.rosidl_typesupport_introspection_c.c'
gmake[2]: *** [/home/eloisezeng/ros2_ws/src/build/realsense2_camera_msgs/realsense2_camera_msgs__py/CMakeFiles/realsense2_camera_msgs__py.dir/build.make:254: rosidl_generator_py/realsense2_camera_msgs/msg/_imu_info_s.c] Interrupt
gmake[2]: *** [/home/eloisezeng/ros2_ws/src/build/realsense2_camera_msgs/realsense2_camera_msgs__py/CMakeFiles/realsense2_camera_msgs__py.dir/build.make:242: rosidl_generator_py/realsense2_camera_msgs/action/_triggered_calibration.py] Interrupt
gmake[2]: *** [/home/eloisezeng/ros2_ws/src/build/realsense2_camera_msgs/realsense2_camera_msgs__py/CMakeFiles/realsense2_camera_msgs__py.dir/build.make:248: rosidl_generator_py/realsense2_camera_msgs/srv/__init__.py] Interrupt
gmake[2]: *** [/home/eloisezeng/ros2_ws/src/build/realsense2_camera_msgs/realsense2_camera_msgs__py/CMakeFiles/realsense2_camera_msgs__py.dir/build.make:257: rosidl_generator_py/realsense2_camera_msgs/msg/_extrinsics_s.c] Interrupt
gmake[2]: *** [/home/eloisezeng/ros2_ws/src/build/realsense2_camera_msgs/realsense2_camera_msgs__py/CMakeFiles/realsense2_camera_msgs__py.dir/build.make:260: rosidl_generator_py/realsense2_camera_msgs/msg/_metadata_s.c] Interrupt
gmake[2]: *** [/home/eloisezeng/ros2_ws/src/build/realsense2_camera_msgs/realsense2_camera_msgs__py/CMakeFiles/realsense2_camera_msgs__py.dir/build.make:263: rosidl_generator_py/realsense2_camera_msgs/msg/_rgbd_s.c] Interrupt
gmake[2]: *** [/home/eloisezeng/ros2_ws/src/build/realsense2_camera_msgs/realsense2_camera_msgs__py/CMakeFiles/realsense2_camera_msgs__py.dir/build.make:266: rosidl_generator_py/realsense2_camera_msgs/srv/_device_info_s.c] Interrupt
gmake[2]: *** [/home/eloisezeng/ros2_ws/src/build/realsense2_camera_msgs/realsense2_camera_msgs__py/CMakeFiles/realsense2_camera_msgs__py.dir/build.make:269: rosidl_generator_py/realsense2_camera_msgs/srv/_calib_config_read_s.c] Interrupt
gmake[2]: *** [/home/eloisezeng/ros2_ws/src/build/realsense2_camera_msgs/realsense2_camera_msgs__py/CMakeFiles/realsense2_camera_msgs__py.dir/build.make:233: rosidl_generator_py/realsense2_camera_msgs/srv/_device_info.py] Interrupt
gmake[2]: *** [/home/eloisezeng/ros2_ws/src/build/realsense2_camera_msgs/realsense2_camera_msgs__py/CMakeFiles/realsense2_camera_msgs__py.dir/build.make:272: rosidl_generator_py/realsense2_camera_msgs/srv/_calib_config_write_s.c] Interrupt
gmake[2]: *** [/home/eloisezeng/ros2_ws/src/build/realsense2_camera_msgs/realsense2_camera_msgs__py/CMakeFiles/realsense2_camera_msgs__py.dir/build.make:251: rosidl_generator_py/realsense2_camera_msgs/action/__init__.py] Interrupt
gmake[2]: *** [/home/eloisezeng/ros2_ws/src/build/realsense2_camera_msgs/realsense2_camera_msgs__py/CMakeFiles/realsense2_camera_msgs__py.dir/build.make:275: rosidl_generator_py/realsense2_camera_msgs/action/_triggered_calibration_s.c] Interrupt
gmake[2]: *** [/home/eloisezeng/ros2_ws/src/build/realsense2_camera_msgs/realsense2_camera_msgs__py/CMakeFiles/realsense2_camera_msgs__py.dir/build.make:227: rosidl_generator_py/realsense2_camera_msgs/msg/_metadata.py] Interrupt
gmake[2]: *** [/home/eloisezeng/ros2_ws/src/build/realsense2_camera_msgs/realsense2_camera_msgs__py/CMakeFiles/realsense2_camera_msgs__py.dir/build.make:236: rosidl_generator_py/realsense2_camera_msgs/srv/_calib_config_read.py] Interrupt
gmake[2]: *** [/home/eloisezeng/ros2_ws/src/build/realsense2_camera_msgs/realsense2_camera_msgs__py/CMakeFiles/realsense2_camera_msgs__py.dir/build.make:245: rosidl_generator_py/realsense2_camera_msgs/msg/__init__.py] Interrupt
gmake[2]: *** [/home/eloisezeng/ros2_ws/src/build/realsense2_camera_msgs/realsense2_camera_msgs__py/CMakeFiles/realsense2_camera_msgs__py.dir/build.make:221: rosidl_generator_py/realsense2_camera_msgs/msg/_imu_info.py] Interrupt
gmake[2]: *** [/home/eloisezeng/ros2_ws/src/build/realsense2_camera_msgs/realsense2_camera_msgs__py/CMakeFiles/realsense2_camera_msgs__py.dir/build.make:239: rosidl_generator_py/realsense2_camera_msgs/srv/_calib_config_write.py] Interrupt
gmake[1]: *** [CMakeFiles/Makefile2:621: realsense2_camera_msgs__py/CMakeFiles/realsense2_camera_msgs__py.dir/all] Interrupt
gmake: *** [Makefile:146: all] Interrupt
