[0.007s] Invoking command in '/home/eloisezeng/ros2_ws/build/realsense2_camera': CMAKE_PREFIX_PATH=/home/eloisezeng/ros2_ws/install/realsense2_camera_msgs:/home/eloisezeng/ros2_ws/install/hfield_cpp:/home/eloisezeng/ros2_ws/install/realsense2_description:/home/eloisezeng/ros2_ws/install/realsense2_camera:/opt/ros/jazzy/opt/gz_math_vendor:/opt/ros/jazzy/opt/gz_utils_vendor:/opt/ros/jazzy/opt/gz_cmake_vendor:/home/eloisezeng/ros2_ws/install/my_new_pkg:/home/eloisezeng/ros2_ws/install/my_launch:/opt/ros/jazzy DEBUGINFOD_URLS=https://debuginfod.ubuntu.com LD_LIBRARY_PATH=/home/eloisezeng/ros2_ws/install/realsense2_camera_msgs/lib:/home/eloisezeng/ros2_ws/install/realsense2_camera/lib:/opt/ros/jazzy/opt/rviz_ogre_vendor/lib:/opt/ros/jazzy/lib/x86_64-linux-gnu:/opt/ros/jazzy/opt/gz_math_vendor/lib:/opt/ros/jazzy/opt/gz_utils_vendor/lib:/opt/ros/jazzy/opt/gz_cmake_vendor/lib:/opt/ros/jazzy/lib PS1=(ros312) \[\e]0;\u@\h: \w\a\]${debian_chroot:+($debian_chroot)}\[\033[01;32m\]\u@\h\[\033[00m\]:\[\033[01;34m\]\w\[\033[00m\]\$ PYTHONPATH=/home/eloisezeng/ros2_ws/install/realsense2_camera_msgs/lib/python3.12/site-packages:/home/eloisezeng/ros2_ws/build/my_new_pkg:/home/eloisezeng/ros2_ws/build/my_launch:/home/eloisezeng/ros2_ws/install/my_new_pkg/lib/python3.12/site-packages:/home/eloisezeng/ros2_ws/install/my_launch/lib/python3.12/site-packages:/opt/ros/jazzy/lib/python3.12/site-packages VIRTUAL_ENV_PROMPT=(ros312) /usr/bin/cmake /home/eloisezeng/ros2_ws/src/realsense-ros/realsense2_camera -DMUJOCO_INCLUDE_DIR=/home/eloisezeng/venvs/ros312/lib/python3.12/site-packages/mujoco/include -DMUJOCO_LIB=/home/eloisezeng/venvs/ros312/lib/python3.12/site-packages/mujoco/libmujoco.so.3.3.5 -DAMENT_CMAKE_SYMLINK_INSTALL=1 -DCMAKE_INSTALL_PREFIX=/home/eloisezeng/ros2_ws/install/realsense2_camera
[0.049s] -- The C compiler identification is GNU 13.3.0
[0.094s] -- The CXX compiler identification is GNU 13.3.0
[0.107s] -- Detecting C compiler ABI info
[0.177s] -- Detecting C compiler ABI info - done
[0.184s] -- Check for working C compiler: /usr/bin/cc - skipped
[0.184s] -- Detecting C compile features
[0.185s] -- Detecting C compile features - done
[0.192s] -- Detecting CXX compiler ABI info
[0.270s] -- Detecting CXX compiler ABI info - done
[0.278s] -- Check for working CXX compiler: /usr/bin/c++ - skipped
[0.278s] -- Detecting CXX compile features
[0.278s] -- Detecting CXX compile features - done
[0.279s] -- Create Release Build.
[0.281s] -- Found ament_cmake: 2.5.4 (/opt/ros/jazzy/share/ament_cmake/cmake)
[0.394s] -- Found Python3: /home/eloisezeng/venvs/ros312/bin/python3 (found version "3.12.3") found components: Interpreter 
[0.452s] -- Override CMake install command with custom implementation using symlinks instead of copying resources
[0.481s] -- Found builtin_interfaces: 2.0.3 (/opt/ros/jazzy/share/builtin_interfaces/cmake)
[0.513s] -- Found rosidl_generator_c: 4.6.6 (/opt/ros/jazzy/share/rosidl_generator_c/cmake)
[0.525s] -- Found rosidl_generator_cpp: 4.6.6 (/opt/ros/jazzy/share/rosidl_generator_cpp/cmake)
[0.539s] -- Using all available rosidl_typesupport_c: rosidl_typesupport_fastrtps_c;rosidl_typesupport_introspection_c
[0.555s] -- Using all available rosidl_typesupport_cpp: rosidl_typesupport_fastrtps_cpp;rosidl_typesupport_introspection_cpp
[0.569s] -- Found cv_bridge: 4.1.0 (/opt/ros/jazzy/share/cv_bridge/cmake)
[0.686s] -- Found rmw_implementation_cmake: 7.3.2 (/opt/ros/jazzy/share/rmw_implementation_cmake/cmake)
[0.689s] -- Found rmw_fastrtps_cpp: 8.4.3 (/opt/ros/jazzy/share/rmw_fastrtps_cpp/cmake)
[0.763s] -- Found OpenSSL: /usr/lib/x86_64-linux-gnu/libcrypto.so (found version "3.0.13")  
[0.779s] -- Found FastRTPS: /opt/ros/jazzy/include (Required is at least version "2.13") 
[0.799s] -- Using RMW implementation 'rmw_fastrtps_cpp' as default
[0.865s] -- Found image_transport: 5.1.7 (/opt/ros/jazzy/share/image_transport/cmake)
[0.889s] -- Found rclcpp_action: 28.1.11 (/opt/ros/jazzy/share/rclcpp_action/cmake)
[0.930s] -- Found rclcpp_components: 28.1.11 (/opt/ros/jazzy/share/rclcpp_components/cmake)
[0.953s] -- Found realsense2_camera_msgs: 4.56.4 (/home/eloisezeng/ros2_ws/install/realsense2_camera_msgs/share/realsense2_camera_msgs/cmake)
[0.987s] -- Found std_srvs: 5.3.6 (/opt/ros/jazzy/share/std_srvs/cmake)
[1.003s] -- Found nav_msgs: 5.3.6 (/opt/ros/jazzy/share/nav_msgs/cmake)
[1.027s] -- Found tf2_ros: 0.36.14 (/opt/ros/jazzy/share/tf2_ros/cmake)
[1.067s] -- Found diagnostic_updater: 4.2.6 (/opt/ros/jazzy/share/diagnostic_updater/cmake)
[1.093s] -- Found OpenCV: /usr (found version "4.6.0") found components: core 
[1.095s] -- Build for ROS2 Jazzy
[1.099s] -- Found ament_cmake_gtest: 2.5.4 (/opt/ros/jazzy/share/ament_cmake_gtest/cmake)
[1.101s] -- Found gtest sources under '/opt/ros/jazzy/src/gtest_vendor': C++ tests using 'Google Test' will be built
[1.103s] -- Performing Test CMAKE_HAVE_LIBC_PTHREAD
[1.172s] -- Performing Test CMAKE_HAVE_LIBC_PTHREAD - Success
[1.173s] -- Found Threads: TRUE  
[1.175s] -- Found ament_cmake_pytest: 2.5.4 (/opt/ros/jazzy/share/ament_cmake_pytest/cmake)
[3.628s] -- rs_device_info:
[3.628s] -- Device Name                   Serial Number       Firmware Version
[3.628s] Intel RealSense D455          231122302507        5.17.0.10
[3.629s] 
[3.629s] -- D455 device found
[6.050s] -- Configuring done (6.0s)
[6.078s] -- Generating done (0.0s)
[6.080s] [33mCMake Warning:
[6.080s]   Manually-specified variables were not used by the project:
[6.080s] 
[6.080s]     MUJOCO_INCLUDE_DIR
[6.080s]     MUJOCO_LIB
[6.080s] 
[6.080s] [0m
[6.084s] -- Build files have been written to: /home/eloisezeng/ros2_ws/build/realsense2_camera
[6.094s] Invoked command in '/home/eloisezeng/ros2_ws/build/realsense2_camera' returned '0': CMAKE_PREFIX_PATH=/home/eloisezeng/ros2_ws/install/realsense2_camera_msgs:/home/eloisezeng/ros2_ws/install/hfield_cpp:/home/eloisezeng/ros2_ws/install/realsense2_description:/home/eloisezeng/ros2_ws/install/realsense2_camera:/opt/ros/jazzy/opt/gz_math_vendor:/opt/ros/jazzy/opt/gz_utils_vendor:/opt/ros/jazzy/opt/gz_cmake_vendor:/home/eloisezeng/ros2_ws/install/my_new_pkg:/home/eloisezeng/ros2_ws/install/my_launch:/opt/ros/jazzy DEBUGINFOD_URLS=https://debuginfod.ubuntu.com LD_LIBRARY_PATH=/home/eloisezeng/ros2_ws/install/realsense2_camera_msgs/lib:/home/eloisezeng/ros2_ws/install/realsense2_camera/lib:/opt/ros/jazzy/opt/rviz_ogre_vendor/lib:/opt/ros/jazzy/lib/x86_64-linux-gnu:/opt/ros/jazzy/opt/gz_math_vendor/lib:/opt/ros/jazzy/opt/gz_utils_vendor/lib:/opt/ros/jazzy/opt/gz_cmake_vendor/lib:/opt/ros/jazzy/lib PS1=(ros312) \[\e]0;\u@\h: \w\a\]${debian_chroot:+($debian_chroot)}\[\033[01;32m\]\u@\h\[\033[00m\]:\[\033[01;34m\]\w\[\033[00m\]\$ PYTHONPATH=/home/eloisezeng/ros2_ws/install/realsense2_camera_msgs/lib/python3.12/site-packages:/home/eloisezeng/ros2_ws/build/my_new_pkg:/home/eloisezeng/ros2_ws/build/my_launch:/home/eloisezeng/ros2_ws/install/my_new_pkg/lib/python3.12/site-packages:/home/eloisezeng/ros2_ws/install/my_launch/lib/python3.12/site-packages:/opt/ros/jazzy/lib/python3.12/site-packages VIRTUAL_ENV_PROMPT=(ros312) /usr/bin/cmake /home/eloisezeng/ros2_ws/src/realsense-ros/realsense2_camera -DMUJOCO_INCLUDE_DIR=/home/eloisezeng/venvs/ros312/lib/python3.12/site-packages/mujoco/include -DMUJOCO_LIB=/home/eloisezeng/venvs/ros312/lib/python3.12/site-packages/mujoco/libmujoco.so.3.3.5 -DAMENT_CMAKE_SYMLINK_INSTALL=1 -DCMAKE_INSTALL_PREFIX=/home/eloisezeng/ros2_ws/install/realsense2_camera
[6.095s] Invoking command in '/home/eloisezeng/ros2_ws/build/realsense2_camera': CMAKE_PREFIX_PATH=/home/eloisezeng/ros2_ws/install/realsense2_camera_msgs:/home/eloisezeng/ros2_ws/install/hfield_cpp:/home/eloisezeng/ros2_ws/install/realsense2_description:/home/eloisezeng/ros2_ws/install/realsense2_camera:/opt/ros/jazzy/opt/gz_math_vendor:/opt/ros/jazzy/opt/gz_utils_vendor:/opt/ros/jazzy/opt/gz_cmake_vendor:/home/eloisezeng/ros2_ws/install/my_new_pkg:/home/eloisezeng/ros2_ws/install/my_launch:/opt/ros/jazzy DEBUGINFOD_URLS=https://debuginfod.ubuntu.com LD_LIBRARY_PATH=/home/eloisezeng/ros2_ws/install/realsense2_camera_msgs/lib:/home/eloisezeng/ros2_ws/install/realsense2_camera/lib:/opt/ros/jazzy/opt/rviz_ogre_vendor/lib:/opt/ros/jazzy/lib/x86_64-linux-gnu:/opt/ros/jazzy/opt/gz_math_vendor/lib:/opt/ros/jazzy/opt/gz_utils_vendor/lib:/opt/ros/jazzy/opt/gz_cmake_vendor/lib:/opt/ros/jazzy/lib PS1=(ros312) \[\e]0;\u@\h: \w\a\]${debian_chroot:+($debian_chroot)}\[\033[01;32m\]\u@\h\[\033[00m\]:\[\033[01;34m\]\w\[\033[00m\]\$ PYTHONPATH=/home/eloisezeng/ros2_ws/install/realsense2_camera_msgs/lib/python3.12/site-packages:/home/eloisezeng/ros2_ws/build/my_new_pkg:/home/eloisezeng/ros2_ws/build/my_launch:/home/eloisezeng/ros2_ws/install/my_new_pkg/lib/python3.12/site-packages:/home/eloisezeng/ros2_ws/install/my_launch/lib/python3.12/site-packages:/opt/ros/jazzy/lib/python3.12/site-packages VIRTUAL_ENV_PROMPT=(ros312) /usr/bin/cmake --build /home/eloisezeng/ros2_ws/build/realsense2_camera -- -j32 -l32
[6.138s] [  4%] [32mBuilding CXX object CMakeFiles/realsense2_camera_node.dir/rclcpp_components/node_main_realsense2_camera_node.cpp.o[0m
[6.138s] [ 12%] [32mBuilding CXX object gtest/CMakeFiles/gtest.dir/src/gtest-all.cc.o[0m
[6.138s] [ 12%] [32mBuilding CXX object gtest/CMakeFiles/gtest_main.dir/src/gtest_main.cc.o[0m
[6.139s] [ 16%] [32mBuilding CXX object CMakeFiles/realsense2_camera.dir/src/realsense_node_factory.cpp.o[0m
[6.139s] [ 20%] [32mBuilding CXX object CMakeFiles/realsense2_camera.dir/src/ros_utils.cpp.o[0m
[6.140s] [ 28%] [32mBuilding CXX object CMakeFiles/realsense2_camera.dir/src/rs_node_setup.cpp.o[0m
[6.140s] [ 28%] [32mBuilding CXX object CMakeFiles/realsense2_camera.dir/src/ros_sensor.cpp.o[0m
[6.140s] [ 36%] [32mBuilding CXX object CMakeFiles/realsense2_camera.dir/src/parameters.cpp.o[0m
[6.140s] [ 36%] [32mBuilding CXX object CMakeFiles/realsense2_camera.dir/src/sensor_params.cpp.o[0m
[6.140s] [ 40%] [32mBuilding CXX object CMakeFiles/realsense2_camera.dir/src/named_filter.cpp.o[0m
[6.140s] [ 44%] [32mBuilding CXX object CMakeFiles/realsense2_camera.dir/src/pointcloud_filter.cpp.o[0m
[6.140s] [ 52%] [32mBuilding CXX object CMakeFiles/realsense2_camera.dir/src/profile_manager.cpp.o[0m
[6.141s] [ 52%] [32mBuilding CXX object CMakeFiles/realsense2_camera.dir/src/base_realsense_node.cpp.o[0m
[6.141s] [ 56%] [32mBuilding CXX object CMakeFiles/realsense2_camera.dir/src/dynamic_params.cpp.o[0m
[6.141s] [ 60%] [32mBuilding CXX object CMakeFiles/realsense2_camera.dir/src/align_depth_filter.cpp.o[0m
[6.142s] [ 68%] [32mBuilding CXX object CMakeFiles/realsense2_camera.dir/src/tfs.cpp.o[0m
[6.142s] [ 68%] [32mBuilding CXX object CMakeFiles/realsense2_camera.dir/src/ros_param_backend.cpp.o[0m
[6.142s] [ 72%] [32mBuilding CXX object CMakeFiles/realsense2_camera.dir/src/actions.cpp.o[0m
[6.142s] [ 76%] [32mBuilding CXX object CMakeFiles/realsense2_camera.dir/src/image_publisher.cpp.o[0m
[6.905s] [ 80%] [32m[1mLinking CXX static library libgtest_main.a[0m
[6.951s] [ 80%] Built target gtest_main
[9.068s] [ 84%] [32m[1mLinking CXX executable realsense2_camera_node[0m
[9.168s] [ 84%] Built target realsense2_camera_node
[12.437s] [ 88%] [32m[1mLinking CXX static library libgtest.a[0m
[12.469s] [ 88%] Built target gtest
[12.485s] [ 92%] [32mBuilding CXX object CMakeFiles/gtest_template.dir/test/gtest_template.cpp.o[0m
[13.301s] [ 96%] [32m[1mLinking CXX executable gtest_template[0m
[13.370s] [ 96%] Built target gtest_template
[22.952s] [100%] [32m[1mLinking CXX shared library librealsense2_camera.so[0m
[23.290s] [100%] Built target realsense2_camera
[23.300s] Invoked command in '/home/eloisezeng/ros2_ws/build/realsense2_camera' returned '0': CMAKE_PREFIX_PATH=/home/eloisezeng/ros2_ws/install/realsense2_camera_msgs:/home/eloisezeng/ros2_ws/install/hfield_cpp:/home/eloisezeng/ros2_ws/install/realsense2_description:/home/eloisezeng/ros2_ws/install/realsense2_camera:/opt/ros/jazzy/opt/gz_math_vendor:/opt/ros/jazzy/opt/gz_utils_vendor:/opt/ros/jazzy/opt/gz_cmake_vendor:/home/eloisezeng/ros2_ws/install/my_new_pkg:/home/eloisezeng/ros2_ws/install/my_launch:/opt/ros/jazzy DEBUGINFOD_URLS=https://debuginfod.ubuntu.com LD_LIBRARY_PATH=/home/eloisezeng/ros2_ws/install/realsense2_camera_msgs/lib:/home/eloisezeng/ros2_ws/install/realsense2_camera/lib:/opt/ros/jazzy/opt/rviz_ogre_vendor/lib:/opt/ros/jazzy/lib/x86_64-linux-gnu:/opt/ros/jazzy/opt/gz_math_vendor/lib:/opt/ros/jazzy/opt/gz_utils_vendor/lib:/opt/ros/jazzy/opt/gz_cmake_vendor/lib:/opt/ros/jazzy/lib PS1=(ros312) \[\e]0;\u@\h: \w\a\]${debian_chroot:+($debian_chroot)}\[\033[01;32m\]\u@\h\[\033[00m\]:\[\033[01;34m\]\w\[\033[00m\]\$ PYTHONPATH=/home/eloisezeng/ros2_ws/install/realsense2_camera_msgs/lib/python3.12/site-packages:/home/eloisezeng/ros2_ws/build/my_new_pkg:/home/eloisezeng/ros2_ws/build/my_launch:/home/eloisezeng/ros2_ws/install/my_new_pkg/lib/python3.12/site-packages:/home/eloisezeng/ros2_ws/install/my_launch/lib/python3.12/site-packages:/opt/ros/jazzy/lib/python3.12/site-packages VIRTUAL_ENV_PROMPT=(ros312) /usr/bin/cmake --build /home/eloisezeng/ros2_ws/build/realsense2_camera -- -j32 -l32
[23.301s] Invoking command in '/home/eloisezeng/ros2_ws/build/realsense2_camera': CMAKE_PREFIX_PATH=/home/eloisezeng/ros2_ws/install/realsense2_camera_msgs:/home/eloisezeng/ros2_ws/install/hfield_cpp:/home/eloisezeng/ros2_ws/install/realsense2_description:/home/eloisezeng/ros2_ws/install/realsense2_camera:/opt/ros/jazzy/opt/gz_math_vendor:/opt/ros/jazzy/opt/gz_utils_vendor:/opt/ros/jazzy/opt/gz_cmake_vendor:/home/eloisezeng/ros2_ws/install/my_new_pkg:/home/eloisezeng/ros2_ws/install/my_launch:/opt/ros/jazzy DEBUGINFOD_URLS=https://debuginfod.ubuntu.com LD_LIBRARY_PATH=/home/eloisezeng/ros2_ws/install/realsense2_camera_msgs/lib:/home/eloisezeng/ros2_ws/install/realsense2_camera/lib:/opt/ros/jazzy/opt/rviz_ogre_vendor/lib:/opt/ros/jazzy/lib/x86_64-linux-gnu:/opt/ros/jazzy/opt/gz_math_vendor/lib:/opt/ros/jazzy/opt/gz_utils_vendor/lib:/opt/ros/jazzy/opt/gz_cmake_vendor/lib:/opt/ros/jazzy/lib PS1=(ros312) \[\e]0;\u@\h: \w\a\]${debian_chroot:+($debian_chroot)}\[\033[01;32m\]\u@\h\[\033[00m\]:\[\033[01;34m\]\w\[\033[00m\]\$ PYTHONPATH=/home/eloisezeng/ros2_ws/install/realsense2_camera_msgs/lib/python3.12/site-packages:/home/eloisezeng/ros2_ws/build/my_new_pkg:/home/eloisezeng/ros2_ws/build/my_launch:/home/eloisezeng/ros2_ws/install/my_new_pkg/lib/python3.12/site-packages:/home/eloisezeng/ros2_ws/install/my_launch/lib/python3.12/site-packages:/opt/ros/jazzy/lib/python3.12/site-packages VIRTUAL_ENV_PROMPT=(ros312) /usr/bin/cmake --install /home/eloisezeng/ros2_ws/build/realsense2_camera
[23.306s] -- Install configuration: "Release"
[23.306s] -- Execute custom install script
[23.307s] -- Symlinking: /home/eloisezeng/ros2_ws/install/realsense2_camera/share/realsense2_camera/config/global_settings.yaml
[23.315s] -- Symlinking: /home/eloisezeng/ros2_ws/install/realsense2_camera/lib/realsense2_camera/realsense2_camera_node
[23.322s] -- Symlinking: /home/eloisezeng/ros2_ws/install/realsense2_camera/lib/librealsense2_camera.so
[23.329s] -- Symlinking: /home/eloisezeng/ros2_ws/install/realsense2_camera/include/align_depth_filter.h
[23.336s] -- Symlinking: /home/eloisezeng/ros2_ws/install/realsense2_camera/include/base_realsense_node.h
[23.343s] -- Symlinking: /home/eloisezeng/ros2_ws/install/realsense2_camera/include/constants.h
[23.350s] -- Symlinking: /home/eloisezeng/ros2_ws/install/realsense2_camera/include/dynamic_params.h
[23.356s] -- Symlinking: /home/eloisezeng/ros2_ws/install/realsense2_camera/include/gl_window.h
[23.363s] -- Symlinking: /home/eloisezeng/ros2_ws/install/realsense2_camera/include/image_publisher.h
[23.370s] -- Symlinking: /home/eloisezeng/ros2_ws/install/realsense2_camera/include/named_filter.h
[23.377s] -- Symlinking: /home/eloisezeng/ros2_ws/install/realsense2_camera/include/pointcloud_filter.h
[23.384s] -- Symlinking: /home/eloisezeng/ros2_ws/install/realsense2_camera/include/profile_manager.h
[23.391s] -- Symlinking: /home/eloisezeng/ros2_ws/install/realsense2_camera/include/realsense_node_factory.h
[23.398s] -- Symlinking: /home/eloisezeng/ros2_ws/install/realsense2_camera/include/ros_node_base.h
[23.405s] -- Symlinking: /home/eloisezeng/ros2_ws/install/realsense2_camera/include/ros_param_backend.h
[23.412s] -- Symlinking: /home/eloisezeng/ros2_ws/install/realsense2_camera/include/ros_sensor.h
[23.419s] -- Symlinking: /home/eloisezeng/ros2_ws/install/realsense2_camera/include/ros_utils.h
[23.425s] -- Symlinking: /home/eloisezeng/ros2_ws/install/realsense2_camera/include/sensor_params.h
[23.433s] -- Symlinking: /home/eloisezeng/ros2_ws/install/realsense2_camera/share/realsense2_camera/launch/default.rviz
[23.439s] -- Symlinking: /home/eloisezeng/ros2_ws/install/realsense2_camera/share/realsense2_camera/launch/mymultiple_camera_launch.py
[23.446s] -- Symlinking: /home/eloisezeng/ros2_ws/install/realsense2_camera/share/realsense2_camera/launch/myrs_launch.py
[23.453s] -- Symlinking: /home/eloisezeng/ros2_ws/install/realsense2_camera/share/realsense2_camera/launch/rs_intra_process_demo_launch.py
[23.460s] -- Symlinking: /home/eloisezeng/ros2_ws/install/realsense2_camera/share/realsense2_camera/launch/rs_launch.py
[23.467s] -- Symlinking: /home/eloisezeng/ros2_ws/install/realsense2_camera/share/realsense2_camera/launch/rs_multi_camera_launch.py
[23.474s] -- Symlinking: /home/eloisezeng/ros2_ws/install/realsense2_camera/share/realsense2_camera/launch/rs_multi_camera_launch_sync.py
[23.482s] -- Symlinking: /home/eloisezeng/ros2_ws/install/realsense2_camera/share/realsense2_camera/examples/align_depth/README.md
[23.488s] -- Symlinking: /home/eloisezeng/ros2_ws/install/realsense2_camera/share/realsense2_camera/examples/align_depth/rs_align_depth_launch.py
[23.496s] -- Symlinking: /home/eloisezeng/ros2_ws/install/realsense2_camera/share/realsense2_camera/examples/d500_tables/calib_config_example.json
[23.503s] -- Symlinking: /home/eloisezeng/ros2_ws/install/realsense2_camera/share/realsense2_camera/examples/dual_camera/README.md
[23.510s] -- Symlinking: /home/eloisezeng/ros2_ws/install/realsense2_camera/share/realsense2_camera/examples/dual_camera/rs_dual_camera_launch.py
[23.517s] -- Symlinking: /home/eloisezeng/ros2_ws/install/realsense2_camera/share/realsense2_camera/examples/dual_camera/rviz/dual_camera_pointcloud.rviz
[23.523s] -- Symlinking: /home/eloisezeng/ros2_ws/install/realsense2_camera/share/realsense2_camera/examples/launch_from_rosbag/README.md
[23.530s] -- Symlinking: /home/eloisezeng/ros2_ws/install/realsense2_camera/share/realsense2_camera/examples/launch_from_rosbag/rs_launch_from_rosbag.py
[23.537s] -- Symlinking: /home/eloisezeng/ros2_ws/install/realsense2_camera/share/realsense2_camera/examples/launch_params_from_file/README.md
[23.544s] -- Symlinking: /home/eloisezeng/ros2_ws/install/realsense2_camera/share/realsense2_camera/examples/launch_params_from_file/config/config.yaml
[23.551s] -- Symlinking: /home/eloisezeng/ros2_ws/install/realsense2_camera/share/realsense2_camera/examples/launch_params_from_file/rs_launch_get_params_from_yaml.py
[23.558s] -- Symlinking: /home/eloisezeng/ros2_ws/install/realsense2_camera/share/realsense2_camera/examples/pointcloud/README.md
[23.565s] -- Symlinking: /home/eloisezeng/ros2_ws/install/realsense2_camera/share/realsense2_camera/examples/pointcloud/rs_d405_pointcloud_launch.py
[23.572s] -- Symlinking: /home/eloisezeng/ros2_ws/install/realsense2_camera/share/realsense2_camera/examples/pointcloud/rs_d455_pointcloud_launch.py
[23.579s] -- Symlinking: /home/eloisezeng/ros2_ws/install/realsense2_camera/share/realsense2_camera/examples/pointcloud/rs_pointcloud_infra_launch.py
[23.586s] -- Symlinking: /home/eloisezeng/ros2_ws/install/realsense2_camera/share/realsense2_camera/examples/pointcloud/rs_pointcloud_launch.py
[23.593s] -- Symlinking: /home/eloisezeng/ros2_ws/install/realsense2_camera/share/realsense2_camera/examples/pointcloud/rviz/pointcloud.rviz
[23.600s] -- Symlinking: /home/eloisezeng/ros2_ws/install/realsense2_camera/share/realsense2_camera/examples/pointcloud/rviz/urdf_pointcloud.rviz
[23.607s] -- Symlinking: /home/eloisezeng/ros2_ws/install/realsense2_camera/share/realsense2_camera/environment/library_path.sh
[23.614s] -- Symlinking: /home/eloisezeng/ros2_ws/install/realsense2_camera/share/realsense2_camera/environment/library_path.dsv
[23.621s] -- Symlinking: /home/eloisezeng/ros2_ws/install/realsense2_camera/share/ament_index/resource_index/package_run_dependencies/realsense2_camera
[23.628s] -- Symlinking: /home/eloisezeng/ros2_ws/install/realsense2_camera/share/ament_index/resource_index/parent_prefix_path/realsense2_camera
[23.635s] -- Symlinking: /home/eloisezeng/ros2_ws/install/realsense2_camera/share/realsense2_camera/environment/ament_prefix_path.sh
[23.642s] -- Symlinking: /home/eloisezeng/ros2_ws/install/realsense2_camera/share/realsense2_camera/environment/ament_prefix_path.dsv
[23.649s] -- Symlinking: /home/eloisezeng/ros2_ws/install/realsense2_camera/share/realsense2_camera/environment/path.sh
[23.656s] -- Symlinking: /home/eloisezeng/ros2_ws/install/realsense2_camera/share/realsense2_camera/environment/path.dsv
[23.663s] -- Symlinking: /home/eloisezeng/ros2_ws/install/realsense2_camera/share/realsense2_camera/local_setup.bash
[23.670s] -- Symlinking: /home/eloisezeng/ros2_ws/install/realsense2_camera/share/realsense2_camera/local_setup.sh
[23.677s] -- Symlinking: /home/eloisezeng/ros2_ws/install/realsense2_camera/share/realsense2_camera/local_setup.zsh
[23.684s] -- Symlinking: /home/eloisezeng/ros2_ws/install/realsense2_camera/share/realsense2_camera/local_setup.dsv
[23.691s] -- Symlinking: /home/eloisezeng/ros2_ws/install/realsense2_camera/share/realsense2_camera/package.dsv
[23.698s] -- Symlinking: /home/eloisezeng/ros2_ws/install/realsense2_camera/share/ament_index/resource_index/packages/realsense2_camera
[23.706s] -- Symlinking: /home/eloisezeng/ros2_ws/install/realsense2_camera/share/ament_index/resource_index/rclcpp_components/realsense2_camera
[23.713s] -- Symlinking: /home/eloisezeng/ros2_ws/install/realsense2_camera/share/realsense2_camera/cmake/ament_cmake_export_include_directories-extras.cmake
[23.720s] -- Symlinking: /home/eloisezeng/ros2_ws/install/realsense2_camera/share/realsense2_camera/cmake/ament_cmake_export_libraries-extras.cmake
[23.727s] -- Symlinking: /home/eloisezeng/ros2_ws/install/realsense2_camera/share/realsense2_camera/cmake/ament_cmake_export_dependencies-extras.cmake
[23.734s] -- Symlinking: /home/eloisezeng/ros2_ws/install/realsense2_camera/share/realsense2_camera/cmake/realsense2_cameraConfig.cmake
[23.741s] -- Symlinking: /home/eloisezeng/ros2_ws/install/realsense2_camera/share/realsense2_camera/cmake/realsense2_cameraConfig-version.cmake
[23.748s] -- Symlinking: /home/eloisezeng/ros2_ws/install/realsense2_camera/share/realsense2_camera/package.xml
[23.757s] Invoked command in '/home/eloisezeng/ros2_ws/build/realsense2_camera' returned '0': CMAKE_PREFIX_PATH=/home/eloisezeng/ros2_ws/install/realsense2_camera_msgs:/home/eloisezeng/ros2_ws/install/hfield_cpp:/home/eloisezeng/ros2_ws/install/realsense2_description:/home/eloisezeng/ros2_ws/install/realsense2_camera:/opt/ros/jazzy/opt/gz_math_vendor:/opt/ros/jazzy/opt/gz_utils_vendor:/opt/ros/jazzy/opt/gz_cmake_vendor:/home/eloisezeng/ros2_ws/install/my_new_pkg:/home/eloisezeng/ros2_ws/install/my_launch:/opt/ros/jazzy DEBUGINFOD_URLS=https://debuginfod.ubuntu.com LD_LIBRARY_PATH=/home/eloisezeng/ros2_ws/install/realsense2_camera_msgs/lib:/home/eloisezeng/ros2_ws/install/realsense2_camera/lib:/opt/ros/jazzy/opt/rviz_ogre_vendor/lib:/opt/ros/jazzy/lib/x86_64-linux-gnu:/opt/ros/jazzy/opt/gz_math_vendor/lib:/opt/ros/jazzy/opt/gz_utils_vendor/lib:/opt/ros/jazzy/opt/gz_cmake_vendor/lib:/opt/ros/jazzy/lib PS1=(ros312) \[\e]0;\u@\h: \w\a\]${debian_chroot:+($debian_chroot)}\[\033[01;32m\]\u@\h\[\033[00m\]:\[\033[01;34m\]\w\[\033[00m\]\$ PYTHONPATH=/home/eloisezeng/ros2_ws/install/realsense2_camera_msgs/lib/python3.12/site-packages:/home/eloisezeng/ros2_ws/build/my_new_pkg:/home/eloisezeng/ros2_ws/build/my_launch:/home/eloisezeng/ros2_ws/install/my_new_pkg/lib/python3.12/site-packages:/home/eloisezeng/ros2_ws/install/my_launch/lib/python3.12/site-packages:/opt/ros/jazzy/lib/python3.12/site-packages VIRTUAL_ENV_PROMPT=(ros312) /usr/bin/cmake --install /home/eloisezeng/ros2_ws/build/realsense2_camera
