-- The C compiler identification is GNU 13.3.0
-- The CXX compiler identification is GNU 13.3.0
-- Detecting C compiler ABI info
-- Detecting C compiler ABI info - done
-- Check for working C compiler: /usr/bin/cc - skipped
-- Detecting C compile features
-- Detecting C compile features - done
-- Detecting CXX compiler ABI info
-- Detecting CXX compiler ABI info - done
-- Check for working CXX compiler: /usr/bin/c++ - skipped
-- Detecting CXX compile features
-- Detecting CXX compile features - done
-- Found ament_cmake: 2.5.4 (/opt/ros/jazzy/share/ament_cmake/cmake)
-- Found Python3: /home/eloisezeng/venvs/ros312/bin/python3 (found version "3.12.3") found components: Interpreter 
-- Override CMake install command with custom implementation using symlinks instead of copying resources
-- Found rclcpp: 28.1.11 (/opt/ros/jazzy/share/rclcpp/cmake)
-- Found rosidl_generator_c: 4.6.6 (/opt/ros/jazzy/share/rosidl_generator_c/cmake)
-- Found rosidl_generator_cpp: 4.6.6 (/opt/ros/jazzy/share/rosidl_generator_cpp/cmake)
-- Using all available rosidl_typesupport_c: rosidl_typesupport_fastrtps_c;rosidl_typesupport_introspection_c
-- Using all available rosidl_typesupport_cpp: rosidl_typesupport_fastrtps_cpp;rosidl_typesupport_introspection_cpp
-- Found rmw_implementation_cmake: 7.3.2 (/opt/ros/jazzy/share/rmw_implementation_cmake/cmake)
-- Found rmw_fastrtps_cpp: 8.4.3 (/opt/ros/jazzy/share/rmw_fastrtps_cpp/cmake)
-- Found OpenSSL: /usr/lib/x86_64-linux-gnu/libcrypto.so (found version "3.0.13")  
-- Found FastRTPS: /opt/ros/jazzy/include (Required is at least version "2.13") 
-- Using RMW implementation 'rmw_fastrtps_cpp' as default
-- Found sensor_msgs: 5.3.6 (/opt/ros/jazzy/share/sensor_msgs/cmake)
-- Using MuJoCo include: /home/eloisezeng/venvs/ros312/lib/python3.12/site-packages/mujoco/include
-- Using MuJoCo lib    : /home/eloisezeng/venvs/ros312/lib/python3.12/site-packages/mujoco/libmujoco.so.3.3.5
-- Found PkgConfig: /usr/bin/pkg-config (found version "1.8.1") 
-- Checking for module 'glfw3'
--   Found glfw3, version 3.3.10
-- Configuring done (1.0s)
-- Generating done (0.0s)
-- Build files have been written to: /home/eloisezeng/ros2_ws/build/hfield_cpp
[ 25%] [32mBuilding CXX object CMakeFiles/hello_node.dir/src/hello_node.cpp.o[0m
[ 50%] [32mBuilding CXX object CMakeFiles/hfield_node.dir/src/hfield_node.cpp.o[0m
[ 75%] [32m[1mLinking CXX executable hello_node[0m
[ 75%] Built target hello_node
[100%] [32m[1mLinking CXX executable hfield_node[0m
[100%] Built target hfield_node
-- Install configuration: ""
-- Execute custom install script
-- Symlinking: /home/eloisezeng/ros2_ws/install/hfield_cpp/lib/hfield_cpp/hello_node
-- Symlinking: /home/eloisezeng/ros2_ws/install/hfield_cpp/lib/hfield_cpp/hfield_node
-- Symlinking: /home/eloisezeng/ros2_ws/install/hfield_cpp/share/ament_index/resource_index/package_run_dependencies/hfield_cpp
-- Symlinking: /home/eloisezeng/ros2_ws/install/hfield_cpp/share/ament_index/resource_index/parent_prefix_path/hfield_cpp
-- Symlinking: /home/eloisezeng/ros2_ws/install/hfield_cpp/share/hfield_cpp/environment/ament_prefix_path.sh
-- Symlinking: /home/eloisezeng/ros2_ws/install/hfield_cpp/share/hfield_cpp/environment/ament_prefix_path.dsv
-- Symlinking: /home/eloisezeng/ros2_ws/install/hfield_cpp/share/hfield_cpp/environment/path.sh
-- Symlinking: /home/eloisezeng/ros2_ws/install/hfield_cpp/share/hfield_cpp/environment/path.dsv
-- Symlinking: /home/eloisezeng/ros2_ws/install/hfield_cpp/share/hfield_cpp/local_setup.bash
-- Symlinking: /home/eloisezeng/ros2_ws/install/hfield_cpp/share/hfield_cpp/local_setup.sh
-- Symlinking: /home/eloisezeng/ros2_ws/install/hfield_cpp/share/hfield_cpp/local_setup.zsh
-- Symlinking: /home/eloisezeng/ros2_ws/install/hfield_cpp/share/hfield_cpp/local_setup.dsv
-- Symlinking: /home/eloisezeng/ros2_ws/install/hfield_cpp/share/hfield_cpp/package.dsv
-- Symlinking: /home/eloisezeng/ros2_ws/install/hfield_cpp/share/ament_index/resource_index/packages/hfield_cpp
-- Symlinking: /home/eloisezeng/ros2_ws/install/hfield_cpp/share/hfield_cpp/cmake/hfield_cppConfig.cmake
-- Symlinking: /home/eloisezeng/ros2_ws/install/hfield_cpp/share/hfield_cpp/cmake/hfield_cppConfig-version.cmake
-- Symlinking: /home/eloisezeng/ros2_ws/install/hfield_cpp/share/hfield_cpp/package.xml
