[-1756861471658900480.000s] DEBUG:colcon:Command line arguments: ['/home/eloisezeng/miniconda3/bin/colcon', 'build', '--symlink-install']
[-1756861471658900480.000s] DEBUG:colcon:Parsed command line arguments: Namespace(log_base=None, log_level=None, verb_name='build', build_base='build', install_base='install', merge_install=False, symlink_install=True, test_result_base=None, continue_on_error=False, executor='parallel', parallel_workers=32, event_handlers=None, ignore_user_meta=False, metas=['./colcon.meta'], base_paths=['.'], packages_ignore=None, packages_ignore_regex=None, paths=None, packages_up_to=None, packages_up_to_regex=None, packages_above=None, packages_above_and_dependencies=None, packages_above_depth=None, packages_select_by_dep=None, packages_skip_by_dep=None, packages_skip_up_to=None, packages_select_build_failed=False, packages_skip_build_finished=False, packages_select_test_failures=False, packages_skip_test_passed=False, packages_select=None, packages_skip=None, packages_select_regex=None, packages_skip_regex=None, packages_start=None, packages_end=None, cmake_args=None, cmake_target=None, cmake_target_skip_unavailable=False, cmake_clean_cache=False, cmake_clean_first=False, cmake_force_configure=False, ament_cmake_args=None, catkin_cmake_args=None, catkin_skip_building_tests=False, verb_parser=<colcon_defaults.argument_parser.defaults.DefaultArgumentsDecorator object at 0x7caf6bf84050>, verb_extension=<colcon_core.verb.build.BuildVerb object at 0x7caf6c116cf0>, main=<bound method BuildVerb.main of <colcon_core.verb.build.BuildVerb object at 0x7caf6c116cf0>>)
[-1756861471658900480.000s] Level 1:colcon.colcon_core.package_discovery:discover_packages(colcon_meta) check parameters
[-1756861471658900480.000s] Level 1:colcon.colcon_core.package_discovery:discover_packages(recursive) check parameters
[-1756861471658900480.000s] Level 1:colcon.colcon_core.package_discovery:discover_packages(ignore) check parameters
[-1756861471658900480.000s] Level 1:colcon.colcon_core.package_discovery:discover_packages(path) check parameters
[-1756861471658900480.000s] Level 1:colcon.colcon_core.package_discovery:discover_packages(colcon_meta) discover
[-1756861471658900480.000s] Level 1:colcon.colcon_core.package_discovery:discover_packages(recursive) discover
[-1756861471658900480.000s] INFO:colcon.colcon_core.package_discovery:Crawling recursively for packages in '/home/eloisezeng/ros2_ws/src'
[-1756861471658900480.000s] Level 1:colcon.colcon_core.package_identification:_identify(.) by extensions ['ignore', 'ignore_ament_install']
[-1756861471658900480.000s] Level 1:colcon.colcon_core.package_identification:_identify(.) by extension 'ignore'
[-1756861471658900480.000s] Level 1:colcon.colcon_core.package_identification:_identify(.) by extension 'ignore_ament_install'
[-1756861471658900480.000s] Level 1:colcon.colcon_core.package_identification:_identify(.) by extensions ['colcon_pkg']
[-1756861471658900480.000s] Level 1:colcon.colcon_core.package_identification:_identify(.) by extension 'colcon_pkg'
[-1756861471658900480.000s] Level 1:colcon.colcon_core.package_identification:_identify(.) by extensions ['colcon_meta']
[-1756861471658900480.000s] Level 1:colcon.colcon_core.package_identification:_identify(.) by extension 'colcon_meta'
[-1756861471658900480.000s] Level 1:colcon.colcon_core.package_identification:_identify(.) by extensions ['ros']
[-1756861471658900480.000s] Level 1:colcon.colcon_core.package_identification:_identify(.) by extension 'ros'
[-1756861471658900480.000s] Level 1:colcon.colcon_core.package_identification:_identify(.) by extensions ['cmake', 'python']
[-1756861471658900480.000s] Level 1:colcon.colcon_core.package_identification:_identify(.) by extension 'cmake'
[-1756861471658900480.000s] Level 1:colcon.colcon_core.package_identification:_identify(.) by extension 'python'
[-1756861471658900480.000s] Level 1:colcon.colcon_core.package_identification:_identify(.) by extensions ['python_setup_py']
[-1756861471658900480.000s] Level 1:colcon.colcon_core.package_identification:_identify(.) by extension 'python_setup_py'
[-1756861471658900480.000s] Level 1:colcon.colcon_core.package_identification:_identify(build) by extensions ['ignore', 'ignore_ament_install']
[-1756861471658900480.000s] Level 1:colcon.colcon_core.package_identification:_identify(build) by extension 'ignore'
[-1756861471658900480.000s] Level 1:colcon.colcon_core.package_identification:_identify(build) ignored
[-1756861471658900480.000s] Level 1:colcon.colcon_core.package_identification:_identify(install) by extensions ['ignore', 'ignore_ament_install']
[-1756861471658900480.000s] Level 1:colcon.colcon_core.package_identification:_identify(install) by extension 'ignore'
[-1756861471658900480.000s] Level 1:colcon.colcon_core.package_identification:_identify(install) ignored
[-1756861471658900480.000s] Level 1:colcon.colcon_core.package_identification:_identify(log) by extensions ['ignore', 'ignore_ament_install']
[-1756861471658900480.000s] Level 1:colcon.colcon_core.package_identification:_identify(log) by extension 'ignore'
[-1756861471658900480.000s] Level 1:colcon.colcon_core.package_identification:_identify(log) ignored
[-1756861471658900480.000s] Level 1:colcon.colcon_core.package_identification:_identify(my_launch) by extensions ['ignore', 'ignore_ament_install']
[-1756861471658900480.000s] Level 1:colcon.colcon_core.package_identification:_identify(my_launch) by extension 'ignore'
[-1756861471658900480.000s] Level 1:colcon.colcon_core.package_identification:_identify(my_launch) by extension 'ignore_ament_install'
[-1756861471658900480.000s] Level 1:colcon.colcon_core.package_identification:_identify(my_launch) by extensions ['colcon_pkg']
[-1756861471658900480.000s] Level 1:colcon.colcon_core.package_identification:_identify(my_launch) by extension 'colcon_pkg'
[-1756861471658900480.000s] Level 1:colcon.colcon_core.package_identification:_identify(my_launch) by extensions ['colcon_meta']
[-1756861471658900480.000s] Level 1:colcon.colcon_core.package_identification:_identify(my_launch) by extension 'colcon_meta'
[-1756861471658900480.000s] Level 1:colcon.colcon_core.package_identification:_identify(my_launch) by extensions ['ros']
[-1756861471658900480.000s] Level 1:colcon.colcon_core.package_identification:_identify(my_launch) by extension 'ros'
[-1756861471658900480.000s] DEBUG:colcon.colcon_core.package_identification:Package 'my_launch' with type 'ros.ament_python' and name 'my_launch'
[-1756861471658900480.000s] Level 1:colcon.colcon_core.package_identification:_identify(my_new_pkg) by extensions ['ignore', 'ignore_ament_install']
[-1756861471658900480.000s] Level 1:colcon.colcon_core.package_identification:_identify(my_new_pkg) by extension 'ignore'
[-1756861471658900480.000s] Level 1:colcon.colcon_core.package_identification:_identify(my_new_pkg) by extension 'ignore_ament_install'
[-1756861471658900480.000s] Level 1:colcon.colcon_core.package_identification:_identify(my_new_pkg) by extensions ['colcon_pkg']
[-1756861471658900480.000s] Level 1:colcon.colcon_core.package_identification:_identify(my_new_pkg) by extension 'colcon_pkg'
[-1756861471658900480.000s] Level 1:colcon.colcon_core.package_identification:_identify(my_new_pkg) by extensions ['colcon_meta']
[-1756861471658900480.000s] Level 1:colcon.colcon_core.package_identification:_identify(my_new_pkg) by extension 'colcon_meta'
[-1756861471658900480.000s] Level 1:colcon.colcon_core.package_identification:_identify(my_new_pkg) by extensions ['ros']
[-1756861471658900480.000s] Level 1:colcon.colcon_core.package_identification:_identify(my_new_pkg) by extension 'ros'
[-1756861471658900480.000s] DEBUG:colcon.colcon_core.package_identification:Package 'my_new_pkg' with type 'ros.ament_python' and name 'my_new_pkg'
[-1756861471658900480.000s] Level 1:colcon.colcon_core.package_identification:_identify(realsense-ros) by extensions ['ignore', 'ignore_ament_install']
[-1756861471658900480.000s] Level 1:colcon.colcon_core.package_identification:_identify(realsense-ros) by extension 'ignore'
[-1756861471658900480.000s] Level 1:colcon.colcon_core.package_identification:_identify(realsense-ros) by extension 'ignore_ament_install'
[-1756861471658900480.000s] Level 1:colcon.colcon_core.package_identification:_identify(realsense-ros) by extensions ['colcon_pkg']
[-1756861471658900480.000s] Level 1:colcon.colcon_core.package_identification:_identify(realsense-ros) by extension 'colcon_pkg'
[-1756861471658900480.000s] Level 1:colcon.colcon_core.package_identification:_identify(realsense-ros) by extensions ['colcon_meta']
[-1756861471658900480.000s] Level 1:colcon.colcon_core.package_identification:_identify(realsense-ros) by extension 'colcon_meta'
[-1756861471658900480.000s] Level 1:colcon.colcon_core.package_identification:_identify(realsense-ros) by extensions ['ros']
[-1756861471658900480.000s] Level 1:colcon.colcon_core.package_identification:_identify(realsense-ros) by extension 'ros'
[-1756861471658900480.000s] Level 1:colcon.colcon_core.package_identification:_identify(realsense-ros) by extensions ['cmake', 'python']
[-1756861471658900480.000s] Level 1:colcon.colcon_core.package_identification:_identify(realsense-ros) by extension 'cmake'
[-1756861471658900480.000s] Level 1:colcon.colcon_core.package_identification:_identify(realsense-ros) by extension 'python'
[-1756861471658900480.000s] Level 1:colcon.colcon_core.package_identification:_identify(realsense-ros) by extensions ['python_setup_py']
[-1756861471658900480.000s] Level 1:colcon.colcon_core.package_identification:_identify(realsense-ros) by extension 'python_setup_py'
[-1756861471658900480.000s] Level 1:colcon.colcon_core.package_identification:_identify(realsense-ros/realsense2_camera) by extensions ['ignore', 'ignore_ament_install']
[-1756861471658900480.000s] Level 1:colcon.colcon_core.package_identification:_identify(realsense-ros/realsense2_camera) by extension 'ignore'
[-1756861471658900480.000s] Level 1:colcon.colcon_core.package_identification:_identify(realsense-ros/realsense2_camera) by extension 'ignore_ament_install'
[-1756861471658900480.000s] Level 1:colcon.colcon_core.package_identification:_identify(realsense-ros/realsense2_camera) by extensions ['colcon_pkg']
[-1756861471658900480.000s] Level 1:colcon.colcon_core.package_identification:_identify(realsense-ros/realsense2_camera) by extension 'colcon_pkg'
[-1756861471658900480.000s] Level 1:colcon.colcon_core.package_identification:_identify(realsense-ros/realsense2_camera) by extensions ['colcon_meta']
[-1756861471658900480.000s] Level 1:colcon.colcon_core.package_identification:_identify(realsense-ros/realsense2_camera) by extension 'colcon_meta'
[-1756861471658900480.000s] Level 1:colcon.colcon_core.package_identification:_identify(realsense-ros/realsense2_camera) by extensions ['ros']
[-1756861471658900480.000s] Level 1:colcon.colcon_core.package_identification:_identify(realsense-ros/realsense2_camera) by extension 'ros'
[-1756861471658900480.000s] DEBUG:colcon.colcon_core.package_identification:Package 'realsense-ros/realsense2_camera' with type 'ros.ament_cmake' and name 'realsense2_camera'
[-1756861471658900480.000s] Level 1:colcon.colcon_core.package_identification:_identify(realsense-ros/realsense2_camera_msgs) by extensions ['ignore', 'ignore_ament_install']
[-1756861471658900480.000s] Level 1:colcon.colcon_core.package_identification:_identify(realsense-ros/realsense2_camera_msgs) by extension 'ignore'
[-1756861471658900480.000s] Level 1:colcon.colcon_core.package_identification:_identify(realsense-ros/realsense2_camera_msgs) by extension 'ignore_ament_install'
[-1756861471658900480.000s] Level 1:colcon.colcon_core.package_identification:_identify(realsense-ros/realsense2_camera_msgs) by extensions ['colcon_pkg']
[-1756861471658900480.000s] Level 1:colcon.colcon_core.package_identification:_identify(realsense-ros/realsense2_camera_msgs) by extension 'colcon_pkg'
[-1756861471658900480.000s] Level 1:colcon.colcon_core.package_identification:_identify(realsense-ros/realsense2_camera_msgs) by extensions ['colcon_meta']
[-1756861471658900480.000s] Level 1:colcon.colcon_core.package_identification:_identify(realsense-ros/realsense2_camera_msgs) by extension 'colcon_meta'
[-1756861471658900480.000s] Level 1:colcon.colcon_core.package_identification:_identify(realsense-ros/realsense2_camera_msgs) by extensions ['ros']
[-1756861471658900480.000s] Level 1:colcon.colcon_core.package_identification:_identify(realsense-ros/realsense2_camera_msgs) by extension 'ros'
[-1756861471658900480.000s] DEBUG:colcon.colcon_core.package_identification:Package 'realsense-ros/realsense2_camera_msgs' with type 'ros.ament_cmake' and name 'realsense2_camera_msgs'
[-1756861471658900480.000s] Level 1:colcon.colcon_core.package_identification:_identify(realsense-ros/realsense2_description) by extensions ['ignore', 'ignore_ament_install']
[-1756861471658900480.000s] Level 1:colcon.colcon_core.package_identification:_identify(realsense-ros/realsense2_description) by extension 'ignore'
[-1756861471658900480.000s] Level 1:colcon.colcon_core.package_identification:_identify(realsense-ros/realsense2_description) by extension 'ignore_ament_install'
[-1756861471658900480.000s] Level 1:colcon.colcon_core.package_identification:_identify(realsense-ros/realsense2_description) by extensions ['colcon_pkg']
[-1756861471658900480.000s] Level 1:colcon.colcon_core.package_identification:_identify(realsense-ros/realsense2_description) by extension 'colcon_pkg'
[-1756861471658900480.000s] Level 1:colcon.colcon_core.package_identification:_identify(realsense-ros/realsense2_description) by extensions ['colcon_meta']
[-1756861471658900480.000s] Level 1:colcon.colcon_core.package_identification:_identify(realsense-ros/realsense2_description) by extension 'colcon_meta'
[-1756861471658900480.000s] Level 1:colcon.colcon_core.package_identification:_identify(realsense-ros/realsense2_description) by extensions ['ros']
[-1756861471658900480.000s] Level 1:colcon.colcon_core.package_identification:_identify(realsense-ros/realsense2_description) by extension 'ros'
[-1756861471658900480.000s] DEBUG:colcon.colcon_core.package_identification:Package 'realsense-ros/realsense2_description' with type 'ros.ament_cmake' and name 'realsense2_description'
[-1756861471658900480.000s] Level 1:colcon.colcon_core.package_identification:_identify(realsense-ros/scripts) by extensions ['ignore', 'ignore_ament_install']
[-1756861471658900480.000s] Level 1:colcon.colcon_core.package_identification:_identify(realsense-ros/scripts) by extension 'ignore'
[-1756861471658900480.000s] Level 1:colcon.colcon_core.package_identification:_identify(realsense-ros/scripts) by extension 'ignore_ament_install'
[-1756861471658900480.000s] Level 1:colcon.colcon_core.package_identification:_identify(realsense-ros/scripts) by extensions ['colcon_pkg']
[-1756861471658900480.000s] Level 1:colcon.colcon_core.package_identification:_identify(realsense-ros/scripts) by extension 'colcon_pkg'
[-1756861471658900480.000s] Level 1:colcon.colcon_core.package_identification:_identify(realsense-ros/scripts) by extensions ['colcon_meta']
[-1756861471658900480.000s] Level 1:colcon.colcon_core.package_identification:_identify(realsense-ros/scripts) by extension 'colcon_meta'
[-1756861471658900480.000s] Level 1:colcon.colcon_core.package_identification:_identify(realsense-ros/scripts) by extensions ['ros']
[-1756861471658900480.000s] Level 1:colcon.colcon_core.package_identification:_identify(realsense-ros/scripts) by extension 'ros'
[-1756861471658900480.000s] Level 1:colcon.colcon_core.package_identification:_identify(realsense-ros/scripts) by extensions ['cmake', 'python']
[-1756861471658900480.000s] Level 1:colcon.colcon_core.package_identification:_identify(realsense-ros/scripts) by extension 'cmake'
[-1756861471658900480.000s] Level 1:colcon.colcon_core.package_identification:_identify(realsense-ros/scripts) by extension 'python'
[-1756861471658900480.000s] Level 1:colcon.colcon_core.package_identification:_identify(realsense-ros/scripts) by extensions ['python_setup_py']
[-1756861471658900480.000s] Level 1:colcon.colcon_core.package_identification:_identify(realsense-ros/scripts) by extension 'python_setup_py'
[-1756861471658900480.000s] Level 1:colcon.colcon_core.package_discovery:discover_packages(recursive) using defaults
[-1756861471658900480.000s] Level 1:colcon.colcon_core.package_discovery:discover_packages(ignore) discover
[-1756861471658900480.000s] Level 1:colcon.colcon_core.package_discovery:discover_packages(ignore) using defaults
[-1756861471658900480.000s] Level 1:colcon.colcon_core.package_discovery:discover_packages(path) discover
[-1756861471658900480.000s] Level 1:colcon.colcon_core.package_discovery:discover_packages(path) using defaults
[-1756861471658900480.000s] Level 5:colcon.colcon_core.verb:set package 'my_launch' build argument 'cmake_args' from command line to 'None'
[-1756861471658900480.000s] Level 5:colcon.colcon_core.verb:set package 'my_launch' build argument 'cmake_target' from command line to 'None'
[-1756861471658900480.000s] Level 5:colcon.colcon_core.verb:set package 'my_launch' build argument 'cmake_target_skip_unavailable' from command line to 'False'
[-1756861471658900480.000s] Level 5:colcon.colcon_core.verb:set package 'my_launch' build argument 'cmake_clean_cache' from command line to 'False'
[-1756861471658900480.000s] Level 5:colcon.colcon_core.verb:set package 'my_launch' build argument 'cmake_clean_first' from command line to 'False'
[-1756861471658900480.000s] Level 5:colcon.colcon_core.verb:set package 'my_launch' build argument 'cmake_force_configure' from command line to 'False'
[-1756861471658900480.000s] Level 5:colcon.colcon_core.verb:set package 'my_launch' build argument 'ament_cmake_args' from command line to 'None'
[-1756861471658900480.000s] Level 5:colcon.colcon_core.verb:set package 'my_launch' build argument 'catkin_cmake_args' from command line to 'None'
[-1756861471658900480.000s] Level 5:colcon.colcon_core.verb:set package 'my_launch' build argument 'catkin_skip_building_tests' from command line to 'False'
[-1756861471658900480.000s] DEBUG:colcon.colcon_core.verb:Building package 'my_launch' with the following arguments: {'ament_cmake_args': None, 'build_base': '/home/eloisezeng/ros2_ws/src/build/my_launch', 'catkin_cmake_args': None, 'catkin_skip_building_tests': False, 'cmake_args': None, 'cmake_clean_cache': False, 'cmake_clean_first': False, 'cmake_force_configure': False, 'cmake_target': None, 'cmake_target_skip_unavailable': False, 'install_base': '/home/eloisezeng/ros2_ws/src/install/my_launch', 'merge_install': False, 'path': '/home/eloisezeng/ros2_ws/src/my_launch', 'symlink_install': True, 'test_result_base': None}
[-1756861471658900480.000s] Level 5:colcon.colcon_core.verb:set package 'my_new_pkg' build argument 'cmake_args' from command line to 'None'
[-1756861471658900480.000s] Level 5:colcon.colcon_core.verb:set package 'my_new_pkg' build argument 'cmake_target' from command line to 'None'
[-1756861471658900480.000s] Level 5:colcon.colcon_core.verb:set package 'my_new_pkg' build argument 'cmake_target_skip_unavailable' from command line to 'False'
[-1756861471658900480.000s] Level 5:colcon.colcon_core.verb:set package 'my_new_pkg' build argument 'cmake_clean_cache' from command line to 'False'
[-1756861471658900480.000s] Level 5:colcon.colcon_core.verb:set package 'my_new_pkg' build argument 'cmake_clean_first' from command line to 'False'
[-1756861471658900480.000s] Level 5:colcon.colcon_core.verb:set package 'my_new_pkg' build argument 'cmake_force_configure' from command line to 'False'
[-1756861471658900480.000s] Level 5:colcon.colcon_core.verb:set package 'my_new_pkg' build argument 'ament_cmake_args' from command line to 'None'
[-1756861471658900480.000s] Level 5:colcon.colcon_core.verb:set package 'my_new_pkg' build argument 'catkin_cmake_args' from command line to 'None'
[-1756861471658900480.000s] Level 5:colcon.colcon_core.verb:set package 'my_new_pkg' build argument 'catkin_skip_building_tests' from command line to 'False'
[-1756861471658900480.000s] DEBUG:colcon.colcon_core.verb:Building package 'my_new_pkg' with the following arguments: {'ament_cmake_args': None, 'build_base': '/home/eloisezeng/ros2_ws/src/build/my_new_pkg', 'catkin_cmake_args': None, 'catkin_skip_building_tests': False, 'cmake_args': None, 'cmake_clean_cache': False, 'cmake_clean_first': False, 'cmake_force_configure': False, 'cmake_target': None, 'cmake_target_skip_unavailable': False, 'install_base': '/home/eloisezeng/ros2_ws/src/install/my_new_pkg', 'merge_install': False, 'path': '/home/eloisezeng/ros2_ws/src/my_new_pkg', 'symlink_install': True, 'test_result_base': None}
[-1756861471658900480.000s] Level 5:colcon.colcon_core.verb:set package 'realsense2_camera_msgs' build argument 'cmake_args' from command line to 'None'
[-1756861471658900480.000s] Level 5:colcon.colcon_core.verb:set package 'realsense2_camera_msgs' build argument 'cmake_target' from command line to 'None'
[-1756861471658900480.000s] Level 5:colcon.colcon_core.verb:set package 'realsense2_camera_msgs' build argument 'cmake_target_skip_unavailable' from command line to 'False'
[-1756861471658900480.000s] Level 5:colcon.colcon_core.verb:set package 'realsense2_camera_msgs' build argument 'cmake_clean_cache' from command line to 'False'
[-1756861471658900480.000s] Level 5:colcon.colcon_core.verb:set package 'realsense2_camera_msgs' build argument 'cmake_clean_first' from command line to 'False'
[-1756861471658900480.000s] Level 5:colcon.colcon_core.verb:set package 'realsense2_camera_msgs' build argument 'cmake_force_configure' from command line to 'False'
[-1756861471658900480.000s] Level 5:colcon.colcon_core.verb:set package 'realsense2_camera_msgs' build argument 'ament_cmake_args' from command line to 'None'
[-1756861471658900480.000s] Level 5:colcon.colcon_core.verb:set package 'realsense2_camera_msgs' build argument 'catkin_cmake_args' from command line to 'None'
[-1756861471658900480.000s] Level 5:colcon.colcon_core.verb:set package 'realsense2_camera_msgs' build argument 'catkin_skip_building_tests' from command line to 'False'
[-1756861471658900480.000s] DEBUG:colcon.colcon_core.verb:Building package 'realsense2_camera_msgs' with the following arguments: {'ament_cmake_args': None, 'build_base': '/home/eloisezeng/ros2_ws/src/build/realsense2_camera_msgs', 'catkin_cmake_args': None, 'catkin_skip_building_tests': False, 'cmake_args': None, 'cmake_clean_cache': False, 'cmake_clean_first': False, 'cmake_force_configure': False, 'cmake_target': None, 'cmake_target_skip_unavailable': False, 'install_base': '/home/eloisezeng/ros2_ws/src/install/realsense2_camera_msgs', 'merge_install': False, 'path': '/home/eloisezeng/ros2_ws/src/realsense-ros/realsense2_camera_msgs', 'symlink_install': True, 'test_result_base': None}
[-1756861471658900480.000s] Level 5:colcon.colcon_core.verb:set package 'realsense2_camera' build argument 'cmake_args' from command line to 'None'
[-1756861471658900480.000s] Level 5:colcon.colcon_core.verb:set package 'realsense2_camera' build argument 'cmake_target' from command line to 'None'
[-1756861471658900480.000s] Level 5:colcon.colcon_core.verb:set package 'realsense2_camera' build argument 'cmake_target_skip_unavailable' from command line to 'False'
[-1756861471658900480.000s] Level 5:colcon.colcon_core.verb:set package 'realsense2_camera' build argument 'cmake_clean_cache' from command line to 'False'
[-1756861471658900480.000s] Level 5:colcon.colcon_core.verb:set package 'realsense2_camera' build argument 'cmake_clean_first' from command line to 'False'
[-1756861471658900480.000s] Level 5:colcon.colcon_core.verb:set package 'realsense2_camera' build argument 'cmake_force_configure' from command line to 'False'
[-1756861471658900480.000s] Level 5:colcon.colcon_core.verb:set package 'realsense2_camera' build argument 'ament_cmake_args' from command line to 'None'
[-1756861471658900480.000s] Level 5:colcon.colcon_core.verb:set package 'realsense2_camera' build argument 'catkin_cmake_args' from command line to 'None'
[-1756861471658900480.000s] Level 5:colcon.colcon_core.verb:set package 'realsense2_camera' build argument 'catkin_skip_building_tests' from command line to 'False'
[-1756861471658900480.000s] DEBUG:colcon.colcon_core.verb:Building package 'realsense2_camera' with the following arguments: {'ament_cmake_args': None, 'build_base': '/home/eloisezeng/ros2_ws/src/build/realsense2_camera', 'catkin_cmake_args': None, 'catkin_skip_building_tests': False, 'cmake_args': None, 'cmake_clean_cache': False, 'cmake_clean_first': False, 'cmake_force_configure': False, 'cmake_target': None, 'cmake_target_skip_unavailable': False, 'install_base': '/home/eloisezeng/ros2_ws/src/install/realsense2_camera', 'merge_install': False, 'path': '/home/eloisezeng/ros2_ws/src/realsense-ros/realsense2_camera', 'symlink_install': True, 'test_result_base': None}
[-1756861471658900480.000s] Level 5:colcon.colcon_core.verb:set package 'realsense2_description' build argument 'cmake_args' from command line to 'None'
[-1756861471658900480.000s] Level 5:colcon.colcon_core.verb:set package 'realsense2_description' build argument 'cmake_target' from command line to 'None'
[-1756861471658900480.000s] Level 5:colcon.colcon_core.verb:set package 'realsense2_description' build argument 'cmake_target_skip_unavailable' from command line to 'False'
[-1756861471658900480.000s] Level 5:colcon.colcon_core.verb:set package 'realsense2_description' build argument 'cmake_clean_cache' from command line to 'False'
[-1756861471658900480.000s] Level 5:colcon.colcon_core.verb:set package 'realsense2_description' build argument 'cmake_clean_first' from command line to 'False'
[-1756861471658900480.000s] Level 5:colcon.colcon_core.verb:set package 'realsense2_description' build argument 'cmake_force_configure' from command line to 'False'
[-1756861471658900480.000s] Level 5:colcon.colcon_core.verb:set package 'realsense2_description' build argument 'ament_cmake_args' from command line to 'None'
[-1756861471658900480.000s] Level 5:colcon.colcon_core.verb:set package 'realsense2_description' build argument 'catkin_cmake_args' from command line to 'None'
[-1756861471658900480.000s] Level 5:colcon.colcon_core.verb:set package 'realsense2_description' build argument 'catkin_skip_building_tests' from command line to 'False'
[-1756861471658900480.000s] DEBUG:colcon.colcon_core.verb:Building package 'realsense2_description' with the following arguments: {'ament_cmake_args': None, 'build_base': '/home/eloisezeng/ros2_ws/src/build/realsense2_description', 'catkin_cmake_args': None, 'catkin_skip_building_tests': False, 'cmake_args': None, 'cmake_clean_cache': False, 'cmake_clean_first': False, 'cmake_force_configure': False, 'cmake_target': None, 'cmake_target_skip_unavailable': False, 'install_base': '/home/eloisezeng/ros2_ws/src/install/realsense2_description', 'merge_install': False, 'path': '/home/eloisezeng/ros2_ws/src/realsense-ros/realsense2_description', 'symlink_install': True, 'test_result_base': None}
[-1756861471658900480.000s] INFO:colcon.colcon_core.executor:Executing jobs using 'parallel' executor
[-1756861471658900480.000s] DEBUG:colcon.colcon_parallel_executor.executor.parallel:run_until_complete
[-1756861471658900480.000s] INFO:colcon.colcon_ros.task.ament_cmake.build:Building ROS package in '/home/eloisezeng/ros2_ws/src/realsense-ros/realsense2_camera_msgs' with build type 'ament_cmake'
[-1756861471658900480.000s] INFO:colcon.colcon_cmake.task.cmake.build:Building CMake package in '/home/eloisezeng/ros2_ws/src/realsense-ros/realsense2_camera_msgs'
[-1756861471658900480.000s] INFO:colcon.colcon_core.plugin_system:Skipping extension 'colcon_core.shell.bat': Not used on non-Windows systems
[-1756861471658900480.000s] INFO:colcon.colcon_core.shell:Skip shell extension 'powershell' for command environment: Not usable outside of PowerShell
[-1756861471658900480.000s] DEBUG:colcon.colcon_core.shell:Skip shell extension 'dsv' for command environment
[-1756861471658900480.000s] INFO:colcon.colcon_ros.task.ament_python.build:Building ROS package in '/home/eloisezeng/ros2_ws/src/my_launch' with build type 'ament_python'
[-1756861471658900480.000s] Level 1:colcon.colcon_core.shell:create_environment_hook('my_launch', 'ament_prefix_path')
[-1756861471658900480.000s] INFO:colcon.colcon_core.shell:Creating environment hook '/home/eloisezeng/ros2_ws/src/install/my_launch/share/my_launch/hook/ament_prefix_path.ps1'
[-1756861471658900480.000s] INFO:colcon.colcon_core.shell:Creating environment descriptor '/home/eloisezeng/ros2_ws/src/install/my_launch/share/my_launch/hook/ament_prefix_path.dsv'
[-1756861471658900480.000s] INFO:colcon.colcon_core.shell:Creating environment hook '/home/eloisezeng/ros2_ws/src/install/my_launch/share/my_launch/hook/ament_prefix_path.sh'
[-1756861471658900480.000s] INFO:colcon.colcon_core.shell:Skip shell extension 'powershell' for command environment: Not usable outside of PowerShell
[-1756861471658900480.000s] DEBUG:colcon.colcon_core.shell:Skip shell extension 'dsv' for command environment
[-1756861471658900480.000s] INFO:colcon.colcon_ros.task.ament_python.build:Building ROS package in '/home/eloisezeng/ros2_ws/src/my_new_pkg' with build type 'ament_python'
[-1756861471658900480.000s] Level 1:colcon.colcon_core.shell:create_environment_hook('my_new_pkg', 'ament_prefix_path')
[-1756861471658900480.000s] INFO:colcon.colcon_core.shell:Creating environment hook '/home/eloisezeng/ros2_ws/src/install/my_new_pkg/share/my_new_pkg/hook/ament_prefix_path.ps1'
[-1756861471658900480.000s] INFO:colcon.colcon_core.shell:Creating environment descriptor '/home/eloisezeng/ros2_ws/src/install/my_new_pkg/share/my_new_pkg/hook/ament_prefix_path.dsv'
[-1756861471658900480.000s] INFO:colcon.colcon_core.shell:Creating environment hook '/home/eloisezeng/ros2_ws/src/install/my_new_pkg/share/my_new_pkg/hook/ament_prefix_path.sh'
[-1756861471658900480.000s] INFO:colcon.colcon_core.shell:Skip shell extension 'powershell' for command environment: Not usable outside of PowerShell
[-1756861471658900480.000s] DEBUG:colcon.colcon_core.shell:Skip shell extension 'dsv' for command environment
[-1756861471658900480.000s] DEBUG:colcon.colcon_core.event_handler.log_command:Invoking command in '/home/eloisezeng/ros2_ws/src/build/realsense2_camera_msgs': CMAKE_PREFIX_PATH=${CMAKE_PREFIX_PATH}:/home/eloisezeng/ros2_ws/install/my_launch:/opt/ros/jazzy CONDA_PROMPT_MODIFIER=(base) DEBUGINFOD_URLS=https://debuginfod.ubuntu.com /usr/bin/cmake /home/eloisezeng/ros2_ws/src/realsense-ros/realsense2_camera_msgs -DAMENT_CMAKE_SYMLINK_INSTALL=1 -DCMAKE_INSTALL_PREFIX=/home/eloisezeng/ros2_ws/src/install/realsense2_camera_msgs
[-1756861471658900480.000s] INFO:colcon.colcon_core.task.python.build:Building Python package in '/home/eloisezeng/ros2_ws/src/my_launch'
[-1756861471658900480.000s] INFO:colcon.colcon_core.shell:Skip shell extension 'powershell' for command environment: Not usable outside of PowerShell
[-1756861471658900480.000s] DEBUG:colcon.colcon_core.shell:Skip shell extension 'dsv' for command environment
[-1756861471658900480.000s] INFO:colcon.colcon_core.task.python.build:Building Python package in '/home/eloisezeng/ros2_ws/src/my_new_pkg'
[-1756861471658900480.000s] INFO:colcon.colcon_core.shell:Skip shell extension 'powershell' for command environment: Not usable outside of PowerShell
[-1756861471658900480.000s] DEBUG:colcon.colcon_core.shell:Skip shell extension 'dsv' for command environment
[-1756861471658900480.000s] DEBUG:colcon.colcon_core.event_handler.log_command:Invoking command in '/home/eloisezeng/ros2_ws/src/build/my_new_pkg': CONDA_PROMPT_MODIFIER=(base) DEBUGINFOD_URLS=https://debuginfod.ubuntu.com PYTHONPATH=/home/eloisezeng/ros2_ws/src/build/my_new_pkg/prefix_override:/home/eloisezeng/miniconda3/lib/python3.13/site-packages/colcon_core/task/python/colcon_distutils_commands:/home/eloisezeng/ros2_ws/src/install/my_new_pkg/lib/python3.13/site-packages:${PYTHONPATH} /home/eloisezeng/miniconda3/bin/python3.13 -W ignore:setup.py install is deprecated -W ignore:easy_install command is deprecated setup.py develop --editable --build-directory /home/eloisezeng/ros2_ws/src/build/my_new_pkg/build --no-deps symlink_data
[-1756861471658900480.000s] DEBUG:colcon.colcon_core.event_handler.log_command:Invoking command in '/home/eloisezeng/ros2_ws/src/build/my_launch': CONDA_PROMPT_MODIFIER=(base) DEBUGINFOD_URLS=https://debuginfod.ubuntu.com PYTHONPATH=/home/eloisezeng/ros2_ws/src/build/my_launch/prefix_override:/home/eloisezeng/miniconda3/lib/python3.13/site-packages/colcon_core/task/python/colcon_distutils_commands:/home/eloisezeng/ros2_ws/src/install/my_launch/lib/python3.13/site-packages:${PYTHONPATH} /home/eloisezeng/miniconda3/bin/python3.13 -W ignore:setup.py install is deprecated -W ignore:easy_install command is deprecated setup.py develop --editable --build-directory /home/eloisezeng/ros2_ws/src/build/my_launch/build --no-deps symlink_data
[-1756861471658900480.000s] Level 1:colcon.colcon_core.shell:create_environment_hook('my_new_pkg', 'pythonpath_develop')
[-1756861471658900480.000s] INFO:colcon.colcon_core.shell:Creating environment hook '/home/eloisezeng/ros2_ws/src/build/my_new_pkg/share/my_new_pkg/hook/pythonpath_develop.ps1'
[-1756861471658900480.000s] DEBUG:colcon.colcon_core.event_handler.log_command:Invoked command in '/home/eloisezeng/ros2_ws/src/build/my_new_pkg' returned '0': CONDA_PROMPT_MODIFIER=(base) DEBUGINFOD_URLS=https://debuginfod.ubuntu.com PYTHONPATH=/home/eloisezeng/ros2_ws/src/build/my_new_pkg/prefix_override:/home/eloisezeng/miniconda3/lib/python3.13/site-packages/colcon_core/task/python/colcon_distutils_commands:/home/eloisezeng/ros2_ws/src/install/my_new_pkg/lib/python3.13/site-packages:${PYTHONPATH} /home/eloisezeng/miniconda3/bin/python3.13 -W ignore:setup.py install is deprecated -W ignore:easy_install command is deprecated setup.py develop --editable --build-directory /home/eloisezeng/ros2_ws/src/build/my_new_pkg/build --no-deps symlink_data
[-1756861471658900480.000s] INFO:colcon.colcon_core.shell:Creating environment descriptor '/home/eloisezeng/ros2_ws/src/build/my_new_pkg/share/my_new_pkg/hook/pythonpath_develop.dsv'
[-1756861471658900480.000s] INFO:colcon.colcon_core.shell:Creating environment hook '/home/eloisezeng/ros2_ws/src/build/my_new_pkg/share/my_new_pkg/hook/pythonpath_develop.sh'
[-1756861471658900480.000s] Level 1:colcon.colcon_core.environment:checking '/home/eloisezeng/ros2_ws/src/install/my_new_pkg' for CMake module files
[-1756861471658900480.000s] Level 1:colcon.colcon_core.environment:checking '/home/eloisezeng/ros2_ws/src/install/my_new_pkg' for CMake config files
[-1756861471658900480.000s] Level 1:colcon.colcon_core.environment:checking '/home/eloisezeng/ros2_ws/src/install/my_new_pkg/lib'
[-1756861471658900480.000s] Level 1:colcon.colcon_core.environment:checking '/home/eloisezeng/ros2_ws/src/install/my_new_pkg/bin'
[-1756861471658900480.000s] Level 1:colcon.colcon_core.environment:checking '/home/eloisezeng/ros2_ws/src/install/my_new_pkg/lib/pkgconfig/my_new_pkg.pc'
[-1756861471658900480.000s] Level 1:colcon.colcon_core.environment:checking '/home/eloisezeng/ros2_ws/src/install/my_new_pkg/lib/python3.13/site-packages'
[-1756861471658900480.000s] Level 1:colcon.colcon_core.shell:create_environment_hook('my_new_pkg', 'pythonpath')
[-1756861471658900480.000s] INFO:colcon.colcon_core.shell:Creating environment hook '/home/eloisezeng/ros2_ws/src/install/my_new_pkg/share/my_new_pkg/hook/pythonpath.ps1'
[-1756861471658900480.000s] INFO:colcon.colcon_core.shell:Creating environment descriptor '/home/eloisezeng/ros2_ws/src/install/my_new_pkg/share/my_new_pkg/hook/pythonpath.dsv'
[-1756861471658900480.000s] INFO:colcon.colcon_core.shell:Creating environment hook '/home/eloisezeng/ros2_ws/src/install/my_new_pkg/share/my_new_pkg/hook/pythonpath.sh'
[-1756861471658900480.000s] Level 1:colcon.colcon_core.environment:checking '/home/eloisezeng/ros2_ws/src/install/my_new_pkg/bin'
[-1756861471658900480.000s] Level 1:colcon.colcon_core.environment:create_environment_scripts_only(my_new_pkg)
[-1756861471658900480.000s] INFO:colcon.colcon_core.shell:Creating package script '/home/eloisezeng/ros2_ws/src/install/my_new_pkg/share/my_new_pkg/package.ps1'
[-1756861471658900480.000s] INFO:colcon.colcon_core.shell:Creating package descriptor '/home/eloisezeng/ros2_ws/src/install/my_new_pkg/share/my_new_pkg/package.dsv'
[-1756861471658900480.000s] INFO:colcon.colcon_core.shell:Creating package script '/home/eloisezeng/ros2_ws/src/install/my_new_pkg/share/my_new_pkg/package.sh'
[-1756861471658900480.000s] INFO:colcon.colcon_core.shell:Creating package script '/home/eloisezeng/ros2_ws/src/install/my_new_pkg/share/my_new_pkg/package.bash'
[-1756861471658900480.000s] INFO:colcon.colcon_core.shell:Creating package script '/home/eloisezeng/ros2_ws/src/install/my_new_pkg/share/my_new_pkg/package.zsh'
[-1756861471658900480.000s] Level 1:colcon.colcon_core.environment:create_file_with_runtime_dependencies(/home/eloisezeng/ros2_ws/src/install/my_new_pkg/share/colcon-core/packages/my_new_pkg)
[-1756861471658900480.000s] Level 1:colcon.colcon_core.shell:create_environment_hook('my_launch', 'pythonpath_develop')
[-1756861471658900480.000s] INFO:colcon.colcon_core.shell:Creating environment hook '/home/eloisezeng/ros2_ws/src/build/my_launch/share/my_launch/hook/pythonpath_develop.ps1'
[-1756861471658900480.000s] DEBUG:colcon.colcon_core.event_handler.log_command:Invoked command in '/home/eloisezeng/ros2_ws/src/build/my_launch' returned '0': CONDA_PROMPT_MODIFIER=(base) DEBUGINFOD_URLS=https://debuginfod.ubuntu.com PYTHONPATH=/home/eloisezeng/ros2_ws/src/build/my_launch/prefix_override:/home/eloisezeng/miniconda3/lib/python3.13/site-packages/colcon_core/task/python/colcon_distutils_commands:/home/eloisezeng/ros2_ws/src/install/my_launch/lib/python3.13/site-packages:${PYTHONPATH} /home/eloisezeng/miniconda3/bin/python3.13 -W ignore:setup.py install is deprecated -W ignore:easy_install command is deprecated setup.py develop --editable --build-directory /home/eloisezeng/ros2_ws/src/build/my_launch/build --no-deps symlink_data
[-1756861471658900480.000s] INFO:colcon.colcon_core.shell:Creating environment descriptor '/home/eloisezeng/ros2_ws/src/build/my_launch/share/my_launch/hook/pythonpath_develop.dsv'
[-1756861471658900480.000s] INFO:colcon.colcon_core.shell:Creating environment hook '/home/eloisezeng/ros2_ws/src/build/my_launch/share/my_launch/hook/pythonpath_develop.sh'
[-1756861471658900480.000s] Level 1:colcon.colcon_core.environment:checking '/home/eloisezeng/ros2_ws/src/install/my_launch' for CMake module files
[-1756861471658900480.000s] Level 1:colcon.colcon_core.environment:checking '/home/eloisezeng/ros2_ws/src/install/my_launch' for CMake config files
[-1756861471658900480.000s] Level 1:colcon.colcon_core.environment:checking '/home/eloisezeng/ros2_ws/src/install/my_launch/lib'
[-1756861471658900480.000s] Level 1:colcon.colcon_core.environment:checking '/home/eloisezeng/ros2_ws/src/install/my_launch/bin'
[-1756861471658900480.000s] Level 1:colcon.colcon_core.environment:checking '/home/eloisezeng/ros2_ws/src/install/my_launch/lib/pkgconfig/my_launch.pc'
[-1756861471658900480.000s] Level 1:colcon.colcon_core.environment:checking '/home/eloisezeng/ros2_ws/src/install/my_launch/lib/python3.13/site-packages'
[-1756861471658900480.000s] Level 1:colcon.colcon_core.shell:create_environment_hook('my_launch', 'pythonpath')
[-1756861471658900480.000s] INFO:colcon.colcon_core.shell:Creating environment hook '/home/eloisezeng/ros2_ws/src/install/my_launch/share/my_launch/hook/pythonpath.ps1'
[-1756861471658900480.000s] INFO:colcon.colcon_core.shell:Creating environment descriptor '/home/eloisezeng/ros2_ws/src/install/my_launch/share/my_launch/hook/pythonpath.dsv'
[-1756861471658900480.000s] INFO:colcon.colcon_core.shell:Creating environment hook '/home/eloisezeng/ros2_ws/src/install/my_launch/share/my_launch/hook/pythonpath.sh'
[-1756861471658900480.000s] Level 1:colcon.colcon_core.environment:checking '/home/eloisezeng/ros2_ws/src/install/my_launch/bin'
[-1756861471658900480.000s] Level 1:colcon.colcon_core.environment:create_environment_scripts_only(my_launch)
[-1756861471658900480.000s] INFO:colcon.colcon_core.shell:Creating package script '/home/eloisezeng/ros2_ws/src/install/my_launch/share/my_launch/package.ps1'
[-1756861471658900480.000s] INFO:colcon.colcon_core.shell:Creating package descriptor '/home/eloisezeng/ros2_ws/src/install/my_launch/share/my_launch/package.dsv'
[-1756861471658900480.000s] INFO:colcon.colcon_core.shell:Creating package script '/home/eloisezeng/ros2_ws/src/install/my_launch/share/my_launch/package.sh'
[-1756861471658900480.000s] INFO:colcon.colcon_core.shell:Creating package script '/home/eloisezeng/ros2_ws/src/install/my_launch/share/my_launch/package.bash'
[-1756861471658900480.000s] INFO:colcon.colcon_core.shell:Creating package script '/home/eloisezeng/ros2_ws/src/install/my_launch/share/my_launch/package.zsh'
[-1756861471658900480.000s] Level 1:colcon.colcon_core.environment:create_file_with_runtime_dependencies(/home/eloisezeng/ros2_ws/src/install/my_launch/share/colcon-core/packages/my_launch)
[-1756861471658900480.000s] DEBUG:colcon.colcon_core.event_handler.log_command:Invoked command in '/home/eloisezeng/ros2_ws/src/build/realsense2_camera_msgs' returned '0': CMAKE_PREFIX_PATH=${CMAKE_PREFIX_PATH}:/home/eloisezeng/ros2_ws/install/my_launch:/opt/ros/jazzy CONDA_PROMPT_MODIFIER=(base) DEBUGINFOD_URLS=https://debuginfod.ubuntu.com /usr/bin/cmake /home/eloisezeng/ros2_ws/src/realsense-ros/realsense2_camera_msgs -DAMENT_CMAKE_SYMLINK_INSTALL=1 -DCMAKE_INSTALL_PREFIX=/home/eloisezeng/ros2_ws/src/install/realsense2_camera_msgs
[-1756861471658900480.000s] DEBUG:colcon.colcon_core.event_handler.log_command:Invoking command in '/home/eloisezeng/ros2_ws/src/build/realsense2_camera_msgs': CMAKE_PREFIX_PATH=${CMAKE_PREFIX_PATH}:/home/eloisezeng/ros2_ws/install/my_launch:/opt/ros/jazzy CONDA_PROMPT_MODIFIER=(base) DEBUGINFOD_URLS=https://debuginfod.ubuntu.com /usr/bin/cmake --build /home/eloisezeng/ros2_ws/src/build/realsense2_camera_msgs -- -j32 -l32
[-1756861471658900480.000s] DEBUG:colcon.colcon_parallel_executor.executor.parallel:run_until_complete was interrupted
[-1756861471658900480.000s] DEBUG:colcon.colcon_parallel_executor.executor.parallel:run_until_complete again
[-1756861471658900480.000s] DEBUG:colcon.colcon_core.event_handler.log_command:Invoked command in '/home/eloisezeng/ros2_ws/src/build/realsense2_camera_msgs' returned '-2': CMAKE_PREFIX_PATH=${CMAKE_PREFIX_PATH}:/home/eloisezeng/ros2_ws/install/my_launch:/opt/ros/jazzy CONDA_PROMPT_MODIFIER=(base) DEBUGINFOD_URLS=https://debuginfod.ubuntu.com /usr/bin/cmake --build /home/eloisezeng/ros2_ws/src/build/realsense2_camera_msgs -- -j32 -l32
[-1756861471658900480.000s] Level 1:colcon.colcon_core.environment:create_environment_scripts_only(realsense2_camera_msgs)
[-1756861471658900480.000s] Level 1:colcon.colcon_core.environment:checking '/home/eloisezeng/ros2_ws/src/install/realsense2_camera_msgs' for CMake module files
[-1756861471658900480.000s] Level 1:colcon.colcon_core.environment:checking '/home/eloisezeng/ros2_ws/src/install/realsense2_camera_msgs' for CMake config files
[-1756861471658900480.000s] Level 1:colcon.colcon_core.environment:checking '/home/eloisezeng/ros2_ws/src/install/realsense2_camera_msgs/bin'
[-1756861471658900480.000s] Level 1:colcon.colcon_core.environment:checking '/home/eloisezeng/ros2_ws/src/install/realsense2_camera_msgs/lib/pkgconfig/realsense2_camera_msgs.pc'
[-1756861471658900480.000s] Level 1:colcon.colcon_core.environment:checking '/home/eloisezeng/ros2_ws/src/install/realsense2_camera_msgs/lib/python3.13/site-packages'
[-1756861471658900480.000s] Level 1:colcon.colcon_core.environment:checking '/home/eloisezeng/ros2_ws/src/install/realsense2_camera_msgs/bin'
[-1756861471658900480.000s] INFO:colcon.colcon_core.shell:Creating package script '/home/eloisezeng/ros2_ws/src/install/realsense2_camera_msgs/share/realsense2_camera_msgs/package.ps1'
[-1756861471658900480.000s] INFO:colcon.colcon_core.shell:Creating package descriptor '/home/eloisezeng/ros2_ws/src/install/realsense2_camera_msgs/share/realsense2_camera_msgs/package.dsv'
[-1756861471658900480.000s] INFO:colcon.colcon_core.shell:Creating package script '/home/eloisezeng/ros2_ws/src/install/realsense2_camera_msgs/share/realsense2_camera_msgs/package.sh'
[-1756861471658900480.000s] INFO:colcon.colcon_core.shell:Creating package script '/home/eloisezeng/ros2_ws/src/install/realsense2_camera_msgs/share/realsense2_camera_msgs/package.bash'
[-1756861471658900480.000s] INFO:colcon.colcon_core.shell:Creating package script '/home/eloisezeng/ros2_ws/src/install/realsense2_camera_msgs/share/realsense2_camera_msgs/package.zsh'
[-1756861471658900480.000s] Level 1:colcon.colcon_core.environment:create_file_with_runtime_dependencies(/home/eloisezeng/ros2_ws/src/install/realsense2_camera_msgs/share/colcon-core/packages/realsense2_camera_msgs)
[-1756861471658900480.000s] DEBUG:colcon.colcon_parallel_executor.executor.parallel:run_until_complete finished
[-1756861471658900480.000s] DEBUG:colcon.colcon_parallel_executor.executor.parallel:closing loop
[-1756861471658900480.000s] DEBUG:colcon.colcon_parallel_executor.executor.parallel:loop closed
[-1756861471658900480.000s] DEBUG:colcon.colcon_core.event_reactor:joining thread
[-1756861471658900480.000s] INFO:colcon.colcon_core.plugin_system:Skipping extension 'colcon_notification.desktop_notification.notify2': 'notify2' not found
[-1756861471658900480.000s] INFO:colcon.colcon_core.plugin_system:Skipping extension 'colcon_notification.desktop_notification.terminal_notifier': Not used on non-Darwin systems
[-1756861471658900480.000s] INFO:colcon.colcon_core.plugin_system:Skipping extension 'colcon_notification.desktop_notification.win32': Not used on non-Windows systems
[-1756861471658900480.000s] INFO:colcon.colcon_notification.desktop_notification:Sending desktop notification using 'notify_send'
[-1756861471658900480.000s] DEBUG:colcon.colcon_core.event_reactor:joined thread
[-1756861471658900480.000s] INFO:colcon.colcon_core.shell:Creating prefix script '/home/eloisezeng/ros2_ws/src/install/local_setup.ps1'
[-1756861471658900480.000s] INFO:colcon.colcon_core.shell:Creating prefix util module '/home/eloisezeng/ros2_ws/src/install/_local_setup_util_ps1.py'
[-1756861471658900480.000s] INFO:colcon.colcon_core.shell:Creating prefix chain script '/home/eloisezeng/ros2_ws/src/install/setup.ps1'
[-1756861471658900480.000s] INFO:colcon.colcon_core.shell:Creating prefix script '/home/eloisezeng/ros2_ws/src/install/local_setup.sh'
[-1756861471658900480.000s] INFO:colcon.colcon_core.shell:Creating prefix util module '/home/eloisezeng/ros2_ws/src/install/_local_setup_util_sh.py'
[-1756861471658900480.000s] INFO:colcon.colcon_core.shell:Creating prefix chain script '/home/eloisezeng/ros2_ws/src/install/setup.sh'
[-1756861471658900480.000s] INFO:colcon.colcon_core.shell:Creating prefix script '/home/eloisezeng/ros2_ws/src/install/local_setup.bash'
[-1756861471658900480.000s] INFO:colcon.colcon_core.shell:Creating prefix chain script '/home/eloisezeng/ros2_ws/src/install/setup.bash'
[-1756861471658900480.000s] INFO:colcon.colcon_core.shell:Creating prefix script '/home/eloisezeng/ros2_ws/src/install/local_setup.zsh'
[-1756861471658900480.000s] INFO:colcon.colcon_core.shell:Creating prefix chain script '/home/eloisezeng/ros2_ws/src/install/setup.zsh'
