[0.080s] DEBUG:colcon:Command line arguments: ['/usr/bin/colcon', 'build', '--symlink-install', '--cmake-args', '-DMUJOCO_INCLUDE_DIR=/home/eloisezeng/venvs/ros312/lib/python3.12/site-packages/mujoco/include', '-DMUJOCO_LIB=/home/eloisezeng/venvs/ros312/lib/python3.12/site-packages/mujoco/libmujoco.so.3.3.5']
[0.080s] DEBUG:colcon:Parsed command line arguments: Namespace(log_base=None, log_level=None, verb_name='build', build_base='build', install_base='install', merge_install=False, symlink_install=True, test_result_base=None, continue_on_error=False, executor='parallel', parallel_workers=32, event_handlers=None, ignore_user_meta=False, metas=['./colcon.meta'], base_paths=['.'], packages_ignore=None, packages_ignore_regex=None, paths=None, packages_up_to=None, packages_up_to_regex=None, packages_above=None, packages_above_and_dependencies=None, packages_above_depth=None, packages_select_by_dep=None, packages_skip_by_dep=None, packages_skip_up_to=None, packages_select_build_failed=False, packages_skip_build_finished=False, packages_select_test_failures=False, packages_skip_test_passed=False, packages_select=None, packages_skip=None, packages_select_regex=None, packages_skip_regex=None, packages_start=None, packages_end=None, cmake_args=['-DMUJOCO_INCLUDE_DIR=/home/eloisezeng/venvs/ros312/lib/python3.12/site-packages/mujoco/include', '-DMUJOCO_LIB=/home/eloisezeng/venvs/ros312/lib/python3.12/site-packages/mujoco/libmujoco.so.3.3.5'], cmake_target=None, cmake_target_skip_unavailable=False, cmake_clean_cache=False, cmake_clean_first=False, cmake_force_configure=False, ament_cmake_args=None, catkin_cmake_args=None, catkin_skip_building_tests=False, verb_parser=<colcon_defaults.argument_parser.defaults.DefaultArgumentsDecorator object at 0x7495f71ccc20>, verb_extension=<colcon_core.verb.build.BuildVerb object at 0x7495f734d700>, main=<bound method BuildVerb.main of <colcon_core.verb.build.BuildVerb object at 0x7495f734d700>>)
[0.111s] Level 1:colcon.colcon_core.package_discovery:discover_packages(colcon_meta) check parameters
[0.111s] Level 1:colcon.colcon_core.package_discovery:discover_packages(recursive) check parameters
[0.111s] Level 1:colcon.colcon_core.package_discovery:discover_packages(ignore) check parameters
[0.111s] Level 1:colcon.colcon_core.package_discovery:discover_packages(path) check parameters
[0.111s] Level 1:colcon.colcon_core.package_discovery:discover_packages(colcon_meta) discover
[0.111s] Level 1:colcon.colcon_core.package_discovery:discover_packages(recursive) discover
[0.111s] INFO:colcon.colcon_core.package_discovery:Crawling recursively for packages in '/home/eloisezeng/ros2_ws'
[0.111s] Level 1:colcon.colcon_core.package_identification:_identify(.) by extensions ['ignore', 'ignore_ament_install']
[0.111s] Level 1:colcon.colcon_core.package_identification:_identify(.) by extension 'ignore'
[0.111s] Level 1:colcon.colcon_core.package_identification:_identify(.) by extension 'ignore_ament_install'
[0.112s] Level 1:colcon.colcon_core.package_identification:_identify(.) by extensions ['colcon_pkg']
[0.112s] Level 1:colcon.colcon_core.package_identification:_identify(.) by extension 'colcon_pkg'
[0.112s] Level 1:colcon.colcon_core.package_identification:_identify(.) by extensions ['colcon_meta']
[0.112s] Level 1:colcon.colcon_core.package_identification:_identify(.) by extension 'colcon_meta'
[0.112s] Level 1:colcon.colcon_core.package_identification:_identify(.) by extensions ['ros']
[0.112s] Level 1:colcon.colcon_core.package_identification:_identify(.) by extension 'ros'
[0.131s] Level 1:colcon.colcon_core.package_identification:_identify(.) by extensions ['cmake', 'python']
[0.131s] Level 1:colcon.colcon_core.package_identification:_identify(.) by extension 'cmake'
[0.131s] Level 1:colcon.colcon_core.package_identification:_identify(.) by extension 'python'
[0.131s] Level 1:colcon.colcon_core.package_identification:_identify(.) by extensions ['python_setup_py']
[0.131s] Level 1:colcon.colcon_core.package_identification:_identify(.) by extension 'python_setup_py'
[0.131s] Level 1:colcon.colcon_core.package_identification:_identify(build) by extensions ['ignore', 'ignore_ament_install']
[0.131s] Level 1:colcon.colcon_core.package_identification:_identify(build) by extension 'ignore'
[0.131s] Level 1:colcon.colcon_core.package_identification:_identify(build) ignored
[0.131s] Level 1:colcon.colcon_core.package_identification:_identify(install) by extensions ['ignore', 'ignore_ament_install']
[0.131s] Level 1:colcon.colcon_core.package_identification:_identify(install) by extension 'ignore'
[0.131s] Level 1:colcon.colcon_core.package_identification:_identify(install) ignored
[0.131s] Level 1:colcon.colcon_core.package_identification:_identify(log) by extensions ['ignore', 'ignore_ament_install']
[0.131s] Level 1:colcon.colcon_core.package_identification:_identify(log) by extension 'ignore'
[0.131s] Level 1:colcon.colcon_core.package_identification:_identify(log) ignored
[0.131s] Level 1:colcon.colcon_core.package_identification:_identify(src) by extensions ['ignore', 'ignore_ament_install']
[0.131s] Level 1:colcon.colcon_core.package_identification:_identify(src) by extension 'ignore'
[0.132s] Level 1:colcon.colcon_core.package_identification:_identify(src) by extension 'ignore_ament_install'
[0.132s] Level 1:colcon.colcon_core.package_identification:_identify(src) by extensions ['colcon_pkg']
[0.132s] Level 1:colcon.colcon_core.package_identification:_identify(src) by extension 'colcon_pkg'
[0.132s] Level 1:colcon.colcon_core.package_identification:_identify(src) by extensions ['colcon_meta']
[0.132s] Level 1:colcon.colcon_core.package_identification:_identify(src) by extension 'colcon_meta'
[0.132s] Level 1:colcon.colcon_core.package_identification:_identify(src) by extensions ['ros']
[0.132s] Level 1:colcon.colcon_core.package_identification:_identify(src) by extension 'ros'
[0.132s] Level 1:colcon.colcon_core.package_identification:_identify(src) by extensions ['cmake', 'python']
[0.132s] Level 1:colcon.colcon_core.package_identification:_identify(src) by extension 'cmake'
[0.132s] Level 1:colcon.colcon_core.package_identification:_identify(src) by extension 'python'
[0.132s] Level 1:colcon.colcon_core.package_identification:_identify(src) by extensions ['python_setup_py']
[0.132s] Level 1:colcon.colcon_core.package_identification:_identify(src) by extension 'python_setup_py'
[0.132s] Level 1:colcon.colcon_core.package_identification:_identify(src/build) by extensions ['ignore', 'ignore_ament_install']
[0.132s] Level 1:colcon.colcon_core.package_identification:_identify(src/build) by extension 'ignore'
[0.132s] Level 1:colcon.colcon_core.package_identification:_identify(src/build) ignored
[0.132s] Level 1:colcon.colcon_core.package_identification:_identify(src/hfield_cpp) by extensions ['ignore', 'ignore_ament_install']
[0.132s] Level 1:colcon.colcon_core.package_identification:_identify(src/hfield_cpp) by extension 'ignore'
[0.132s] Level 1:colcon.colcon_core.package_identification:_identify(src/hfield_cpp) by extension 'ignore_ament_install'
[0.132s] Level 1:colcon.colcon_core.package_identification:_identify(src/hfield_cpp) by extensions ['colcon_pkg']
[0.132s] Level 1:colcon.colcon_core.package_identification:_identify(src/hfield_cpp) by extension 'colcon_pkg'
[0.132s] Level 1:colcon.colcon_core.package_identification:_identify(src/hfield_cpp) by extensions ['colcon_meta']
[0.132s] Level 1:colcon.colcon_core.package_identification:_identify(src/hfield_cpp) by extension 'colcon_meta'
[0.132s] Level 1:colcon.colcon_core.package_identification:_identify(src/hfield_cpp) by extensions ['ros']
[0.132s] Level 1:colcon.colcon_core.package_identification:_identify(src/hfield_cpp) by extension 'ros'
[0.135s] DEBUG:colcon.colcon_core.package_identification:Package 'src/hfield_cpp' with type 'ros.ament_cmake' and name 'hfield_cpp'
[0.135s] Level 1:colcon.colcon_core.package_identification:_identify(src/install) by extensions ['ignore', 'ignore_ament_install']
[0.135s] Level 1:colcon.colcon_core.package_identification:_identify(src/install) by extension 'ignore'
[0.135s] Level 1:colcon.colcon_core.package_identification:_identify(src/install) ignored
[0.135s] Level 1:colcon.colcon_core.package_identification:_identify(src/log) by extensions ['ignore', 'ignore_ament_install']
[0.135s] Level 1:colcon.colcon_core.package_identification:_identify(src/log) by extension 'ignore'
[0.135s] Level 1:colcon.colcon_core.package_identification:_identify(src/log) ignored
[0.135s] Level 1:colcon.colcon_core.package_identification:_identify(src/my_launch) by extensions ['ignore', 'ignore_ament_install']
[0.135s] Level 1:colcon.colcon_core.package_identification:_identify(src/my_launch) by extension 'ignore'
[0.135s] Level 1:colcon.colcon_core.package_identification:_identify(src/my_launch) by extension 'ignore_ament_install'
[0.135s] Level 1:colcon.colcon_core.package_identification:_identify(src/my_launch) by extensions ['colcon_pkg']
[0.135s] Level 1:colcon.colcon_core.package_identification:_identify(src/my_launch) by extension 'colcon_pkg'
[0.135s] Level 1:colcon.colcon_core.package_identification:_identify(src/my_launch) by extensions ['colcon_meta']
[0.135s] Level 1:colcon.colcon_core.package_identification:_identify(src/my_launch) by extension 'colcon_meta'
[0.135s] Level 1:colcon.colcon_core.package_identification:_identify(src/my_launch) by extensions ['ros']
[0.135s] Level 1:colcon.colcon_core.package_identification:_identify(src/my_launch) by extension 'ros'
[0.136s] DEBUG:colcon.colcon_core.package_identification:Package 'src/my_launch' with type 'ros.ament_python' and name 'my_launch'
[0.136s] Level 1:colcon.colcon_core.package_identification:_identify(src/my_new_pkg) by extensions ['ignore', 'ignore_ament_install']
[0.136s] Level 1:colcon.colcon_core.package_identification:_identify(src/my_new_pkg) by extension 'ignore'
[0.136s] Level 1:colcon.colcon_core.package_identification:_identify(src/my_new_pkg) by extension 'ignore_ament_install'
[0.136s] Level 1:colcon.colcon_core.package_identification:_identify(src/my_new_pkg) by extensions ['colcon_pkg']
[0.136s] Level 1:colcon.colcon_core.package_identification:_identify(src/my_new_pkg) by extension 'colcon_pkg'
[0.136s] Level 1:colcon.colcon_core.package_identification:_identify(src/my_new_pkg) by extensions ['colcon_meta']
[0.136s] Level 1:colcon.colcon_core.package_identification:_identify(src/my_new_pkg) by extension 'colcon_meta'
[0.136s] Level 1:colcon.colcon_core.package_identification:_identify(src/my_new_pkg) by extensions ['ros']
[0.136s] Level 1:colcon.colcon_core.package_identification:_identify(src/my_new_pkg) by extension 'ros'
[0.136s] DEBUG:colcon.colcon_core.package_identification:Package 'src/my_new_pkg' with type 'ros.ament_python' and name 'my_new_pkg'
[0.136s] Level 1:colcon.colcon_core.package_identification:_identify(src/realsense-ros) by extensions ['ignore', 'ignore_ament_install']
[0.137s] Level 1:colcon.colcon_core.package_identification:_identify(src/realsense-ros) by extension 'ignore'
[0.137s] Level 1:colcon.colcon_core.package_identification:_identify(src/realsense-ros) by extension 'ignore_ament_install'
[0.137s] Level 1:colcon.colcon_core.package_identification:_identify(src/realsense-ros) by extensions ['colcon_pkg']
[0.137s] Level 1:colcon.colcon_core.package_identification:_identify(src/realsense-ros) by extension 'colcon_pkg'
[0.137s] Level 1:colcon.colcon_core.package_identification:_identify(src/realsense-ros) by extensions ['colcon_meta']
[0.137s] Level 1:colcon.colcon_core.package_identification:_identify(src/realsense-ros) by extension 'colcon_meta'
[0.137s] Level 1:colcon.colcon_core.package_identification:_identify(src/realsense-ros) by extensions ['ros']
[0.137s] Level 1:colcon.colcon_core.package_identification:_identify(src/realsense-ros) by extension 'ros'
[0.137s] Level 1:colcon.colcon_core.package_identification:_identify(src/realsense-ros) by extensions ['cmake', 'python']
[0.137s] Level 1:colcon.colcon_core.package_identification:_identify(src/realsense-ros) by extension 'cmake'
[0.137s] Level 1:colcon.colcon_core.package_identification:_identify(src/realsense-ros) by extension 'python'
[0.137s] Level 1:colcon.colcon_core.package_identification:_identify(src/realsense-ros) by extensions ['python_setup_py']
[0.137s] Level 1:colcon.colcon_core.package_identification:_identify(src/realsense-ros) by extension 'python_setup_py'
[0.137s] Level 1:colcon.colcon_core.package_identification:_identify(src/realsense-ros/realsense2_camera) by extensions ['ignore', 'ignore_ament_install']
[0.137s] Level 1:colcon.colcon_core.package_identification:_identify(src/realsense-ros/realsense2_camera) by extension 'ignore'
[0.137s] Level 1:colcon.colcon_core.package_identification:_identify(src/realsense-ros/realsense2_camera) by extension 'ignore_ament_install'
[0.137s] Level 1:colcon.colcon_core.package_identification:_identify(src/realsense-ros/realsense2_camera) by extensions ['colcon_pkg']
[0.137s] Level 1:colcon.colcon_core.package_identification:_identify(src/realsense-ros/realsense2_camera) by extension 'colcon_pkg'
[0.137s] Level 1:colcon.colcon_core.package_identification:_identify(src/realsense-ros/realsense2_camera) by extensions ['colcon_meta']
[0.137s] Level 1:colcon.colcon_core.package_identification:_identify(src/realsense-ros/realsense2_camera) by extension 'colcon_meta'
[0.137s] Level 1:colcon.colcon_core.package_identification:_identify(src/realsense-ros/realsense2_camera) by extensions ['ros']
[0.137s] Level 1:colcon.colcon_core.package_identification:_identify(src/realsense-ros/realsense2_camera) by extension 'ros'
[0.142s] DEBUG:colcon.colcon_core.package_identification:Package 'src/realsense-ros/realsense2_camera' with type 'ros.ament_cmake' and name 'realsense2_camera'
[0.142s] Level 1:colcon.colcon_core.package_identification:_identify(src/realsense-ros/realsense2_camera_msgs) by extensions ['ignore', 'ignore_ament_install']
[0.142s] Level 1:colcon.colcon_core.package_identification:_identify(src/realsense-ros/realsense2_camera_msgs) by extension 'ignore'
[0.142s] Level 1:colcon.colcon_core.package_identification:_identify(src/realsense-ros/realsense2_camera_msgs) by extension 'ignore_ament_install'
[0.142s] Level 1:colcon.colcon_core.package_identification:_identify(src/realsense-ros/realsense2_camera_msgs) by extensions ['colcon_pkg']
[0.142s] Level 1:colcon.colcon_core.package_identification:_identify(src/realsense-ros/realsense2_camera_msgs) by extension 'colcon_pkg'
[0.142s] Level 1:colcon.colcon_core.package_identification:_identify(src/realsense-ros/realsense2_camera_msgs) by extensions ['colcon_meta']
[0.142s] Level 1:colcon.colcon_core.package_identification:_identify(src/realsense-ros/realsense2_camera_msgs) by extension 'colcon_meta'
[0.142s] Level 1:colcon.colcon_core.package_identification:_identify(src/realsense-ros/realsense2_camera_msgs) by extensions ['ros']
[0.142s] Level 1:colcon.colcon_core.package_identification:_identify(src/realsense-ros/realsense2_camera_msgs) by extension 'ros'
[0.143s] DEBUG:colcon.colcon_core.package_identification:Package 'src/realsense-ros/realsense2_camera_msgs' with type 'ros.ament_cmake' and name 'realsense2_camera_msgs'
[0.143s] Level 1:colcon.colcon_core.package_identification:_identify(src/realsense-ros/realsense2_description) by extensions ['ignore', 'ignore_ament_install']
[0.143s] Level 1:colcon.colcon_core.package_identification:_identify(src/realsense-ros/realsense2_description) by extension 'ignore'
[0.143s] Level 1:colcon.colcon_core.package_identification:_identify(src/realsense-ros/realsense2_description) by extension 'ignore_ament_install'
[0.143s] Level 1:colcon.colcon_core.package_identification:_identify(src/realsense-ros/realsense2_description) by extensions ['colcon_pkg']
[0.143s] Level 1:colcon.colcon_core.package_identification:_identify(src/realsense-ros/realsense2_description) by extension 'colcon_pkg'
[0.143s] Level 1:colcon.colcon_core.package_identification:_identify(src/realsense-ros/realsense2_description) by extensions ['colcon_meta']
[0.143s] Level 1:colcon.colcon_core.package_identification:_identify(src/realsense-ros/realsense2_description) by extension 'colcon_meta'
[0.143s] Level 1:colcon.colcon_core.package_identification:_identify(src/realsense-ros/realsense2_description) by extensions ['ros']
[0.143s] Level 1:colcon.colcon_core.package_identification:_identify(src/realsense-ros/realsense2_description) by extension 'ros'
[0.143s] DEBUG:colcon.colcon_core.package_identification:Package 'src/realsense-ros/realsense2_description' with type 'ros.ament_cmake' and name 'realsense2_description'
[0.143s] Level 1:colcon.colcon_core.package_identification:_identify(src/realsense-ros/scripts) by extensions ['ignore', 'ignore_ament_install']
[0.144s] Level 1:colcon.colcon_core.package_identification:_identify(src/realsense-ros/scripts) by extension 'ignore'
[0.144s] Level 1:colcon.colcon_core.package_identification:_identify(src/realsense-ros/scripts) by extension 'ignore_ament_install'
[0.144s] Level 1:colcon.colcon_core.package_identification:_identify(src/realsense-ros/scripts) by extensions ['colcon_pkg']
[0.144s] Level 1:colcon.colcon_core.package_identification:_identify(src/realsense-ros/scripts) by extension 'colcon_pkg'
[0.144s] Level 1:colcon.colcon_core.package_identification:_identify(src/realsense-ros/scripts) by extensions ['colcon_meta']
[0.144s] Level 1:colcon.colcon_core.package_identification:_identify(src/realsense-ros/scripts) by extension 'colcon_meta'
[0.144s] Level 1:colcon.colcon_core.package_identification:_identify(src/realsense-ros/scripts) by extensions ['ros']
[0.144s] Level 1:colcon.colcon_core.package_identification:_identify(src/realsense-ros/scripts) by extension 'ros'
[0.144s] Level 1:colcon.colcon_core.package_identification:_identify(src/realsense-ros/scripts) by extensions ['cmake', 'python']
[0.144s] Level 1:colcon.colcon_core.package_identification:_identify(src/realsense-ros/scripts) by extension 'cmake'
[0.144s] Level 1:colcon.colcon_core.package_identification:_identify(src/realsense-ros/scripts) by extension 'python'
[0.144s] Level 1:colcon.colcon_core.package_identification:_identify(src/realsense-ros/scripts) by extensions ['python_setup_py']
[0.144s] Level 1:colcon.colcon_core.package_identification:_identify(src/realsense-ros/scripts) by extension 'python_setup_py'
[0.144s] Level 1:colcon.colcon_core.package_discovery:discover_packages(recursive) using defaults
[0.144s] Level 1:colcon.colcon_core.package_discovery:discover_packages(ignore) discover
[0.144s] Level 1:colcon.colcon_core.package_discovery:discover_packages(ignore) using defaults
[0.144s] Level 1:colcon.colcon_core.package_discovery:discover_packages(path) discover
[0.144s] Level 1:colcon.colcon_core.package_discovery:discover_packages(path) using defaults
[0.159s] Level 5:colcon.colcon_core.verb:set package 'hfield_cpp' build argument 'cmake_args' from command line to '['-DMUJOCO_INCLUDE_DIR=/home/eloisezeng/venvs/ros312/lib/python3.12/site-packages/mujoco/include', '-DMUJOCO_LIB=/home/eloisezeng/venvs/ros312/lib/python3.12/site-packages/mujoco/libmujoco.so.3.3.5']'
[0.159s] Level 5:colcon.colcon_core.verb:set package 'hfield_cpp' build argument 'cmake_target' from command line to 'None'
[0.159s] Level 5:colcon.colcon_core.verb:set package 'hfield_cpp' build argument 'cmake_target_skip_unavailable' from command line to 'False'
[0.159s] Level 5:colcon.colcon_core.verb:set package 'hfield_cpp' build argument 'cmake_clean_cache' from command line to 'False'
[0.159s] Level 5:colcon.colcon_core.verb:set package 'hfield_cpp' build argument 'cmake_clean_first' from command line to 'False'
[0.159s] Level 5:colcon.colcon_core.verb:set package 'hfield_cpp' build argument 'cmake_force_configure' from command line to 'False'
[0.159s] Level 5:colcon.colcon_core.verb:set package 'hfield_cpp' build argument 'ament_cmake_args' from command line to 'None'
[0.159s] Level 5:colcon.colcon_core.verb:set package 'hfield_cpp' build argument 'catkin_cmake_args' from command line to 'None'
[0.159s] Level 5:colcon.colcon_core.verb:set package 'hfield_cpp' build argument 'catkin_skip_building_tests' from command line to 'False'
[0.159s] DEBUG:colcon.colcon_core.verb:Building package 'hfield_cpp' with the following arguments: {'ament_cmake_args': None, 'build_base': '/home/eloisezeng/ros2_ws/build/hfield_cpp', 'catkin_cmake_args': None, 'catkin_skip_building_tests': False, 'cmake_args': ['-DMUJOCO_INCLUDE_DIR=/home/eloisezeng/venvs/ros312/lib/python3.12/site-packages/mujoco/include', '-DMUJOCO_LIB=/home/eloisezeng/venvs/ros312/lib/python3.12/site-packages/mujoco/libmujoco.so.3.3.5'], 'cmake_clean_cache': False, 'cmake_clean_first': False, 'cmake_force_configure': False, 'cmake_target': None, 'cmake_target_skip_unavailable': False, 'install_base': '/home/eloisezeng/ros2_ws/install/hfield_cpp', 'merge_install': False, 'path': '/home/eloisezeng/ros2_ws/src/hfield_cpp', 'symlink_install': True, 'test_result_base': None}
[0.159s] Level 5:colcon.colcon_core.verb:set package 'my_launch' build argument 'cmake_args' from command line to '['-DMUJOCO_INCLUDE_DIR=/home/eloisezeng/venvs/ros312/lib/python3.12/site-packages/mujoco/include', '-DMUJOCO_LIB=/home/eloisezeng/venvs/ros312/lib/python3.12/site-packages/mujoco/libmujoco.so.3.3.5']'
[0.159s] Level 5:colcon.colcon_core.verb:set package 'my_launch' build argument 'cmake_target' from command line to 'None'
[0.159s] Level 5:colcon.colcon_core.verb:set package 'my_launch' build argument 'cmake_target_skip_unavailable' from command line to 'False'
[0.159s] Level 5:colcon.colcon_core.verb:set package 'my_launch' build argument 'cmake_clean_cache' from command line to 'False'
[0.159s] Level 5:colcon.colcon_core.verb:set package 'my_launch' build argument 'cmake_clean_first' from command line to 'False'
[0.159s] Level 5:colcon.colcon_core.verb:set package 'my_launch' build argument 'cmake_force_configure' from command line to 'False'
[0.159s] Level 5:colcon.colcon_core.verb:set package 'my_launch' build argument 'ament_cmake_args' from command line to 'None'
[0.159s] Level 5:colcon.colcon_core.verb:set package 'my_launch' build argument 'catkin_cmake_args' from command line to 'None'
[0.159s] Level 5:colcon.colcon_core.verb:set package 'my_launch' build argument 'catkin_skip_building_tests' from command line to 'False'
[0.159s] DEBUG:colcon.colcon_core.verb:Building package 'my_launch' with the following arguments: {'ament_cmake_args': None, 'build_base': '/home/eloisezeng/ros2_ws/build/my_launch', 'catkin_cmake_args': None, 'catkin_skip_building_tests': False, 'cmake_args': ['-DMUJOCO_INCLUDE_DIR=/home/eloisezeng/venvs/ros312/lib/python3.12/site-packages/mujoco/include', '-DMUJOCO_LIB=/home/eloisezeng/venvs/ros312/lib/python3.12/site-packages/mujoco/libmujoco.so.3.3.5'], 'cmake_clean_cache': False, 'cmake_clean_first': False, 'cmake_force_configure': False, 'cmake_target': None, 'cmake_target_skip_unavailable': False, 'install_base': '/home/eloisezeng/ros2_ws/install/my_launch', 'merge_install': False, 'path': '/home/eloisezeng/ros2_ws/src/my_launch', 'symlink_install': True, 'test_result_base': None}
[0.159s] Level 5:colcon.colcon_core.verb:set package 'my_new_pkg' build argument 'cmake_args' from command line to '['-DMUJOCO_INCLUDE_DIR=/home/eloisezeng/venvs/ros312/lib/python3.12/site-packages/mujoco/include', '-DMUJOCO_LIB=/home/eloisezeng/venvs/ros312/lib/python3.12/site-packages/mujoco/libmujoco.so.3.3.5']'
[0.159s] Level 5:colcon.colcon_core.verb:set package 'my_new_pkg' build argument 'cmake_target' from command line to 'None'
[0.159s] Level 5:colcon.colcon_core.verb:set package 'my_new_pkg' build argument 'cmake_target_skip_unavailable' from command line to 'False'
[0.159s] Level 5:colcon.colcon_core.verb:set package 'my_new_pkg' build argument 'cmake_clean_cache' from command line to 'False'
[0.159s] Level 5:colcon.colcon_core.verb:set package 'my_new_pkg' build argument 'cmake_clean_first' from command line to 'False'
[0.159s] Level 5:colcon.colcon_core.verb:set package 'my_new_pkg' build argument 'cmake_force_configure' from command line to 'False'
[0.159s] Level 5:colcon.colcon_core.verb:set package 'my_new_pkg' build argument 'ament_cmake_args' from command line to 'None'
[0.159s] Level 5:colcon.colcon_core.verb:set package 'my_new_pkg' build argument 'catkin_cmake_args' from command line to 'None'
[0.159s] Level 5:colcon.colcon_core.verb:set package 'my_new_pkg' build argument 'catkin_skip_building_tests' from command line to 'False'
[0.160s] DEBUG:colcon.colcon_core.verb:Building package 'my_new_pkg' with the following arguments: {'ament_cmake_args': None, 'build_base': '/home/eloisezeng/ros2_ws/build/my_new_pkg', 'catkin_cmake_args': None, 'catkin_skip_building_tests': False, 'cmake_args': ['-DMUJOCO_INCLUDE_DIR=/home/eloisezeng/venvs/ros312/lib/python3.12/site-packages/mujoco/include', '-DMUJOCO_LIB=/home/eloisezeng/venvs/ros312/lib/python3.12/site-packages/mujoco/libmujoco.so.3.3.5'], 'cmake_clean_cache': False, 'cmake_clean_first': False, 'cmake_force_configure': False, 'cmake_target': None, 'cmake_target_skip_unavailable': False, 'install_base': '/home/eloisezeng/ros2_ws/install/my_new_pkg', 'merge_install': False, 'path': '/home/eloisezeng/ros2_ws/src/my_new_pkg', 'symlink_install': True, 'test_result_base': None}
[0.160s] Level 5:colcon.colcon_core.verb:set package 'realsense2_camera_msgs' build argument 'cmake_args' from command line to '['-DMUJOCO_INCLUDE_DIR=/home/eloisezeng/venvs/ros312/lib/python3.12/site-packages/mujoco/include', '-DMUJOCO_LIB=/home/eloisezeng/venvs/ros312/lib/python3.12/site-packages/mujoco/libmujoco.so.3.3.5']'
[0.160s] Level 5:colcon.colcon_core.verb:set package 'realsense2_camera_msgs' build argument 'cmake_target' from command line to 'None'
[0.160s] Level 5:colcon.colcon_core.verb:set package 'realsense2_camera_msgs' build argument 'cmake_target_skip_unavailable' from command line to 'False'
[0.160s] Level 5:colcon.colcon_core.verb:set package 'realsense2_camera_msgs' build argument 'cmake_clean_cache' from command line to 'False'
[0.160s] Level 5:colcon.colcon_core.verb:set package 'realsense2_camera_msgs' build argument 'cmake_clean_first' from command line to 'False'
[0.160s] Level 5:colcon.colcon_core.verb:set package 'realsense2_camera_msgs' build argument 'cmake_force_configure' from command line to 'False'
[0.160s] Level 5:colcon.colcon_core.verb:set package 'realsense2_camera_msgs' build argument 'ament_cmake_args' from command line to 'None'
[0.160s] Level 5:colcon.colcon_core.verb:set package 'realsense2_camera_msgs' build argument 'catkin_cmake_args' from command line to 'None'
[0.160s] Level 5:colcon.colcon_core.verb:set package 'realsense2_camera_msgs' build argument 'catkin_skip_building_tests' from command line to 'False'
[0.160s] DEBUG:colcon.colcon_core.verb:Building package 'realsense2_camera_msgs' with the following arguments: {'ament_cmake_args': None, 'build_base': '/home/eloisezeng/ros2_ws/build/realsense2_camera_msgs', 'catkin_cmake_args': None, 'catkin_skip_building_tests': False, 'cmake_args': ['-DMUJOCO_INCLUDE_DIR=/home/eloisezeng/venvs/ros312/lib/python3.12/site-packages/mujoco/include', '-DMUJOCO_LIB=/home/eloisezeng/venvs/ros312/lib/python3.12/site-packages/mujoco/libmujoco.so.3.3.5'], 'cmake_clean_cache': False, 'cmake_clean_first': False, 'cmake_force_configure': False, 'cmake_target': None, 'cmake_target_skip_unavailable': False, 'install_base': '/home/eloisezeng/ros2_ws/install/realsense2_camera_msgs', 'merge_install': False, 'path': '/home/eloisezeng/ros2_ws/src/realsense-ros/realsense2_camera_msgs', 'symlink_install': True, 'test_result_base': None}
[0.160s] Level 5:colcon.colcon_core.verb:set package 'realsense2_camera' build argument 'cmake_args' from command line to '['-DMUJOCO_INCLUDE_DIR=/home/eloisezeng/venvs/ros312/lib/python3.12/site-packages/mujoco/include', '-DMUJOCO_LIB=/home/eloisezeng/venvs/ros312/lib/python3.12/site-packages/mujoco/libmujoco.so.3.3.5']'
[0.160s] Level 5:colcon.colcon_core.verb:set package 'realsense2_camera' build argument 'cmake_target' from command line to 'None'
[0.160s] Level 5:colcon.colcon_core.verb:set package 'realsense2_camera' build argument 'cmake_target_skip_unavailable' from command line to 'False'
[0.160s] Level 5:colcon.colcon_core.verb:set package 'realsense2_camera' build argument 'cmake_clean_cache' from command line to 'False'
[0.160s] Level 5:colcon.colcon_core.verb:set package 'realsense2_camera' build argument 'cmake_clean_first' from command line to 'False'
[0.160s] Level 5:colcon.colcon_core.verb:set package 'realsense2_camera' build argument 'cmake_force_configure' from command line to 'False'
[0.160s] Level 5:colcon.colcon_core.verb:set package 'realsense2_camera' build argument 'ament_cmake_args' from command line to 'None'
[0.160s] Level 5:colcon.colcon_core.verb:set package 'realsense2_camera' build argument 'catkin_cmake_args' from command line to 'None'
[0.160s] Level 5:colcon.colcon_core.verb:set package 'realsense2_camera' build argument 'catkin_skip_building_tests' from command line to 'False'
[0.160s] DEBUG:colcon.colcon_core.verb:Building package 'realsense2_camera' with the following arguments: {'ament_cmake_args': None, 'build_base': '/home/eloisezeng/ros2_ws/build/realsense2_camera', 'catkin_cmake_args': None, 'catkin_skip_building_tests': False, 'cmake_args': ['-DMUJOCO_INCLUDE_DIR=/home/eloisezeng/venvs/ros312/lib/python3.12/site-packages/mujoco/include', '-DMUJOCO_LIB=/home/eloisezeng/venvs/ros312/lib/python3.12/site-packages/mujoco/libmujoco.so.3.3.5'], 'cmake_clean_cache': False, 'cmake_clean_first': False, 'cmake_force_configure': False, 'cmake_target': None, 'cmake_target_skip_unavailable': False, 'install_base': '/home/eloisezeng/ros2_ws/install/realsense2_camera', 'merge_install': False, 'path': '/home/eloisezeng/ros2_ws/src/realsense-ros/realsense2_camera', 'symlink_install': True, 'test_result_base': None}
[0.160s] Level 5:colcon.colcon_core.verb:set package 'realsense2_description' build argument 'cmake_args' from command line to '['-DMUJOCO_INCLUDE_DIR=/home/eloisezeng/venvs/ros312/lib/python3.12/site-packages/mujoco/include', '-DMUJOCO_LIB=/home/eloisezeng/venvs/ros312/lib/python3.12/site-packages/mujoco/libmujoco.so.3.3.5']'
[0.160s] Level 5:colcon.colcon_core.verb:set package 'realsense2_description' build argument 'cmake_target' from command line to 'None'
[0.160s] Level 5:colcon.colcon_core.verb:set package 'realsense2_description' build argument 'cmake_target_skip_unavailable' from command line to 'False'
[0.160s] Level 5:colcon.colcon_core.verb:set package 'realsense2_description' build argument 'cmake_clean_cache' from command line to 'False'
[0.160s] Level 5:colcon.colcon_core.verb:set package 'realsense2_description' build argument 'cmake_clean_first' from command line to 'False'
[0.160s] Level 5:colcon.colcon_core.verb:set package 'realsense2_description' build argument 'cmake_force_configure' from command line to 'False'
[0.160s] Level 5:colcon.colcon_core.verb:set package 'realsense2_description' build argument 'ament_cmake_args' from command line to 'None'
[0.160s] Level 5:colcon.colcon_core.verb:set package 'realsense2_description' build argument 'catkin_cmake_args' from command line to 'None'
[0.160s] Level 5:colcon.colcon_core.verb:set package 'realsense2_description' build argument 'catkin_skip_building_tests' from command line to 'False'
[0.161s] DEBUG:colcon.colcon_core.verb:Building package 'realsense2_description' with the following arguments: {'ament_cmake_args': None, 'build_base': '/home/eloisezeng/ros2_ws/build/realsense2_description', 'catkin_cmake_args': None, 'catkin_skip_building_tests': False, 'cmake_args': ['-DMUJOCO_INCLUDE_DIR=/home/eloisezeng/venvs/ros312/lib/python3.12/site-packages/mujoco/include', '-DMUJOCO_LIB=/home/eloisezeng/venvs/ros312/lib/python3.12/site-packages/mujoco/libmujoco.so.3.3.5'], 'cmake_clean_cache': False, 'cmake_clean_first': False, 'cmake_force_configure': False, 'cmake_target': None, 'cmake_target_skip_unavailable': False, 'install_base': '/home/eloisezeng/ros2_ws/install/realsense2_description', 'merge_install': False, 'path': '/home/eloisezeng/ros2_ws/src/realsense-ros/realsense2_description', 'symlink_install': True, 'test_result_base': None}
[0.161s] INFO:colcon.colcon_core.executor:Executing jobs using 'parallel' executor
[0.161s] DEBUG:colcon.colcon_parallel_executor.executor.parallel:run_until_complete
[0.162s] INFO:colcon.colcon_ros.task.ament_cmake.build:Building ROS package in '/home/eloisezeng/ros2_ws/src/realsense-ros/realsense2_camera_msgs' with build type 'ament_cmake'
[0.162s] INFO:colcon.colcon_cmake.task.cmake.build:Building CMake package in '/home/eloisezeng/ros2_ws/src/realsense-ros/realsense2_camera_msgs'
[0.163s] INFO:colcon.colcon_core.plugin_system:Skipping extension 'colcon_core.shell.bat': Not used on non-Windows systems
[0.163s] DEBUG:colcon.colcon_core.shell:Skip shell extension 'dsv' for command environment
[0.167s] INFO:colcon.colcon_ros.task.ament_cmake.build:Building ROS package in '/home/eloisezeng/ros2_ws/src/hfield_cpp' with build type 'ament_cmake'
[0.167s] INFO:colcon.colcon_cmake.task.cmake.build:Building CMake package in '/home/eloisezeng/ros2_ws/src/hfield_cpp'
[0.167s] DEBUG:colcon.colcon_core.shell:Skip shell extension 'dsv' for command environment
[0.169s] INFO:colcon.colcon_ros.task.ament_python.build:Building ROS package in '/home/eloisezeng/ros2_ws/src/my_launch' with build type 'ament_python'
[0.169s] Level 1:colcon.colcon_core.shell:create_environment_hook('my_launch', 'ament_prefix_path')
[0.169s] INFO:colcon.colcon_core.shell:Creating environment descriptor '/home/eloisezeng/ros2_ws/install/my_launch/share/my_launch/hook/ament_prefix_path.dsv'
[0.170s] INFO:colcon.colcon_core.shell:Creating environment hook '/home/eloisezeng/ros2_ws/install/my_launch/share/my_launch/hook/ament_prefix_path.sh'
[0.170s] DEBUG:colcon.colcon_core.shell:Skip shell extension 'dsv' for command environment
[0.173s] INFO:colcon.colcon_ros.task.ament_python.build:Building ROS package in '/home/eloisezeng/ros2_ws/src/my_new_pkg' with build type 'ament_python'
[0.173s] Level 1:colcon.colcon_core.shell:create_environment_hook('my_new_pkg', 'ament_prefix_path')
[0.173s] INFO:colcon.colcon_core.shell:Creating environment descriptor '/home/eloisezeng/ros2_ws/install/my_new_pkg/share/my_new_pkg/hook/ament_prefix_path.dsv'
[0.173s] INFO:colcon.colcon_core.shell:Creating environment hook '/home/eloisezeng/ros2_ws/install/my_new_pkg/share/my_new_pkg/hook/ament_prefix_path.sh'
[0.174s] DEBUG:colcon.colcon_core.shell:Skip shell extension 'dsv' for command environment
[0.179s] DEBUG:colcon.colcon_core.event_handler.log_command:Invoking command in '/home/eloisezeng/ros2_ws/build/realsense2_camera_msgs': CMAKE_PREFIX_PATH=${CMAKE_PREFIX_PATH}:/home/eloisezeng/ros2_ws/install/my_new_pkg:/home/eloisezeng/ros2_ws/install/my_launch:/opt/ros/jazzy DEBUGINFOD_URLS=https://debuginfod.ubuntu.com PS1=(ros312) \[\e]0;\u@\h: \w\a\]${debian_chroot:+($debian_chroot)}\[\033[01;32m\]\u@\h\[\033[00m\]:\[\033[01;34m\]\w\[\033[00m\]\$ VIRTUAL_ENV_PROMPT=(ros312) /usr/bin/cmake --build /home/eloisezeng/ros2_ws/build/realsense2_camera_msgs -- -j32 -l32
[0.181s] DEBUG:colcon.colcon_core.event_handler.log_command:Invoking command in '/home/eloisezeng/ros2_ws/build/hfield_cpp': CMAKE_PREFIX_PATH=${CMAKE_PREFIX_PATH}:/home/eloisezeng/ros2_ws/install/my_new_pkg:/home/eloisezeng/ros2_ws/install/my_launch:/opt/ros/jazzy DEBUGINFOD_URLS=https://debuginfod.ubuntu.com PS1=(ros312) \[\e]0;\u@\h: \w\a\]${debian_chroot:+($debian_chroot)}\[\033[01;32m\]\u@\h\[\033[00m\]:\[\033[01;34m\]\w\[\033[00m\]\$ VIRTUAL_ENV_PROMPT=(ros312) /usr/bin/cmake --build /home/eloisezeng/ros2_ws/build/hfield_cpp -- -j32 -l32
[0.346s] INFO:colcon.colcon_core.task.python.build:Building Python package in '/home/eloisezeng/ros2_ws/src/my_launch'
[0.347s] DEBUG:colcon.colcon_core.shell:Skip shell extension 'dsv' for command environment
[0.516s] INFO:colcon.colcon_core.task.python.build:Building Python package in '/home/eloisezeng/ros2_ws/src/my_new_pkg'
[0.516s] DEBUG:colcon.colcon_core.shell:Skip shell extension 'dsv' for command environment
[0.522s] DEBUG:colcon.colcon_core.event_handler.log_command:Invoked command in '/home/eloisezeng/ros2_ws/build/realsense2_camera_msgs' returned '0': CMAKE_PREFIX_PATH=${CMAKE_PREFIX_PATH}:/home/eloisezeng/ros2_ws/install/my_new_pkg:/home/eloisezeng/ros2_ws/install/my_launch:/opt/ros/jazzy DEBUGINFOD_URLS=https://debuginfod.ubuntu.com PS1=(ros312) \[\e]0;\u@\h: \w\a\]${debian_chroot:+($debian_chroot)}\[\033[01;32m\]\u@\h\[\033[00m\]:\[\033[01;34m\]\w\[\033[00m\]\$ VIRTUAL_ENV_PROMPT=(ros312) /usr/bin/cmake --build /home/eloisezeng/ros2_ws/build/realsense2_camera_msgs -- -j32 -l32
[0.529s] DEBUG:colcon.colcon_core.event_handler.log_command:Invoking command in '/home/eloisezeng/ros2_ws/build/realsense2_camera_msgs': CMAKE_PREFIX_PATH=${CMAKE_PREFIX_PATH}:/home/eloisezeng/ros2_ws/install/my_new_pkg:/home/eloisezeng/ros2_ws/install/my_launch:/opt/ros/jazzy DEBUGINFOD_URLS=https://debuginfod.ubuntu.com PS1=(ros312) \[\e]0;\u@\h: \w\a\]${debian_chroot:+($debian_chroot)}\[\033[01;32m\]\u@\h\[\033[00m\]:\[\033[01;34m\]\w\[\033[00m\]\$ VIRTUAL_ENV_PROMPT=(ros312) /usr/bin/cmake --install /home/eloisezeng/ros2_ws/build/realsense2_camera_msgs
[0.607s] Level 1:colcon.colcon_core.environment:create_environment_scripts_only(realsense2_camera_msgs)
[0.607s] DEBUG:colcon.colcon_core.event_handler.log_command:Invoked command in '/home/eloisezeng/ros2_ws/build/realsense2_camera_msgs' returned '0': CMAKE_PREFIX_PATH=${CMAKE_PREFIX_PATH}:/home/eloisezeng/ros2_ws/install/my_new_pkg:/home/eloisezeng/ros2_ws/install/my_launch:/opt/ros/jazzy DEBUGINFOD_URLS=https://debuginfod.ubuntu.com PS1=(ros312) \[\e]0;\u@\h: \w\a\]${debian_chroot:+($debian_chroot)}\[\033[01;32m\]\u@\h\[\033[00m\]:\[\033[01;34m\]\w\[\033[00m\]\$ VIRTUAL_ENV_PROMPT=(ros312) /usr/bin/cmake --install /home/eloisezeng/ros2_ws/build/realsense2_camera_msgs
[0.609s] Level 1:colcon.colcon_core.environment:checking '/home/eloisezeng/ros2_ws/install/realsense2_camera_msgs' for CMake module files
[0.609s] Level 1:colcon.colcon_core.environment:checking '/home/eloisezeng/ros2_ws/install/realsense2_camera_msgs' for CMake config files
[0.611s] Level 1:colcon.colcon_core.shell:create_environment_hook('realsense2_camera_msgs', 'cmake_prefix_path')
[0.611s] INFO:colcon.colcon_core.shell:Creating environment descriptor '/home/eloisezeng/ros2_ws/install/realsense2_camera_msgs/share/realsense2_camera_msgs/hook/cmake_prefix_path.dsv'
[0.611s] INFO:colcon.colcon_core.shell:Creating environment hook '/home/eloisezeng/ros2_ws/install/realsense2_camera_msgs/share/realsense2_camera_msgs/hook/cmake_prefix_path.sh'
[0.612s] Level 1:colcon.colcon_core.environment:checking '/home/eloisezeng/ros2_ws/install/realsense2_camera_msgs/lib'
[0.612s] Level 1:colcon.colcon_core.shell:create_environment_hook('realsense2_camera_msgs', 'ld_library_path_lib')
[0.612s] INFO:colcon.colcon_core.shell:Creating environment descriptor '/home/eloisezeng/ros2_ws/install/realsense2_camera_msgs/share/realsense2_camera_msgs/hook/ld_library_path_lib.dsv'
[0.612s] INFO:colcon.colcon_core.shell:Creating environment hook '/home/eloisezeng/ros2_ws/install/realsense2_camera_msgs/share/realsense2_camera_msgs/hook/ld_library_path_lib.sh'
[0.613s] Level 1:colcon.colcon_core.environment:checking '/home/eloisezeng/ros2_ws/install/realsense2_camera_msgs/bin'
[0.613s] Level 1:colcon.colcon_core.environment:checking '/home/eloisezeng/ros2_ws/install/realsense2_camera_msgs/lib/pkgconfig/realsense2_camera_msgs.pc'
[0.613s] Level 1:colcon.colcon_core.environment:checking '/home/eloisezeng/ros2_ws/install/realsense2_camera_msgs/lib/python3.12/site-packages'
[0.613s] Level 1:colcon.colcon_core.shell:create_environment_hook('realsense2_camera_msgs', 'pythonpath')
[0.613s] INFO:colcon.colcon_core.shell:Creating environment descriptor '/home/eloisezeng/ros2_ws/install/realsense2_camera_msgs/share/realsense2_camera_msgs/hook/pythonpath.dsv'
[0.613s] INFO:colcon.colcon_core.shell:Creating environment hook '/home/eloisezeng/ros2_ws/install/realsense2_camera_msgs/share/realsense2_camera_msgs/hook/pythonpath.sh'
[0.614s] Level 1:colcon.colcon_core.environment:checking '/home/eloisezeng/ros2_ws/install/realsense2_camera_msgs/bin'
[0.614s] INFO:colcon.colcon_core.shell:Creating package descriptor '/home/eloisezeng/ros2_ws/install/realsense2_camera_msgs/share/realsense2_camera_msgs/package.dsv'
[0.614s] INFO:colcon.colcon_core.shell:Creating package script '/home/eloisezeng/ros2_ws/install/realsense2_camera_msgs/share/realsense2_camera_msgs/package.sh'
[0.615s] INFO:colcon.colcon_core.shell:Creating package script '/home/eloisezeng/ros2_ws/install/realsense2_camera_msgs/share/realsense2_camera_msgs/package.bash'
[0.615s] INFO:colcon.colcon_core.shell:Creating package script '/home/eloisezeng/ros2_ws/install/realsense2_camera_msgs/share/realsense2_camera_msgs/package.zsh'
[0.616s] Level 1:colcon.colcon_core.environment:create_file_with_runtime_dependencies(/home/eloisezeng/ros2_ws/install/realsense2_camera_msgs/share/colcon-core/packages/realsense2_camera_msgs)
[0.616s] Level 1:colcon.colcon_core.environment:create_environment_scripts_only(realsense2_camera_msgs)
[0.616s] Level 1:colcon.colcon_core.environment:checking '/home/eloisezeng/ros2_ws/install/realsense2_camera_msgs' for CMake module files
[0.617s] Level 1:colcon.colcon_core.environment:checking '/home/eloisezeng/ros2_ws/install/realsense2_camera_msgs' for CMake config files
[0.618s] Level 1:colcon.colcon_core.shell:create_environment_hook('realsense2_camera_msgs', 'cmake_prefix_path')
[0.618s] INFO:colcon.colcon_core.shell:Creating environment descriptor '/home/eloisezeng/ros2_ws/install/realsense2_camera_msgs/share/realsense2_camera_msgs/hook/cmake_prefix_path.dsv'
[0.618s] INFO:colcon.colcon_core.shell:Creating environment hook '/home/eloisezeng/ros2_ws/install/realsense2_camera_msgs/share/realsense2_camera_msgs/hook/cmake_prefix_path.sh'
[0.619s] Level 1:colcon.colcon_core.environment:checking '/home/eloisezeng/ros2_ws/install/realsense2_camera_msgs/lib'
[0.619s] Level 1:colcon.colcon_core.shell:create_environment_hook('realsense2_camera_msgs', 'ld_library_path_lib')
[0.619s] INFO:colcon.colcon_core.shell:Creating environment descriptor '/home/eloisezeng/ros2_ws/install/realsense2_camera_msgs/share/realsense2_camera_msgs/hook/ld_library_path_lib.dsv'
[0.619s] INFO:colcon.colcon_core.shell:Creating environment hook '/home/eloisezeng/ros2_ws/install/realsense2_camera_msgs/share/realsense2_camera_msgs/hook/ld_library_path_lib.sh'
[0.620s] Level 1:colcon.colcon_core.environment:checking '/home/eloisezeng/ros2_ws/install/realsense2_camera_msgs/bin'
[0.620s] Level 1:colcon.colcon_core.environment:checking '/home/eloisezeng/ros2_ws/install/realsense2_camera_msgs/lib/pkgconfig/realsense2_camera_msgs.pc'
[0.620s] Level 1:colcon.colcon_core.environment:checking '/home/eloisezeng/ros2_ws/install/realsense2_camera_msgs/lib/python3.12/site-packages'
[0.620s] Level 1:colcon.colcon_core.shell:create_environment_hook('realsense2_camera_msgs', 'pythonpath')
[0.620s] INFO:colcon.colcon_core.shell:Creating environment descriptor '/home/eloisezeng/ros2_ws/install/realsense2_camera_msgs/share/realsense2_camera_msgs/hook/pythonpath.dsv'
[0.620s] INFO:colcon.colcon_core.shell:Creating environment hook '/home/eloisezeng/ros2_ws/install/realsense2_camera_msgs/share/realsense2_camera_msgs/hook/pythonpath.sh'
[0.621s] Level 1:colcon.colcon_core.environment:checking '/home/eloisezeng/ros2_ws/install/realsense2_camera_msgs/bin'
[0.621s] INFO:colcon.colcon_core.shell:Creating package descriptor '/home/eloisezeng/ros2_ws/install/realsense2_camera_msgs/share/realsense2_camera_msgs/package.dsv'
[0.621s] INFO:colcon.colcon_core.shell:Creating package script '/home/eloisezeng/ros2_ws/install/realsense2_camera_msgs/share/realsense2_camera_msgs/package.sh'
[0.621s] INFO:colcon.colcon_core.shell:Creating package script '/home/eloisezeng/ros2_ws/install/realsense2_camera_msgs/share/realsense2_camera_msgs/package.bash'
[0.622s] INFO:colcon.colcon_core.shell:Creating package script '/home/eloisezeng/ros2_ws/install/realsense2_camera_msgs/share/realsense2_camera_msgs/package.zsh'
[0.622s] Level 1:colcon.colcon_core.environment:create_file_with_runtime_dependencies(/home/eloisezeng/ros2_ws/install/realsense2_camera_msgs/share/colcon-core/packages/realsense2_camera_msgs)
[0.622s] INFO:colcon.colcon_ros.task.ament_cmake.build:Building ROS package in '/home/eloisezeng/ros2_ws/src/realsense-ros/realsense2_camera' with build type 'ament_cmake'
[0.623s] INFO:colcon.colcon_cmake.task.cmake.build:Building CMake package in '/home/eloisezeng/ros2_ws/src/realsense-ros/realsense2_camera'
[0.623s] DEBUG:colcon.colcon_core.shell:Skip shell extension 'dsv' for command environment
[0.625s] INFO:colcon.colcon_ros.task.ament_cmake.build:Building ROS package in '/home/eloisezeng/ros2_ws/src/realsense-ros/realsense2_description' with build type 'ament_cmake'
[0.626s] INFO:colcon.colcon_cmake.task.cmake.build:Building CMake package in '/home/eloisezeng/ros2_ws/src/realsense-ros/realsense2_description'
[0.626s] DEBUG:colcon.colcon_core.shell:Skip shell extension 'dsv' for command environment
[0.630s] DEBUG:colcon.colcon_core.event_handler.log_command:Invoking command in '/home/eloisezeng/ros2_ws/build/realsense2_camera': CMAKE_PREFIX_PATH=/home/eloisezeng/ros2_ws/install/realsense2_camera_msgs:/home/eloisezeng/ros2_ws/install/hfield_cpp:/home/eloisezeng/ros2_ws/install/realsense2_description:/home/eloisezeng/ros2_ws/install/realsense2_camera:/opt/ros/jazzy/opt/gz_math_vendor:/opt/ros/jazzy/opt/gz_utils_vendor:/opt/ros/jazzy/opt/gz_cmake_vendor:/home/eloisezeng/ros2_ws/install/my_new_pkg:/home/eloisezeng/ros2_ws/install/my_launch:/opt/ros/jazzy DEBUGINFOD_URLS=https://debuginfod.ubuntu.com LD_LIBRARY_PATH=/home/eloisezeng/ros2_ws/install/realsense2_camera_msgs/lib:/home/eloisezeng/ros2_ws/install/realsense2_camera/lib:/opt/ros/jazzy/opt/rviz_ogre_vendor/lib:/opt/ros/jazzy/lib/x86_64-linux-gnu:/opt/ros/jazzy/opt/gz_math_vendor/lib:/opt/ros/jazzy/opt/gz_utils_vendor/lib:/opt/ros/jazzy/opt/gz_cmake_vendor/lib:/opt/ros/jazzy/lib PS1=(ros312) \[\e]0;\u@\h: \w\a\]${debian_chroot:+($debian_chroot)}\[\033[01;32m\]\u@\h\[\033[00m\]:\[\033[01;34m\]\w\[\033[00m\]\$ PYTHONPATH=/home/eloisezeng/ros2_ws/install/realsense2_camera_msgs/lib/python3.12/site-packages:/home/eloisezeng/ros2_ws/build/my_new_pkg:/home/eloisezeng/ros2_ws/build/my_launch:/home/eloisezeng/ros2_ws/install/my_new_pkg/lib/python3.12/site-packages:/home/eloisezeng/ros2_ws/install/my_launch/lib/python3.12/site-packages:/opt/ros/jazzy/lib/python3.12/site-packages VIRTUAL_ENV_PROMPT=(ros312) /usr/bin/cmake --build /home/eloisezeng/ros2_ws/build/realsense2_camera -- -j32 -l32
[0.633s] DEBUG:colcon.colcon_core.event_handler.log_command:Invoking command in '/home/eloisezeng/ros2_ws/build/realsense2_description': CMAKE_PREFIX_PATH=/home/eloisezeng/ros2_ws/install/realsense2_camera_msgs:/home/eloisezeng/ros2_ws/install/hfield_cpp:/home/eloisezeng/ros2_ws/install/realsense2_description:/home/eloisezeng/ros2_ws/install/realsense2_camera:/opt/ros/jazzy/opt/gz_math_vendor:/opt/ros/jazzy/opt/gz_utils_vendor:/opt/ros/jazzy/opt/gz_cmake_vendor:/home/eloisezeng/ros2_ws/install/my_new_pkg:/home/eloisezeng/ros2_ws/install/my_launch:/opt/ros/jazzy DEBUGINFOD_URLS=https://debuginfod.ubuntu.com LD_LIBRARY_PATH=/home/eloisezeng/ros2_ws/install/realsense2_camera_msgs/lib:/home/eloisezeng/ros2_ws/install/realsense2_camera/lib:/opt/ros/jazzy/opt/rviz_ogre_vendor/lib:/opt/ros/jazzy/lib/x86_64-linux-gnu:/opt/ros/jazzy/opt/gz_math_vendor/lib:/opt/ros/jazzy/opt/gz_utils_vendor/lib:/opt/ros/jazzy/opt/gz_cmake_vendor/lib:/opt/ros/jazzy/lib PS1=(ros312) \[\e]0;\u@\h: \w\a\]${debian_chroot:+($debian_chroot)}\[\033[01;32m\]\u@\h\[\033[00m\]:\[\033[01;34m\]\w\[\033[00m\]\$ PYTHONPATH=/home/eloisezeng/ros2_ws/install/realsense2_camera_msgs/lib/python3.12/site-packages:/home/eloisezeng/ros2_ws/build/my_new_pkg:/home/eloisezeng/ros2_ws/build/my_launch:/home/eloisezeng/ros2_ws/install/my_new_pkg/lib/python3.12/site-packages:/home/eloisezeng/ros2_ws/install/my_launch/lib/python3.12/site-packages:/opt/ros/jazzy/lib/python3.12/site-packages VIRTUAL_ENV_PROMPT=(ros312) /usr/bin/cmake --build /home/eloisezeng/ros2_ws/build/realsense2_description -- -j32 -l32
[0.663s] DEBUG:colcon.colcon_core.event_handler.log_command:Invoked command in '/home/eloisezeng/ros2_ws/build/realsense2_description' returned '0': CMAKE_PREFIX_PATH=/home/eloisezeng/ros2_ws/install/realsense2_camera_msgs:/home/eloisezeng/ros2_ws/install/hfield_cpp:/home/eloisezeng/ros2_ws/install/realsense2_description:/home/eloisezeng/ros2_ws/install/realsense2_camera:/opt/ros/jazzy/opt/gz_math_vendor:/opt/ros/jazzy/opt/gz_utils_vendor:/opt/ros/jazzy/opt/gz_cmake_vendor:/home/eloisezeng/ros2_ws/install/my_new_pkg:/home/eloisezeng/ros2_ws/install/my_launch:/opt/ros/jazzy DEBUGINFOD_URLS=https://debuginfod.ubuntu.com LD_LIBRARY_PATH=/home/eloisezeng/ros2_ws/install/realsense2_camera_msgs/lib:/home/eloisezeng/ros2_ws/install/realsense2_camera/lib:/opt/ros/jazzy/opt/rviz_ogre_vendor/lib:/opt/ros/jazzy/lib/x86_64-linux-gnu:/opt/ros/jazzy/opt/gz_math_vendor/lib:/opt/ros/jazzy/opt/gz_utils_vendor/lib:/opt/ros/jazzy/opt/gz_cmake_vendor/lib:/opt/ros/jazzy/lib PS1=(ros312) \[\e]0;\u@\h: \w\a\]${debian_chroot:+($debian_chroot)}\[\033[01;32m\]\u@\h\[\033[00m\]:\[\033[01;34m\]\w\[\033[00m\]\$ PYTHONPATH=/home/eloisezeng/ros2_ws/install/realsense2_camera_msgs/lib/python3.12/site-packages:/home/eloisezeng/ros2_ws/build/my_new_pkg:/home/eloisezeng/ros2_ws/build/my_launch:/home/eloisezeng/ros2_ws/install/my_new_pkg/lib/python3.12/site-packages:/home/eloisezeng/ros2_ws/install/my_launch/lib/python3.12/site-packages:/opt/ros/jazzy/lib/python3.12/site-packages VIRTUAL_ENV_PROMPT=(ros312) /usr/bin/cmake --build /home/eloisezeng/ros2_ws/build/realsense2_description -- -j32 -l32
[0.664s] DEBUG:colcon.colcon_core.event_handler.log_command:Invoking command in '/home/eloisezeng/ros2_ws/build/realsense2_description': CMAKE_PREFIX_PATH=/home/eloisezeng/ros2_ws/install/realsense2_camera_msgs:/home/eloisezeng/ros2_ws/install/hfield_cpp:/home/eloisezeng/ros2_ws/install/realsense2_description:/home/eloisezeng/ros2_ws/install/realsense2_camera:/opt/ros/jazzy/opt/gz_math_vendor:/opt/ros/jazzy/opt/gz_utils_vendor:/opt/ros/jazzy/opt/gz_cmake_vendor:/home/eloisezeng/ros2_ws/install/my_new_pkg:/home/eloisezeng/ros2_ws/install/my_launch:/opt/ros/jazzy DEBUGINFOD_URLS=https://debuginfod.ubuntu.com LD_LIBRARY_PATH=/home/eloisezeng/ros2_ws/install/realsense2_camera_msgs/lib:/home/eloisezeng/ros2_ws/install/realsense2_camera/lib:/opt/ros/jazzy/opt/rviz_ogre_vendor/lib:/opt/ros/jazzy/lib/x86_64-linux-gnu:/opt/ros/jazzy/opt/gz_math_vendor/lib:/opt/ros/jazzy/opt/gz_utils_vendor/lib:/opt/ros/jazzy/opt/gz_cmake_vendor/lib:/opt/ros/jazzy/lib PS1=(ros312) \[\e]0;\u@\h: \w\a\]${debian_chroot:+($debian_chroot)}\[\033[01;32m\]\u@\h\[\033[00m\]:\[\033[01;34m\]\w\[\033[00m\]\$ PYTHONPATH=/home/eloisezeng/ros2_ws/install/realsense2_camera_msgs/lib/python3.12/site-packages:/home/eloisezeng/ros2_ws/build/my_new_pkg:/home/eloisezeng/ros2_ws/build/my_launch:/home/eloisezeng/ros2_ws/install/my_new_pkg/lib/python3.12/site-packages:/home/eloisezeng/ros2_ws/install/my_launch/lib/python3.12/site-packages:/opt/ros/jazzy/lib/python3.12/site-packages VIRTUAL_ENV_PROMPT=(ros312) /usr/bin/cmake --install /home/eloisezeng/ros2_ws/build/realsense2_description
[0.685s] Level 1:colcon.colcon_core.environment:create_environment_scripts_only(realsense2_description)
[0.685s] Level 1:colcon.colcon_core.environment:checking '/home/eloisezeng/ros2_ws/install/realsense2_description' for CMake module files
[0.686s] DEBUG:colcon.colcon_core.event_handler.log_command:Invoked command in '/home/eloisezeng/ros2_ws/build/realsense2_description' returned '0': CMAKE_PREFIX_PATH=/home/eloisezeng/ros2_ws/install/realsense2_camera_msgs:/home/eloisezeng/ros2_ws/install/hfield_cpp:/home/eloisezeng/ros2_ws/install/realsense2_description:/home/eloisezeng/ros2_ws/install/realsense2_camera:/opt/ros/jazzy/opt/gz_math_vendor:/opt/ros/jazzy/opt/gz_utils_vendor:/opt/ros/jazzy/opt/gz_cmake_vendor:/home/eloisezeng/ros2_ws/install/my_new_pkg:/home/eloisezeng/ros2_ws/install/my_launch:/opt/ros/jazzy DEBUGINFOD_URLS=https://debuginfod.ubuntu.com LD_LIBRARY_PATH=/home/eloisezeng/ros2_ws/install/realsense2_camera_msgs/lib:/home/eloisezeng/ros2_ws/install/realsense2_camera/lib:/opt/ros/jazzy/opt/rviz_ogre_vendor/lib:/opt/ros/jazzy/lib/x86_64-linux-gnu:/opt/ros/jazzy/opt/gz_math_vendor/lib:/opt/ros/jazzy/opt/gz_utils_vendor/lib:/opt/ros/jazzy/opt/gz_cmake_vendor/lib:/opt/ros/jazzy/lib PS1=(ros312) \[\e]0;\u@\h: \w\a\]${debian_chroot:+($debian_chroot)}\[\033[01;32m\]\u@\h\[\033[00m\]:\[\033[01;34m\]\w\[\033[00m\]\$ PYTHONPATH=/home/eloisezeng/ros2_ws/install/realsense2_camera_msgs/lib/python3.12/site-packages:/home/eloisezeng/ros2_ws/build/my_new_pkg:/home/eloisezeng/ros2_ws/build/my_launch:/home/eloisezeng/ros2_ws/install/my_new_pkg/lib/python3.12/site-packages:/home/eloisezeng/ros2_ws/install/my_launch/lib/python3.12/site-packages:/opt/ros/jazzy/lib/python3.12/site-packages VIRTUAL_ENV_PROMPT=(ros312) /usr/bin/cmake --install /home/eloisezeng/ros2_ws/build/realsense2_description
[0.686s] Level 1:colcon.colcon_core.environment:checking '/home/eloisezeng/ros2_ws/install/realsense2_description' for CMake config files
[0.686s] Level 1:colcon.colcon_core.shell:create_environment_hook('realsense2_description', 'cmake_prefix_path')
[0.686s] INFO:colcon.colcon_core.shell:Creating environment descriptor '/home/eloisezeng/ros2_ws/install/realsense2_description/share/realsense2_description/hook/cmake_prefix_path.dsv'
[0.687s] INFO:colcon.colcon_core.shell:Creating environment hook '/home/eloisezeng/ros2_ws/install/realsense2_description/share/realsense2_description/hook/cmake_prefix_path.sh'
[0.687s] Level 1:colcon.colcon_core.environment:checking '/home/eloisezeng/ros2_ws/install/realsense2_description/bin'
[0.687s] Level 1:colcon.colcon_core.environment:checking '/home/eloisezeng/ros2_ws/install/realsense2_description/lib/pkgconfig/realsense2_description.pc'
[0.687s] Level 1:colcon.colcon_core.environment:checking '/home/eloisezeng/ros2_ws/install/realsense2_description/lib/python3.12/site-packages'
[0.687s] Level 1:colcon.colcon_core.environment:checking '/home/eloisezeng/ros2_ws/install/realsense2_description/bin'
[0.687s] INFO:colcon.colcon_core.shell:Creating package descriptor '/home/eloisezeng/ros2_ws/install/realsense2_description/share/realsense2_description/package.dsv'
[0.688s] INFO:colcon.colcon_core.shell:Creating package script '/home/eloisezeng/ros2_ws/install/realsense2_description/share/realsense2_description/package.sh'
[0.688s] INFO:colcon.colcon_core.shell:Creating package script '/home/eloisezeng/ros2_ws/install/realsense2_description/share/realsense2_description/package.bash'
[0.688s] INFO:colcon.colcon_core.shell:Creating package script '/home/eloisezeng/ros2_ws/install/realsense2_description/share/realsense2_description/package.zsh'
[0.689s] Level 1:colcon.colcon_core.environment:create_file_with_runtime_dependencies(/home/eloisezeng/ros2_ws/install/realsense2_description/share/colcon-core/packages/realsense2_description)
[0.689s] Level 1:colcon.colcon_core.environment:create_environment_scripts_only(realsense2_description)
[0.689s] Level 1:colcon.colcon_core.environment:checking '/home/eloisezeng/ros2_ws/install/realsense2_description' for CMake module files
[0.689s] Level 1:colcon.colcon_core.environment:checking '/home/eloisezeng/ros2_ws/install/realsense2_description' for CMake config files
[0.690s] Level 1:colcon.colcon_core.shell:create_environment_hook('realsense2_description', 'cmake_prefix_path')
[0.690s] INFO:colcon.colcon_core.shell:Creating environment descriptor '/home/eloisezeng/ros2_ws/install/realsense2_description/share/realsense2_description/hook/cmake_prefix_path.dsv'
[0.690s] INFO:colcon.colcon_core.shell:Creating environment hook '/home/eloisezeng/ros2_ws/install/realsense2_description/share/realsense2_description/hook/cmake_prefix_path.sh'
[0.691s] Level 1:colcon.colcon_core.environment:checking '/home/eloisezeng/ros2_ws/install/realsense2_description/bin'
[0.691s] Level 1:colcon.colcon_core.environment:checking '/home/eloisezeng/ros2_ws/install/realsense2_description/lib/pkgconfig/realsense2_description.pc'
[0.691s] Level 1:colcon.colcon_core.environment:checking '/home/eloisezeng/ros2_ws/install/realsense2_description/lib/python3.12/site-packages'
[0.691s] Level 1:colcon.colcon_core.environment:checking '/home/eloisezeng/ros2_ws/install/realsense2_description/bin'
[0.691s] INFO:colcon.colcon_core.shell:Creating package descriptor '/home/eloisezeng/ros2_ws/install/realsense2_description/share/realsense2_description/package.dsv'
[0.691s] INFO:colcon.colcon_core.shell:Creating package script '/home/eloisezeng/ros2_ws/install/realsense2_description/share/realsense2_description/package.sh'
[0.692s] INFO:colcon.colcon_core.shell:Creating package script '/home/eloisezeng/ros2_ws/install/realsense2_description/share/realsense2_description/package.bash'
[0.692s] INFO:colcon.colcon_core.shell:Creating package script '/home/eloisezeng/ros2_ws/install/realsense2_description/share/realsense2_description/package.zsh'
[0.692s] Level 1:colcon.colcon_core.environment:create_file_with_runtime_dependencies(/home/eloisezeng/ros2_ws/install/realsense2_description/share/colcon-core/packages/realsense2_description)
[0.713s] DEBUG:colcon.colcon_core.event_handler.log_command:Invoked command in '/home/eloisezeng/ros2_ws/build/realsense2_camera' returned '0': CMAKE_PREFIX_PATH=/home/eloisezeng/ros2_ws/install/realsense2_camera_msgs:/home/eloisezeng/ros2_ws/install/hfield_cpp:/home/eloisezeng/ros2_ws/install/realsense2_description:/home/eloisezeng/ros2_ws/install/realsense2_camera:/opt/ros/jazzy/opt/gz_math_vendor:/opt/ros/jazzy/opt/gz_utils_vendor:/opt/ros/jazzy/opt/gz_cmake_vendor:/home/eloisezeng/ros2_ws/install/my_new_pkg:/home/eloisezeng/ros2_ws/install/my_launch:/opt/ros/jazzy DEBUGINFOD_URLS=https://debuginfod.ubuntu.com LD_LIBRARY_PATH=/home/eloisezeng/ros2_ws/install/realsense2_camera_msgs/lib:/home/eloisezeng/ros2_ws/install/realsense2_camera/lib:/opt/ros/jazzy/opt/rviz_ogre_vendor/lib:/opt/ros/jazzy/lib/x86_64-linux-gnu:/opt/ros/jazzy/opt/gz_math_vendor/lib:/opt/ros/jazzy/opt/gz_utils_vendor/lib:/opt/ros/jazzy/opt/gz_cmake_vendor/lib:/opt/ros/jazzy/lib PS1=(ros312) \[\e]0;\u@\h: \w\a\]${debian_chroot:+($debian_chroot)}\[\033[01;32m\]\u@\h\[\033[00m\]:\[\033[01;34m\]\w\[\033[00m\]\$ PYTHONPATH=/home/eloisezeng/ros2_ws/install/realsense2_camera_msgs/lib/python3.12/site-packages:/home/eloisezeng/ros2_ws/build/my_new_pkg:/home/eloisezeng/ros2_ws/build/my_launch:/home/eloisezeng/ros2_ws/install/my_new_pkg/lib/python3.12/site-packages:/home/eloisezeng/ros2_ws/install/my_launch/lib/python3.12/site-packages:/opt/ros/jazzy/lib/python3.12/site-packages VIRTUAL_ENV_PROMPT=(ros312) /usr/bin/cmake --build /home/eloisezeng/ros2_ws/build/realsense2_camera -- -j32 -l32
[0.714s] DEBUG:colcon.colcon_core.event_handler.log_command:Invoking command in '/home/eloisezeng/ros2_ws/build/realsense2_camera': CMAKE_PREFIX_PATH=/home/eloisezeng/ros2_ws/install/realsense2_camera_msgs:/home/eloisezeng/ros2_ws/install/hfield_cpp:/home/eloisezeng/ros2_ws/install/realsense2_description:/home/eloisezeng/ros2_ws/install/realsense2_camera:/opt/ros/jazzy/opt/gz_math_vendor:/opt/ros/jazzy/opt/gz_utils_vendor:/opt/ros/jazzy/opt/gz_cmake_vendor:/home/eloisezeng/ros2_ws/install/my_new_pkg:/home/eloisezeng/ros2_ws/install/my_launch:/opt/ros/jazzy DEBUGINFOD_URLS=https://debuginfod.ubuntu.com LD_LIBRARY_PATH=/home/eloisezeng/ros2_ws/install/realsense2_camera_msgs/lib:/home/eloisezeng/ros2_ws/install/realsense2_camera/lib:/opt/ros/jazzy/opt/rviz_ogre_vendor/lib:/opt/ros/jazzy/lib/x86_64-linux-gnu:/opt/ros/jazzy/opt/gz_math_vendor/lib:/opt/ros/jazzy/opt/gz_utils_vendor/lib:/opt/ros/jazzy/opt/gz_cmake_vendor/lib:/opt/ros/jazzy/lib PS1=(ros312) \[\e]0;\u@\h: \w\a\]${debian_chroot:+($debian_chroot)}\[\033[01;32m\]\u@\h\[\033[00m\]:\[\033[01;34m\]\w\[\033[00m\]\$ PYTHONPATH=/home/eloisezeng/ros2_ws/install/realsense2_camera_msgs/lib/python3.12/site-packages:/home/eloisezeng/ros2_ws/build/my_new_pkg:/home/eloisezeng/ros2_ws/build/my_launch:/home/eloisezeng/ros2_ws/install/my_new_pkg/lib/python3.12/site-packages:/home/eloisezeng/ros2_ws/install/my_launch/lib/python3.12/site-packages:/opt/ros/jazzy/lib/python3.12/site-packages VIRTUAL_ENV_PROMPT=(ros312) /usr/bin/cmake --install /home/eloisezeng/ros2_ws/build/realsense2_camera
[0.738s] Level 1:colcon.colcon_core.environment:create_environment_scripts_only(realsense2_camera)
[0.739s] DEBUG:colcon.colcon_core.event_handler.log_command:Invoked command in '/home/eloisezeng/ros2_ws/build/realsense2_camera' returned '0': CMAKE_PREFIX_PATH=/home/eloisezeng/ros2_ws/install/realsense2_camera_msgs:/home/eloisezeng/ros2_ws/install/hfield_cpp:/home/eloisezeng/ros2_ws/install/realsense2_description:/home/eloisezeng/ros2_ws/install/realsense2_camera:/opt/ros/jazzy/opt/gz_math_vendor:/opt/ros/jazzy/opt/gz_utils_vendor:/opt/ros/jazzy/opt/gz_cmake_vendor:/home/eloisezeng/ros2_ws/install/my_new_pkg:/home/eloisezeng/ros2_ws/install/my_launch:/opt/ros/jazzy DEBUGINFOD_URLS=https://debuginfod.ubuntu.com LD_LIBRARY_PATH=/home/eloisezeng/ros2_ws/install/realsense2_camera_msgs/lib:/home/eloisezeng/ros2_ws/install/realsense2_camera/lib:/opt/ros/jazzy/opt/rviz_ogre_vendor/lib:/opt/ros/jazzy/lib/x86_64-linux-gnu:/opt/ros/jazzy/opt/gz_math_vendor/lib:/opt/ros/jazzy/opt/gz_utils_vendor/lib:/opt/ros/jazzy/opt/gz_cmake_vendor/lib:/opt/ros/jazzy/lib PS1=(ros312) \[\e]0;\u@\h: \w\a\]${debian_chroot:+($debian_chroot)}\[\033[01;32m\]\u@\h\[\033[00m\]:\[\033[01;34m\]\w\[\033[00m\]\$ PYTHONPATH=/home/eloisezeng/ros2_ws/install/realsense2_camera_msgs/lib/python3.12/site-packages:/home/eloisezeng/ros2_ws/build/my_new_pkg:/home/eloisezeng/ros2_ws/build/my_launch:/home/eloisezeng/ros2_ws/install/my_new_pkg/lib/python3.12/site-packages:/home/eloisezeng/ros2_ws/install/my_launch/lib/python3.12/site-packages:/opt/ros/jazzy/lib/python3.12/site-packages VIRTUAL_ENV_PROMPT=(ros312) /usr/bin/cmake --install /home/eloisezeng/ros2_ws/build/realsense2_camera
[0.739s] Level 1:colcon.colcon_core.environment:checking '/home/eloisezeng/ros2_ws/install/realsense2_camera' for CMake module files
[0.739s] Level 1:colcon.colcon_core.environment:checking '/home/eloisezeng/ros2_ws/install/realsense2_camera' for CMake config files
[0.740s] Level 1:colcon.colcon_core.shell:create_environment_hook('realsense2_camera', 'cmake_prefix_path')
[0.740s] INFO:colcon.colcon_core.shell:Creating environment descriptor '/home/eloisezeng/ros2_ws/install/realsense2_camera/share/realsense2_camera/hook/cmake_prefix_path.dsv'
[0.740s] INFO:colcon.colcon_core.shell:Creating environment hook '/home/eloisezeng/ros2_ws/install/realsense2_camera/share/realsense2_camera/hook/cmake_prefix_path.sh'
[0.741s] Level 1:colcon.colcon_core.environment:checking '/home/eloisezeng/ros2_ws/install/realsense2_camera/lib'
[0.741s] Level 1:colcon.colcon_core.shell:create_environment_hook('realsense2_camera', 'ld_library_path_lib')
[0.741s] INFO:colcon.colcon_core.shell:Creating environment descriptor '/home/eloisezeng/ros2_ws/install/realsense2_camera/share/realsense2_camera/hook/ld_library_path_lib.dsv'
[0.741s] INFO:colcon.colcon_core.shell:Creating environment hook '/home/eloisezeng/ros2_ws/install/realsense2_camera/share/realsense2_camera/hook/ld_library_path_lib.sh'
[0.741s] Level 1:colcon.colcon_core.environment:checking '/home/eloisezeng/ros2_ws/install/realsense2_camera/bin'
[0.741s] Level 1:colcon.colcon_core.environment:checking '/home/eloisezeng/ros2_ws/install/realsense2_camera/lib/pkgconfig/realsense2_camera.pc'
[0.742s] Level 1:colcon.colcon_core.environment:checking '/home/eloisezeng/ros2_ws/install/realsense2_camera/lib/python3.12/site-packages'
[0.742s] Level 1:colcon.colcon_core.environment:checking '/home/eloisezeng/ros2_ws/install/realsense2_camera/bin'
[0.742s] INFO:colcon.colcon_core.shell:Creating package descriptor '/home/eloisezeng/ros2_ws/install/realsense2_camera/share/realsense2_camera/package.dsv'
[0.742s] INFO:colcon.colcon_core.shell:Creating package script '/home/eloisezeng/ros2_ws/install/realsense2_camera/share/realsense2_camera/package.sh'
[0.742s] INFO:colcon.colcon_core.shell:Creating package script '/home/eloisezeng/ros2_ws/install/realsense2_camera/share/realsense2_camera/package.bash'
[0.743s] INFO:colcon.colcon_core.shell:Creating package script '/home/eloisezeng/ros2_ws/install/realsense2_camera/share/realsense2_camera/package.zsh'
[0.743s] Level 1:colcon.colcon_core.environment:create_file_with_runtime_dependencies(/home/eloisezeng/ros2_ws/install/realsense2_camera/share/colcon-core/packages/realsense2_camera)
[0.743s] Level 1:colcon.colcon_core.environment:create_environment_scripts_only(realsense2_camera)
[0.743s] Level 1:colcon.colcon_core.environment:checking '/home/eloisezeng/ros2_ws/install/realsense2_camera' for CMake module files
[0.744s] Level 1:colcon.colcon_core.environment:checking '/home/eloisezeng/ros2_ws/install/realsense2_camera' for CMake config files
[0.744s] Level 1:colcon.colcon_core.shell:create_environment_hook('realsense2_camera', 'cmake_prefix_path')
[0.744s] INFO:colcon.colcon_core.shell:Creating environment descriptor '/home/eloisezeng/ros2_ws/install/realsense2_camera/share/realsense2_camera/hook/cmake_prefix_path.dsv'
[0.745s] INFO:colcon.colcon_core.shell:Creating environment hook '/home/eloisezeng/ros2_ws/install/realsense2_camera/share/realsense2_camera/hook/cmake_prefix_path.sh'
[0.745s] Level 1:colcon.colcon_core.environment:checking '/home/eloisezeng/ros2_ws/install/realsense2_camera/lib'
[0.745s] Level 1:colcon.colcon_core.shell:create_environment_hook('realsense2_camera', 'ld_library_path_lib')
[0.745s] INFO:colcon.colcon_core.shell:Creating environment descriptor '/home/eloisezeng/ros2_ws/install/realsense2_camera/share/realsense2_camera/hook/ld_library_path_lib.dsv'
[0.746s] INFO:colcon.colcon_core.shell:Creating environment hook '/home/eloisezeng/ros2_ws/install/realsense2_camera/share/realsense2_camera/hook/ld_library_path_lib.sh'
[0.746s] Level 1:colcon.colcon_core.environment:checking '/home/eloisezeng/ros2_ws/install/realsense2_camera/bin'
[0.746s] Level 1:colcon.colcon_core.environment:checking '/home/eloisezeng/ros2_ws/install/realsense2_camera/lib/pkgconfig/realsense2_camera.pc'
[0.746s] Level 1:colcon.colcon_core.environment:checking '/home/eloisezeng/ros2_ws/install/realsense2_camera/lib/python3.12/site-packages'
[0.746s] Level 1:colcon.colcon_core.environment:checking '/home/eloisezeng/ros2_ws/install/realsense2_camera/bin'
[0.746s] INFO:colcon.colcon_core.shell:Creating package descriptor '/home/eloisezeng/ros2_ws/install/realsense2_camera/share/realsense2_camera/package.dsv'
[0.747s] INFO:colcon.colcon_core.shell:Creating package script '/home/eloisezeng/ros2_ws/install/realsense2_camera/share/realsense2_camera/package.sh'
[0.747s] INFO:colcon.colcon_core.shell:Creating package script '/home/eloisezeng/ros2_ws/install/realsense2_camera/share/realsense2_camera/package.bash'
[0.747s] INFO:colcon.colcon_core.shell:Creating package script '/home/eloisezeng/ros2_ws/install/realsense2_camera/share/realsense2_camera/package.zsh'
[0.747s] Level 1:colcon.colcon_core.environment:create_file_with_runtime_dependencies(/home/eloisezeng/ros2_ws/install/realsense2_camera/share/colcon-core/packages/realsense2_camera)
[0.979s] DEBUG:colcon.colcon_core.event_handler.log_command:Invoking command in '/home/eloisezeng/ros2_ws/build/my_launch': DEBUGINFOD_URLS=https://debuginfod.ubuntu.com PS1=(ros312) \[\e]0;\u@\h: \w\a\]${debian_chroot:+($debian_chroot)}\[\033[01;32m\]\u@\h\[\033[00m\]:\[\033[01;34m\]\w\[\033[00m\]\$ PYTHONPATH=/home/eloisezeng/ros2_ws/build/my_launch/prefix_override:/usr/lib/python3/dist-packages/colcon_core/task/python/colcon_distutils_commands:/home/eloisezeng/ros2_ws/install/my_launch/lib/python3.12/site-packages:${PYTHONPATH} VIRTUAL_ENV_PROMPT=(ros312) /usr/bin/python3 -W ignore:setup.py install is deprecated -W ignore:easy_install command is deprecated setup.py develop --editable --build-directory /home/eloisezeng/ros2_ws/build/my_launch/build --no-deps symlink_data
[0.989s] DEBUG:colcon.colcon_core.event_handler.log_command:Invoking command in '/home/eloisezeng/ros2_ws/build/my_new_pkg': DEBUGINFOD_URLS=https://debuginfod.ubuntu.com PS1=(ros312) \[\e]0;\u@\h: \w\a\]${debian_chroot:+($debian_chroot)}\[\033[01;32m\]\u@\h\[\033[00m\]:\[\033[01;34m\]\w\[\033[00m\]\$ PYTHONPATH=/home/eloisezeng/ros2_ws/build/my_new_pkg/prefix_override:/usr/lib/python3/dist-packages/colcon_core/task/python/colcon_distutils_commands:/home/eloisezeng/ros2_ws/install/my_new_pkg/lib/python3.12/site-packages:${PYTHONPATH} VIRTUAL_ENV_PROMPT=(ros312) /usr/bin/python3 -W ignore:setup.py install is deprecated -W ignore:easy_install command is deprecated setup.py develop --editable --build-directory /home/eloisezeng/ros2_ws/build/my_new_pkg/build --no-deps symlink_data
[1.489s] Level 1:colcon.colcon_core.shell:create_environment_hook('my_launch', 'pythonpath_develop')
[1.489s] DEBUG:colcon.colcon_core.event_handler.log_command:Invoked command in '/home/eloisezeng/ros2_ws/build/my_launch' returned '0': DEBUGINFOD_URLS=https://debuginfod.ubuntu.com PS1=(ros312) \[\e]0;\u@\h: \w\a\]${debian_chroot:+($debian_chroot)}\[\033[01;32m\]\u@\h\[\033[00m\]:\[\033[01;34m\]\w\[\033[00m\]\$ PYTHONPATH=/home/eloisezeng/ros2_ws/build/my_launch/prefix_override:/usr/lib/python3/dist-packages/colcon_core/task/python/colcon_distutils_commands:/home/eloisezeng/ros2_ws/install/my_launch/lib/python3.12/site-packages:${PYTHONPATH} VIRTUAL_ENV_PROMPT=(ros312) /usr/bin/python3 -W ignore:setup.py install is deprecated -W ignore:easy_install command is deprecated setup.py develop --editable --build-directory /home/eloisezeng/ros2_ws/build/my_launch/build --no-deps symlink_data
[1.489s] INFO:colcon.colcon_core.shell:Creating environment descriptor '/home/eloisezeng/ros2_ws/build/my_launch/share/my_launch/hook/pythonpath_develop.dsv'
[1.490s] INFO:colcon.colcon_core.shell:Creating environment hook '/home/eloisezeng/ros2_ws/build/my_launch/share/my_launch/hook/pythonpath_develop.sh'
[1.490s] Level 1:colcon.colcon_core.environment:checking '/home/eloisezeng/ros2_ws/install/my_launch' for CMake module files
[1.490s] Level 1:colcon.colcon_core.environment:checking '/home/eloisezeng/ros2_ws/install/my_launch' for CMake config files
[1.491s] Level 1:colcon.colcon_core.environment:checking '/home/eloisezeng/ros2_ws/install/my_launch/lib'
[1.491s] Level 1:colcon.colcon_core.environment:checking '/home/eloisezeng/ros2_ws/install/my_launch/bin'
[1.491s] Level 1:colcon.colcon_core.environment:checking '/home/eloisezeng/ros2_ws/install/my_launch/lib/pkgconfig/my_launch.pc'
[1.491s] Level 1:colcon.colcon_core.environment:checking '/home/eloisezeng/ros2_ws/install/my_launch/lib/python3.12/site-packages'
[1.491s] Level 1:colcon.colcon_core.shell:create_environment_hook('my_launch', 'pythonpath')
[1.491s] INFO:colcon.colcon_core.shell:Creating environment descriptor '/home/eloisezeng/ros2_ws/install/my_launch/share/my_launch/hook/pythonpath.dsv'
[1.492s] INFO:colcon.colcon_core.shell:Creating environment hook '/home/eloisezeng/ros2_ws/install/my_launch/share/my_launch/hook/pythonpath.sh'
[1.492s] Level 1:colcon.colcon_core.environment:checking '/home/eloisezeng/ros2_ws/install/my_launch/bin'
[1.492s] Level 1:colcon.colcon_core.environment:create_environment_scripts_only(my_launch)
[1.492s] INFO:colcon.colcon_core.shell:Creating package descriptor '/home/eloisezeng/ros2_ws/install/my_launch/share/my_launch/package.dsv'
[1.492s] INFO:colcon.colcon_core.shell:Creating package script '/home/eloisezeng/ros2_ws/install/my_launch/share/my_launch/package.sh'
[1.493s] INFO:colcon.colcon_core.shell:Creating package script '/home/eloisezeng/ros2_ws/install/my_launch/share/my_launch/package.bash'
[1.493s] INFO:colcon.colcon_core.shell:Creating package script '/home/eloisezeng/ros2_ws/install/my_launch/share/my_launch/package.zsh'
[1.493s] Level 1:colcon.colcon_core.environment:create_file_with_runtime_dependencies(/home/eloisezeng/ros2_ws/install/my_launch/share/colcon-core/packages/my_launch)
[1.497s] Level 1:colcon.colcon_core.shell:create_environment_hook('my_new_pkg', 'pythonpath_develop')
[1.497s] DEBUG:colcon.colcon_core.event_handler.log_command:Invoked command in '/home/eloisezeng/ros2_ws/build/my_new_pkg' returned '0': DEBUGINFOD_URLS=https://debuginfod.ubuntu.com PS1=(ros312) \[\e]0;\u@\h: \w\a\]${debian_chroot:+($debian_chroot)}\[\033[01;32m\]\u@\h\[\033[00m\]:\[\033[01;34m\]\w\[\033[00m\]\$ PYTHONPATH=/home/eloisezeng/ros2_ws/build/my_new_pkg/prefix_override:/usr/lib/python3/dist-packages/colcon_core/task/python/colcon_distutils_commands:/home/eloisezeng/ros2_ws/install/my_new_pkg/lib/python3.12/site-packages:${PYTHONPATH} VIRTUAL_ENV_PROMPT=(ros312) /usr/bin/python3 -W ignore:setup.py install is deprecated -W ignore:easy_install command is deprecated setup.py develop --editable --build-directory /home/eloisezeng/ros2_ws/build/my_new_pkg/build --no-deps symlink_data
[1.497s] INFO:colcon.colcon_core.shell:Creating environment descriptor '/home/eloisezeng/ros2_ws/build/my_new_pkg/share/my_new_pkg/hook/pythonpath_develop.dsv'
[1.498s] INFO:colcon.colcon_core.shell:Creating environment hook '/home/eloisezeng/ros2_ws/build/my_new_pkg/share/my_new_pkg/hook/pythonpath_develop.sh'
[1.498s] Level 1:colcon.colcon_core.environment:checking '/home/eloisezeng/ros2_ws/install/my_new_pkg' for CMake module files
[1.498s] Level 1:colcon.colcon_core.environment:checking '/home/eloisezeng/ros2_ws/install/my_new_pkg' for CMake config files
[1.499s] Level 1:colcon.colcon_core.environment:checking '/home/eloisezeng/ros2_ws/install/my_new_pkg/lib'
[1.499s] Level 1:colcon.colcon_core.environment:checking '/home/eloisezeng/ros2_ws/install/my_new_pkg/bin'
[1.499s] Level 1:colcon.colcon_core.environment:checking '/home/eloisezeng/ros2_ws/install/my_new_pkg/lib/pkgconfig/my_new_pkg.pc'
[1.499s] Level 1:colcon.colcon_core.environment:checking '/home/eloisezeng/ros2_ws/install/my_new_pkg/lib/python3.12/site-packages'
[1.499s] Level 1:colcon.colcon_core.shell:create_environment_hook('my_new_pkg', 'pythonpath')
[1.499s] INFO:colcon.colcon_core.shell:Creating environment descriptor '/home/eloisezeng/ros2_ws/install/my_new_pkg/share/my_new_pkg/hook/pythonpath.dsv'
[1.499s] INFO:colcon.colcon_core.shell:Creating environment hook '/home/eloisezeng/ros2_ws/install/my_new_pkg/share/my_new_pkg/hook/pythonpath.sh'
[1.500s] Level 1:colcon.colcon_core.environment:checking '/home/eloisezeng/ros2_ws/install/my_new_pkg/bin'
[1.500s] Level 1:colcon.colcon_core.environment:create_environment_scripts_only(my_new_pkg)
[1.500s] INFO:colcon.colcon_core.shell:Creating package descriptor '/home/eloisezeng/ros2_ws/install/my_new_pkg/share/my_new_pkg/package.dsv'
[1.500s] INFO:colcon.colcon_core.shell:Creating package script '/home/eloisezeng/ros2_ws/install/my_new_pkg/share/my_new_pkg/package.sh'
[1.501s] INFO:colcon.colcon_core.shell:Creating package script '/home/eloisezeng/ros2_ws/install/my_new_pkg/share/my_new_pkg/package.bash'
[1.501s] INFO:colcon.colcon_core.shell:Creating package script '/home/eloisezeng/ros2_ws/install/my_new_pkg/share/my_new_pkg/package.zsh'
[1.501s] Level 1:colcon.colcon_core.environment:create_file_with_runtime_dependencies(/home/eloisezeng/ros2_ws/install/my_new_pkg/share/colcon-core/packages/my_new_pkg)
[6.068s] DEBUG:colcon.colcon_core.event_handler.log_command:Invoked command in '/home/eloisezeng/ros2_ws/build/hfield_cpp' returned '0': CMAKE_PREFIX_PATH=${CMAKE_PREFIX_PATH}:/home/eloisezeng/ros2_ws/install/my_new_pkg:/home/eloisezeng/ros2_ws/install/my_launch:/opt/ros/jazzy DEBUGINFOD_URLS=https://debuginfod.ubuntu.com PS1=(ros312) \[\e]0;\u@\h: \w\a\]${debian_chroot:+($debian_chroot)}\[\033[01;32m\]\u@\h\[\033[00m\]:\[\033[01;34m\]\w\[\033[00m\]\$ VIRTUAL_ENV_PROMPT=(ros312) /usr/bin/cmake --build /home/eloisezeng/ros2_ws/build/hfield_cpp -- -j32 -l32
[6.069s] DEBUG:colcon.colcon_core.event_handler.log_command:Invoking command in '/home/eloisezeng/ros2_ws/build/hfield_cpp': CMAKE_PREFIX_PATH=${CMAKE_PREFIX_PATH}:/home/eloisezeng/ros2_ws/install/my_new_pkg:/home/eloisezeng/ros2_ws/install/my_launch:/opt/ros/jazzy DEBUGINFOD_URLS=https://debuginfod.ubuntu.com PS1=(ros312) \[\e]0;\u@\h: \w\a\]${debian_chroot:+($debian_chroot)}\[\033[01;32m\]\u@\h\[\033[00m\]:\[\033[01;34m\]\w\[\033[00m\]\$ VIRTUAL_ENV_PROMPT=(ros312) /usr/bin/cmake --install /home/eloisezeng/ros2_ws/build/hfield_cpp
[6.086s] Level 1:colcon.colcon_core.environment:create_environment_scripts_only(hfield_cpp)
[6.086s] Level 1:colcon.colcon_core.environment:checking '/home/eloisezeng/ros2_ws/install/hfield_cpp' for CMake module files
[6.087s] DEBUG:colcon.colcon_core.event_handler.log_command:Invoked command in '/home/eloisezeng/ros2_ws/build/hfield_cpp' returned '0': CMAKE_PREFIX_PATH=${CMAKE_PREFIX_PATH}:/home/eloisezeng/ros2_ws/install/my_new_pkg:/home/eloisezeng/ros2_ws/install/my_launch:/opt/ros/jazzy DEBUGINFOD_URLS=https://debuginfod.ubuntu.com PS1=(ros312) \[\e]0;\u@\h: \w\a\]${debian_chroot:+($debian_chroot)}\[\033[01;32m\]\u@\h\[\033[00m\]:\[\033[01;34m\]\w\[\033[00m\]\$ VIRTUAL_ENV_PROMPT=(ros312) /usr/bin/cmake --install /home/eloisezeng/ros2_ws/build/hfield_cpp
[6.087s] Level 1:colcon.colcon_core.environment:checking '/home/eloisezeng/ros2_ws/install/hfield_cpp' for CMake config files
[6.087s] Level 1:colcon.colcon_core.shell:create_environment_hook('hfield_cpp', 'cmake_prefix_path')
[6.087s] INFO:colcon.colcon_core.shell:Creating environment descriptor '/home/eloisezeng/ros2_ws/install/hfield_cpp/share/hfield_cpp/hook/cmake_prefix_path.dsv'
[6.087s] INFO:colcon.colcon_core.shell:Creating environment hook '/home/eloisezeng/ros2_ws/install/hfield_cpp/share/hfield_cpp/hook/cmake_prefix_path.sh'
[6.088s] Level 1:colcon.colcon_core.environment:checking '/home/eloisezeng/ros2_ws/install/hfield_cpp/lib'
[6.088s] Level 1:colcon.colcon_core.environment:checking '/home/eloisezeng/ros2_ws/install/hfield_cpp/bin'
[6.088s] Level 1:colcon.colcon_core.environment:checking '/home/eloisezeng/ros2_ws/install/hfield_cpp/lib/pkgconfig/hfield_cpp.pc'
[6.088s] Level 1:colcon.colcon_core.environment:checking '/home/eloisezeng/ros2_ws/install/hfield_cpp/lib/python3.12/site-packages'
[6.088s] Level 1:colcon.colcon_core.environment:checking '/home/eloisezeng/ros2_ws/install/hfield_cpp/bin'
[6.088s] INFO:colcon.colcon_core.shell:Creating package descriptor '/home/eloisezeng/ros2_ws/install/hfield_cpp/share/hfield_cpp/package.dsv'
[6.089s] INFO:colcon.colcon_core.shell:Creating package script '/home/eloisezeng/ros2_ws/install/hfield_cpp/share/hfield_cpp/package.sh'
[6.089s] INFO:colcon.colcon_core.shell:Creating package script '/home/eloisezeng/ros2_ws/install/hfield_cpp/share/hfield_cpp/package.bash'
[6.089s] INFO:colcon.colcon_core.shell:Creating package script '/home/eloisezeng/ros2_ws/install/hfield_cpp/share/hfield_cpp/package.zsh'
[6.090s] Level 1:colcon.colcon_core.environment:create_file_with_runtime_dependencies(/home/eloisezeng/ros2_ws/install/hfield_cpp/share/colcon-core/packages/hfield_cpp)
[6.090s] Level 1:colcon.colcon_core.environment:create_environment_scripts_only(hfield_cpp)
[6.090s] Level 1:colcon.colcon_core.environment:checking '/home/eloisezeng/ros2_ws/install/hfield_cpp' for CMake module files
[6.090s] Level 1:colcon.colcon_core.environment:checking '/home/eloisezeng/ros2_ws/install/hfield_cpp' for CMake config files
[6.090s] Level 1:colcon.colcon_core.shell:create_environment_hook('hfield_cpp', 'cmake_prefix_path')
[6.091s] INFO:colcon.colcon_core.shell:Creating environment descriptor '/home/eloisezeng/ros2_ws/install/hfield_cpp/share/hfield_cpp/hook/cmake_prefix_path.dsv'
[6.091s] INFO:colcon.colcon_core.shell:Creating environment hook '/home/eloisezeng/ros2_ws/install/hfield_cpp/share/hfield_cpp/hook/cmake_prefix_path.sh'
[6.091s] Level 1:colcon.colcon_core.environment:checking '/home/eloisezeng/ros2_ws/install/hfield_cpp/lib'
[6.091s] Level 1:colcon.colcon_core.environment:checking '/home/eloisezeng/ros2_ws/install/hfield_cpp/bin'
[6.091s] Level 1:colcon.colcon_core.environment:checking '/home/eloisezeng/ros2_ws/install/hfield_cpp/lib/pkgconfig/hfield_cpp.pc'
[6.091s] Level 1:colcon.colcon_core.environment:checking '/home/eloisezeng/ros2_ws/install/hfield_cpp/lib/python3.12/site-packages'
[6.092s] Level 1:colcon.colcon_core.environment:checking '/home/eloisezeng/ros2_ws/install/hfield_cpp/bin'
[6.092s] INFO:colcon.colcon_core.shell:Creating package descriptor '/home/eloisezeng/ros2_ws/install/hfield_cpp/share/hfield_cpp/package.dsv'
[6.092s] INFO:colcon.colcon_core.shell:Creating package script '/home/eloisezeng/ros2_ws/install/hfield_cpp/share/hfield_cpp/package.sh'
[6.092s] INFO:colcon.colcon_core.shell:Creating package script '/home/eloisezeng/ros2_ws/install/hfield_cpp/share/hfield_cpp/package.bash'
[6.093s] INFO:colcon.colcon_core.shell:Creating package script '/home/eloisezeng/ros2_ws/install/hfield_cpp/share/hfield_cpp/package.zsh'
[6.093s] Level 1:colcon.colcon_core.environment:create_file_with_runtime_dependencies(/home/eloisezeng/ros2_ws/install/hfield_cpp/share/colcon-core/packages/hfield_cpp)
[6.093s] DEBUG:colcon.colcon_parallel_executor.executor.parallel:closing loop
[6.093s] DEBUG:colcon.colcon_parallel_executor.executor.parallel:loop closed
[6.093s] DEBUG:colcon.colcon_parallel_executor.executor.parallel:run_until_complete finished with '0'
[6.093s] DEBUG:colcon.colcon_core.event_reactor:joining thread
[6.098s] INFO:colcon.colcon_core.plugin_system:Skipping extension 'colcon_notification.desktop_notification.terminal_notifier': Not used on non-Darwin systems
[6.098s] INFO:colcon.colcon_core.plugin_system:Skipping extension 'colcon_notification.desktop_notification.win32': Not used on non-Windows systems
[6.098s] INFO:colcon.colcon_notification.desktop_notification:Sending desktop notification using 'notify2'
[6.109s] DEBUG:colcon.colcon_core.event_reactor:joined thread
[6.109s] INFO:colcon.colcon_core.shell:Creating prefix script '/home/eloisezeng/ros2_ws/install/local_setup.sh'
[6.110s] INFO:colcon.colcon_core.shell:Creating prefix util module '/home/eloisezeng/ros2_ws/install/_local_setup_util_sh.py'
[6.110s] INFO:colcon.colcon_core.shell:Creating prefix chain script '/home/eloisezeng/ros2_ws/install/setup.sh'
[6.111s] INFO:colcon.colcon_core.shell:Creating prefix script '/home/eloisezeng/ros2_ws/install/local_setup.bash'
[6.112s] INFO:colcon.colcon_core.shell:Creating prefix chain script '/home/eloisezeng/ros2_ws/install/setup.bash'
[6.112s] INFO:colcon.colcon_core.shell:Creating prefix script '/home/eloisezeng/ros2_ws/install/local_setup.zsh'
[6.113s] INFO:colcon.colcon_core.shell:Creating prefix chain script '/home/eloisezeng/ros2_ws/install/setup.zsh'
